[0.034s] Invoking command in '/home/trace/ros2_ws/src/build/unitree_ros': CMAKE_PREFIX_PATH=${CMAKE_PREFIX_PATH}:/home/trace/ros2_ws/src/install/vlm_api:/opt/ros/iron PS1=(ros2_venv) \[\e]0;\u@\h: \w\a\]${debian_chroot:+($debian_chroot)}\[\033[01;32m\]\u@\h\[\033[00m\]:\[\033[01;34m\]\w\[\033[00m\]\$ VIRTUAL_ENV_PROMPT=(ros2_venv) /usr/bin/cmake --build /home/trace/ros2_ws/src/build/unitree_ros -- -j6 -l6
[0.145s] [  2%] Built target unitree_ros__rosidl_generator_type_description
[0.166s] [  2%] Built target ament_cmake_python_symlink_unitree_ros
[0.195s] [  4%] Built target unitree_ros__cpp
[0.207s] [ 20%] Built target unitree_ros__rosidl_generator_c
[0.252s] [ 28%] Built target unitree_ros__rosidl_typesupport_introspection_c
[0.260s] [ 36%] Built target unitree_ros__rosidl_typesupport_fastrtps_c
[0.283s] [ 46%] Built target unitree_ros__rosidl_typesupport_cpp
[0.285s] [ 59%] Built target unitree_ros__rosidl_typesupport_fastrtps_cpp
[0.286s] [ 61%] Built target unitree_ros__rosidl_typesupport_c
[0.306s] [ 69%] Built target unitree_ros__rosidl_typesupport_introspection_cpp
[0.345s] [ 79%] Built target unitree_driver
[0.353s] [ 79%] Built target unitree_ros
[0.401s] [ 81%] Built target unitree_ros__py
[0.449s] [ 87%] Built target unitree_ros__rosidl_generator_py
[0.494s] [100%] Built target unitree_ros__rosidl_typesupport_introspection_c__pyext
[0.494s] [100%] Built target unitree_ros__rosidl_typesupport_fastrtps_c__pyext
[0.494s] [100%] Built target unitree_ros__rosidl_typesupport_c__pyext
[0.623s] running egg_info
[0.624s] writing unitree_ros.egg-info/PKG-INFO
[0.624s] writing dependency_links to unitree_ros.egg-info/dependency_links.txt
[0.624s] writing top-level names to unitree_ros.egg-info/top_level.txt
[0.629s] reading manifest file 'unitree_ros.egg-info/SOURCES.txt'
[0.631s] writing manifest file 'unitree_ros.egg-info/SOURCES.txt'
[0.698s] [100%] Built target ament_cmake_python_build_unitree_ros_egg
[0.723s] Invoked command in '/home/trace/ros2_ws/src/build/unitree_ros' returned '0': CMAKE_PREFIX_PATH=${CMAKE_PREFIX_PATH}:/home/trace/ros2_ws/src/install/vlm_api:/opt/ros/iron PS1=(ros2_venv) \[\e]0;\u@\h: \w\a\]${debian_chroot:+($debian_chroot)}\[\033[01;32m\]\u@\h\[\033[00m\]:\[\033[01;34m\]\w\[\033[00m\]\$ VIRTUAL_ENV_PROMPT=(ros2_venv) /usr/bin/cmake --build /home/trace/ros2_ws/src/build/unitree_ros -- -j6 -l6
[0.744s] Invoking command in '/home/trace/ros2_ws/src/build/unitree_ros': CMAKE_PREFIX_PATH=${CMAKE_PREFIX_PATH}:/home/trace/ros2_ws/src/install/vlm_api:/opt/ros/iron PS1=(ros2_venv) \[\e]0;\u@\h: \w\a\]${debian_chroot:+($debian_chroot)}\[\033[01;32m\]\u@\h\[\033[00m\]:\[\033[01;34m\]\w\[\033[00m\]\$ VIRTUAL_ENV_PROMPT=(ros2_venv) /usr/bin/cmake --install /home/trace/ros2_ws/src/build/unitree_ros
[0.760s] -- Install configuration: ""
[0.761s] -- Execute custom install script
[0.762s] -- Up-to-date symlink: /home/trace/ros2_ws/src/install/unitree_ros/share/ament_index/resource_index/rosidl_interfaces/unitree_ros
[0.762s] -- Up-to-date symlink: /home/trace/ros2_ws/src/install/unitree_ros/share/unitree_ros/msg/BmsState.json
[0.762s] -- Up-to-date symlink: /home/trace/ros2_ws/src/install/unitree_ros/share/unitree_ros/msg/SensorRanges.json
[0.763s] -- Up-to-date symlink: /home/trace/ros2_ws/src/install/unitree_ros/include/unitree_ros/unitree_ros/msg/bms_state.h
[0.763s] -- Up-to-date symlink: /home/trace/ros2_ws/src/install/unitree_ros/include/unitree_ros/unitree_ros/msg/detail/bms_state__functions.h
[0.764s] -- Up-to-date symlink: /home/trace/ros2_ws/src/install/unitree_ros/include/unitree_ros/unitree_ros/msg/detail/bms_state__struct.h
[0.764s] -- Up-to-date symlink: /home/trace/ros2_ws/src/install/unitree_ros/include/unitree_ros/unitree_ros/msg/detail/bms_state__type_support.h
[0.764s] -- Up-to-date symlink: /home/trace/ros2_ws/src/install/unitree_ros/include/unitree_ros/unitree_ros/msg/detail/sensor_ranges__functions.h
[0.764s] -- Up-to-date symlink: /home/trace/ros2_ws/src/install/unitree_ros/include/unitree_ros/unitree_ros/msg/detail/sensor_ranges__struct.h
[0.765s] -- Up-to-date symlink: /home/trace/ros2_ws/src/install/unitree_ros/include/unitree_ros/unitree_ros/msg/detail/sensor_ranges__type_support.h
[0.765s] -- Up-to-date symlink: /home/trace/ros2_ws/src/install/unitree_ros/include/unitree_ros/unitree_ros/msg/rosidl_generator_c__visibility_control.h
[0.765s] -- Up-to-date symlink: /home/trace/ros2_ws/src/install/unitree_ros/include/unitree_ros/unitree_ros/msg/sensor_ranges.h
[0.765s] -- Up-to-date symlink: /home/trace/ros2_ws/src/install/unitree_ros/share/unitree_ros/environment/library_path.sh
[0.766s] -- Up-to-date symlink: /home/trace/ros2_ws/src/install/unitree_ros/share/unitree_ros/environment/library_path.dsv
[0.766s] -- Up-to-date symlink: /home/trace/ros2_ws/src/install/unitree_ros/include/unitree_ros/unitree_ros/msg/detail/bms_state__rosidl_typesupport_fastrtps_c.h
[0.767s] -- Up-to-date symlink: /home/trace/ros2_ws/src/install/unitree_ros/include/unitree_ros/unitree_ros/msg/detail/sensor_ranges__rosidl_typesupport_fastrtps_c.h
[0.767s] -- Up-to-date symlink: /home/trace/ros2_ws/src/install/unitree_ros/include/unitree_ros/unitree_ros/msg/rosidl_typesupport_fastrtps_c__visibility_control.h
[0.768s] -- Up-to-date symlink: /home/trace/ros2_ws/src/install/unitree_ros/include/unitree_ros/unitree_ros/msg/detail/bms_state__rosidl_typesupport_introspection_c.h
[0.768s] -- Up-to-date symlink: /home/trace/ros2_ws/src/install/unitree_ros/include/unitree_ros/unitree_ros/msg/detail/sensor_ranges__rosidl_typesupport_introspection_c.h
[0.768s] -- Up-to-date symlink: /home/trace/ros2_ws/src/install/unitree_ros/include/unitree_ros/unitree_ros/msg/rosidl_typesupport_introspection_c__visibility_control.h
[0.769s] -- Up-to-date symlink: /home/trace/ros2_ws/src/install/unitree_ros/include/unitree_ros/unitree_ros/msg/bms_state.hpp
[0.769s] -- Up-to-date symlink: /home/trace/ros2_ws/src/install/unitree_ros/include/unitree_ros/unitree_ros/msg/detail/bms_state__builder.hpp
[0.769s] -- Up-to-date symlink: /home/trace/ros2_ws/src/install/unitree_ros/include/unitree_ros/unitree_ros/msg/detail/bms_state__struct.hpp
[0.769s] -- Up-to-date symlink: /home/trace/ros2_ws/src/install/unitree_ros/include/unitree_ros/unitree_ros/msg/detail/bms_state__traits.hpp
[0.770s] -- Up-to-date symlink: /home/trace/ros2_ws/src/install/unitree_ros/include/unitree_ros/unitree_ros/msg/detail/sensor_ranges__builder.hpp
[0.770s] -- Up-to-date symlink: /home/trace/ros2_ws/src/install/unitree_ros/include/unitree_ros/unitree_ros/msg/detail/sensor_ranges__struct.hpp
[0.770s] -- Up-to-date symlink: /home/trace/ros2_ws/src/install/unitree_ros/include/unitree_ros/unitree_ros/msg/detail/sensor_ranges__traits.hpp
[0.770s] -- Up-to-date symlink: /home/trace/ros2_ws/src/install/unitree_ros/include/unitree_ros/unitree_ros/msg/sensor_ranges.hpp
[0.771s] -- Up-to-date symlink: /home/trace/ros2_ws/src/install/unitree_ros/include/unitree_ros/unitree_ros/msg/detail/bms_state__rosidl_typesupport_fastrtps_cpp.hpp
[0.771s] -- Up-to-date symlink: /home/trace/ros2_ws/src/install/unitree_ros/include/unitree_ros/unitree_ros/msg/detail/sensor_ranges__rosidl_typesupport_fastrtps_cpp.hpp
[0.772s] -- Up-to-date symlink: /home/trace/ros2_ws/src/install/unitree_ros/include/unitree_ros/unitree_ros/msg/rosidl_typesupport_fastrtps_cpp__visibility_control.h
[0.772s] -- Up-to-date symlink: /home/trace/ros2_ws/src/install/unitree_ros/include/unitree_ros/unitree_ros/msg/detail/bms_state__rosidl_typesupport_introspection_cpp.hpp
[0.772s] -- Up-to-date symlink: /home/trace/ros2_ws/src/install/unitree_ros/include/unitree_ros/unitree_ros/msg/detail/sensor_ranges__rosidl_typesupport_introspection_cpp.hpp
[0.773s] -- Up-to-date symlink: /home/trace/ros2_ws/src/install/unitree_ros/share/unitree_ros/environment/pythonpath.sh
[0.773s] -- Up-to-date symlink: /home/trace/ros2_ws/src/install/unitree_ros/share/unitree_ros/environment/pythonpath.dsv
[0.774s] -- Up-to-date symlink: /home/trace/ros2_ws/src/install/unitree_ros/lib/python3.10/site-packages/unitree_ros-1.2.0-py3.10.egg-info/PKG-INFO
[0.774s] -- Up-to-date symlink: /home/trace/ros2_ws/src/install/unitree_ros/lib/python3.10/site-packages/unitree_ros-1.2.0-py3.10.egg-info/SOURCES.txt
[0.774s] -- Up-to-date symlink: /home/trace/ros2_ws/src/install/unitree_ros/lib/python3.10/site-packages/unitree_ros-1.2.0-py3.10.egg-info/dependency_links.txt
[0.774s] -- Up-to-date symlink: /home/trace/ros2_ws/src/install/unitree_ros/lib/python3.10/site-packages/unitree_ros-1.2.0-py3.10.egg-info/top_level.txt
[0.775s] -- Up-to-date symlink: /home/trace/ros2_ws/src/install/unitree_ros/lib/python3.10/site-packages/unitree_ros/__init__.py
[0.776s] -- Up-to-date symlink: /home/trace/ros2_ws/src/install/unitree_ros/lib/python3.10/site-packages/unitree_ros/_unitree_ros_s.ep.rosidl_typesupport_c.c
[0.776s] -- Up-to-date symlink: /home/trace/ros2_ws/src/install/unitree_ros/lib/python3.10/site-packages/unitree_ros/_unitree_ros_s.ep.rosidl_typesupport_fastrtps_c.c
[0.776s] -- Up-to-date symlink: /home/trace/ros2_ws/src/install/unitree_ros/lib/python3.10/site-packages/unitree_ros/_unitree_ros_s.ep.rosidl_typesupport_introspection_c.c
[0.776s] -- Up-to-date symlink: /home/trace/ros2_ws/src/install/unitree_ros/lib/python3.10/site-packages/unitree_ros/libunitree_ros__rosidl_generator_py.so
[0.777s] -- Up-to-date symlink: /home/trace/ros2_ws/src/install/unitree_ros/lib/python3.10/site-packages/unitree_ros/msg/__init__.py
[0.777s] -- Up-to-date symlink: /home/trace/ros2_ws/src/install/unitree_ros/lib/python3.10/site-packages/unitree_ros/msg/_bms_state.py
[0.777s] -- Up-to-date symlink: /home/trace/ros2_ws/src/install/unitree_ros/lib/python3.10/site-packages/unitree_ros/msg/_bms_state_s.c
[0.777s] -- Up-to-date symlink: /home/trace/ros2_ws/src/install/unitree_ros/lib/python3.10/site-packages/unitree_ros/msg/_sensor_ranges.py
[0.777s] -- Up-to-date symlink: /home/trace/ros2_ws/src/install/unitree_ros/lib/python3.10/site-packages/unitree_ros/msg/_sensor_ranges_s.c
[0.778s] -- Up-to-date symlink: /home/trace/ros2_ws/src/install/unitree_ros/lib/python3.10/site-packages/unitree_ros/unitree_ros_s__rosidl_typesupport_c.cpython-310-aarch64-linux-gnu.so
[0.778s] -- Up-to-date symlink: /home/trace/ros2_ws/src/install/unitree_ros/lib/python3.10/site-packages/unitree_ros/unitree_ros_s__rosidl_typesupport_fastrtps_c.cpython-310-aarch64-linux-gnu.so
[0.778s] -- Up-to-date symlink: /home/trace/ros2_ws/src/install/unitree_ros/lib/python3.10/site-packages/unitree_ros/unitree_ros_s__rosidl_typesupport_introspection_c.cpython-310-aarch64-linux-gnu.so
[0.779s] -- Up-to-date symlink: /home/trace/ros2_ws/src/install/unitree_ros/lib/python3.10/site-packages/unitree_ros/unitree_ros_s__rosidl_typesupport_fastrtps_c.cpython-310-aarch64-linux-gnu.so
[0.779s] -- Up-to-date symlink: /home/trace/ros2_ws/src/install/unitree_ros/lib/python3.10/site-packages/unitree_ros/unitree_ros_s__rosidl_typesupport_introspection_c.cpython-310-aarch64-linux-gnu.so
[0.780s] -- Up-to-date symlink: /home/trace/ros2_ws/src/install/unitree_ros/lib/python3.10/site-packages/unitree_ros/unitree_ros_s__rosidl_typesupport_c.cpython-310-aarch64-linux-gnu.so
[0.780s] -- Up-to-date symlink: /home/trace/ros2_ws/src/install/unitree_ros/share/unitree_ros/msg/BmsState.idl
[0.780s] -- Up-to-date symlink: /home/trace/ros2_ws/src/install/unitree_ros/share/unitree_ros/msg/SensorRanges.idl
[0.781s] -- Up-to-date symlink: /home/trace/ros2_ws/src/install/unitree_ros/share/unitree_ros/msg/BmsState.msg
[0.781s] -- Up-to-date symlink: /home/trace/ros2_ws/src/install/unitree_ros/share/unitree_ros/msg/SensorRanges.msg
[0.781s] -- Up-to-date symlink: /home/trace/ros2_ws/src/install/unitree_ros/include/include/unitree_ros/common_defines.hpp
[0.782s] -- Up-to-date symlink: /home/trace/ros2_ws/src/install/unitree_ros/include/include/unitree_ros/serializers.hpp
[0.782s] -- Up-to-date symlink: /home/trace/ros2_ws/src/install/unitree_ros/include/include/unitree_ros/unitree_driver.hpp
[0.782s] -- Up-to-date symlink: /home/trace/ros2_ws/src/install/unitree_ros/include/include/unitree_ros/unitree_ros.hpp
[0.783s] -- Up-to-date symlink: /home/trace/ros2_ws/src/install/unitree_ros/include/include/unitree_legged_sdk/a1_const.h
[0.783s] -- Up-to-date symlink: /home/trace/ros2_ws/src/install/unitree_ros/include/include/unitree_legged_sdk/aliengo_const.h
[0.783s] -- Up-to-date symlink: /home/trace/ros2_ws/src/install/unitree_ros/include/include/unitree_legged_sdk/b1_const.h
[0.783s] -- Up-to-date symlink: /home/trace/ros2_ws/src/install/unitree_ros/include/include/unitree_legged_sdk/comm.h
[0.784s] -- Up-to-date symlink: /home/trace/ros2_ws/src/install/unitree_ros/include/include/unitree_legged_sdk/go1_const.h
[0.784s] -- Up-to-date symlink: /home/trace/ros2_ws/src/install/unitree_ros/include/include/unitree_legged_sdk/joystick.h
[0.784s] -- Up-to-date symlink: /home/trace/ros2_ws/src/install/unitree_ros/include/include/unitree_legged_sdk/loop.h
[0.784s] -- Up-to-date symlink: /home/trace/ros2_ws/src/install/unitree_ros/include/include/unitree_legged_sdk/quadruped.h
[0.784s] -- Up-to-date symlink: /home/trace/ros2_ws/src/install/unitree_ros/include/include/unitree_legged_sdk/safety.h
[0.785s] -- Up-to-date symlink: /home/trace/ros2_ws/src/install/unitree_ros/include/include/unitree_legged_sdk/udp.h
[0.785s] -- Up-to-date symlink: /home/trace/ros2_ws/src/install/unitree_ros/include/include/unitree_legged_sdk/unitree_legged_sdk.h
[0.785s] -- Up-to-date symlink: /home/trace/ros2_ws/src/install/unitree_ros/include/include/FaceLightClient.h
[0.785s] -- Up-to-date symlink: /home/trace/ros2_ws/src/install/unitree_ros/include/include/LEDPixel.h
[0.786s] -- Up-to-date symlink: /home/trace/ros2_ws/src/install/unitree_ros/share/unitree_ros/config/params.yaml
[0.786s] -- Up-to-date symlink: /home/trace/ros2_ws/src/install/unitree_ros/share/unitree_ros/launch/unitree_driver_launch.py
[0.787s] -- Up-to-date symlink: /home/trace/ros2_ws/src/install/unitree_ros/lib/libfaceLight_SDK_arm64.so
[0.787s] -- Up-to-date symlink: /home/trace/ros2_ws/src/install/unitree_ros/share/ament_index/resource_index/package_run_dependencies/unitree_ros
[0.787s] -- Up-to-date symlink: /home/trace/ros2_ws/src/install/unitree_ros/share/ament_index/resource_index/parent_prefix_path/unitree_ros
[0.788s] -- Up-to-date symlink: /home/trace/ros2_ws/src/install/unitree_ros/share/unitree_ros/environment/ament_prefix_path.sh
[0.788s] -- Up-to-date symlink: /home/trace/ros2_ws/src/install/unitree_ros/share/unitree_ros/environment/ament_prefix_path.dsv
[0.789s] -- Up-to-date symlink: /home/trace/ros2_ws/src/install/unitree_ros/share/unitree_ros/environment/path.sh
[0.789s] -- Up-to-date symlink: /home/trace/ros2_ws/src/install/unitree_ros/share/unitree_ros/environment/path.dsv
[0.789s] -- Up-to-date symlink: /home/trace/ros2_ws/src/install/unitree_ros/share/unitree_ros/local_setup.bash
[0.790s] -- Up-to-date symlink: /home/trace/ros2_ws/src/install/unitree_ros/share/unitree_ros/local_setup.sh
[0.790s] -- Up-to-date symlink: /home/trace/ros2_ws/src/install/unitree_ros/share/unitree_ros/local_setup.zsh
[0.790s] -- Up-to-date symlink: /home/trace/ros2_ws/src/install/unitree_ros/share/unitree_ros/local_setup.dsv
[0.790s] -- Symlinking: /home/trace/ros2_ws/src/install/unitree_ros/share/unitree_ros/package.dsv
[0.808s] -- Up-to-date symlink: /home/trace/ros2_ws/src/install/unitree_ros/share/ament_index/resource_index/packages/unitree_ros
[0.809s] -- Up-to-date symlink: /home/trace/ros2_ws/src/install/unitree_ros/share/unitree_ros/cmake/rosidl_cmake-extras.cmake
[0.809s] -- Up-to-date symlink: /home/trace/ros2_ws/src/install/unitree_ros/share/unitree_ros/cmake/ament_cmake_export_dependencies-extras.cmake
[0.809s] -- Up-to-date symlink: /home/trace/ros2_ws/src/install/unitree_ros/share/unitree_ros/cmake/ament_cmake_export_include_directories-extras.cmake
[0.809s] -- Up-to-date symlink: /home/trace/ros2_ws/src/install/unitree_ros/share/unitree_ros/cmake/ament_cmake_export_libraries-extras.cmake
[0.810s] -- Up-to-date symlink: /home/trace/ros2_ws/src/install/unitree_ros/share/unitree_ros/cmake/ament_cmake_export_targets-extras.cmake
[0.810s] -- Up-to-date symlink: /home/trace/ros2_ws/src/install/unitree_ros/share/unitree_ros/cmake/rosidl_cmake_export_typesupport_targets-extras.cmake
[0.810s] -- Up-to-date symlink: /home/trace/ros2_ws/src/install/unitree_ros/share/unitree_ros/cmake/rosidl_cmake_export_typesupport_libraries-extras.cmake
[0.811s] -- Up-to-date symlink: /home/trace/ros2_ws/src/install/unitree_ros/share/unitree_ros/cmake/unitree_rosConfig.cmake
[0.811s] -- Up-to-date symlink: /home/trace/ros2_ws/src/install/unitree_ros/share/unitree_ros/cmake/unitree_rosConfig-version.cmake
[0.811s] -- Up-to-date symlink: /home/trace/ros2_ws/src/install/unitree_ros/share/unitree_ros/package.xml
[0.812s] -- Up-to-date: /home/trace/ros2_ws/src/install/unitree_ros/lib/libunitree_ros__rosidl_generator_c.so
[0.812s] -- Up-to-date: /home/trace/ros2_ws/src/install/unitree_ros/lib/libunitree_ros__rosidl_typesupport_fastrtps_c.so
[0.813s] -- Up-to-date: /home/trace/ros2_ws/src/install/unitree_ros/lib/libunitree_ros__rosidl_typesupport_introspection_c.so
[0.813s] -- Up-to-date: /home/trace/ros2_ws/src/install/unitree_ros/lib/libunitree_ros__rosidl_typesupport_c.so
[0.813s] -- Up-to-date: /home/trace/ros2_ws/src/install/unitree_ros/lib/libunitree_ros__rosidl_typesupport_fastrtps_cpp.so
[0.814s] -- Up-to-date: /home/trace/ros2_ws/src/install/unitree_ros/lib/libunitree_ros__rosidl_typesupport_introspection_cpp.so
[0.814s] -- Up-to-date: /home/trace/ros2_ws/src/install/unitree_ros/lib/libunitree_ros__rosidl_typesupport_cpp.so
[0.876s] Listing '/home/trace/ros2_ws/src/install/unitree_ros/lib/python3.10/site-packages/unitree_ros'...
[0.877s] Listing '/home/trace/ros2_ws/src/install/unitree_ros/lib/python3.10/site-packages/unitree_ros/msg'...
[0.888s] -- Up-to-date: /home/trace/ros2_ws/src/install/unitree_ros/lib/libunitree_ros__rosidl_generator_py.so
[0.889s] -- Up-to-date: /home/trace/ros2_ws/src/install/unitree_ros/lib/unitree_ros/unitree_driver
[0.889s] -- Up-to-date: /home/trace/ros2_ws/src/install/unitree_ros/share/unitree_ros/cmake/export_unitree_ros__rosidl_generator_cExport.cmake
[0.889s] -- Up-to-date: /home/trace/ros2_ws/src/install/unitree_ros/share/unitree_ros/cmake/export_unitree_ros__rosidl_generator_cExport-noconfig.cmake
[0.890s] -- Up-to-date: /home/trace/ros2_ws/src/install/unitree_ros/share/unitree_ros/cmake/export_unitree_ros__rosidl_typesupport_fastrtps_cExport.cmake
[0.890s] -- Up-to-date: /home/trace/ros2_ws/src/install/unitree_ros/share/unitree_ros/cmake/export_unitree_ros__rosidl_typesupport_fastrtps_cExport-noconfig.cmake
[0.890s] -- Up-to-date: /home/trace/ros2_ws/src/install/unitree_ros/share/unitree_ros/cmake/unitree_ros__rosidl_typesupport_introspection_cExport.cmake
[0.890s] -- Up-to-date: /home/trace/ros2_ws/src/install/unitree_ros/share/unitree_ros/cmake/unitree_ros__rosidl_typesupport_introspection_cExport-noconfig.cmake
[0.890s] -- Up-to-date: /home/trace/ros2_ws/src/install/unitree_ros/share/unitree_ros/cmake/unitree_ros__rosidl_typesupport_cExport.cmake
[0.892s] -- Up-to-date: /home/trace/ros2_ws/src/install/unitree_ros/share/unitree_ros/cmake/unitree_ros__rosidl_typesupport_cExport-noconfig.cmake
[0.892s] -- Up-to-date: /home/trace/ros2_ws/src/install/unitree_ros/share/unitree_ros/cmake/export_unitree_ros__rosidl_generator_cppExport.cmake
[0.893s] -- Up-to-date: /home/trace/ros2_ws/src/install/unitree_ros/share/unitree_ros/cmake/export_unitree_ros__rosidl_typesupport_fastrtps_cppExport.cmake
[0.893s] -- Up-to-date: /home/trace/ros2_ws/src/install/unitree_ros/share/unitree_ros/cmake/export_unitree_ros__rosidl_typesupport_fastrtps_cppExport-noconfig.cmake
[0.893s] -- Up-to-date: /home/trace/ros2_ws/src/install/unitree_ros/share/unitree_ros/cmake/unitree_ros__rosidl_typesupport_introspection_cppExport.cmake
[0.894s] -- Up-to-date: /home/trace/ros2_ws/src/install/unitree_ros/share/unitree_ros/cmake/unitree_ros__rosidl_typesupport_introspection_cppExport-noconfig.cmake
[0.894s] -- Up-to-date: /home/trace/ros2_ws/src/install/unitree_ros/share/unitree_ros/cmake/unitree_ros__rosidl_typesupport_cppExport.cmake
[0.894s] -- Up-to-date: /home/trace/ros2_ws/src/install/unitree_ros/share/unitree_ros/cmake/unitree_ros__rosidl_typesupport_cppExport-noconfig.cmake
[0.894s] -- Up-to-date: /home/trace/ros2_ws/src/install/unitree_ros/share/unitree_ros/cmake/export_unitree_ros__rosidl_generator_pyExport.cmake
[0.895s] -- Up-to-date: /home/trace/ros2_ws/src/install/unitree_ros/share/unitree_ros/cmake/export_unitree_ros__rosidl_generator_pyExport-noconfig.cmake
[0.901s] Invoked command in '/home/trace/ros2_ws/src/build/unitree_ros' returned '0': CMAKE_PREFIX_PATH=${CMAKE_PREFIX_PATH}:/home/trace/ros2_ws/src/install/vlm_api:/opt/ros/iron PS1=(ros2_venv) \[\e]0;\u@\h: \w\a\]${debian_chroot:+($debian_chroot)}\[\033[01;32m\]\u@\h\[\033[00m\]:\[\033[01;34m\]\w\[\033[00m\]\$ VIRTUAL_ENV_PROMPT=(ros2_venv) /usr/bin/cmake --install /home/trace/ros2_ws/src/build/unitree_ros
