-- The C compiler identification is GNU 11.4.0
-- The CXX compiler identification is GNU 11.4.0
-- Detecting C compiler ABI info
-- Detecting C compiler ABI info - done
-- Check for working C compiler: /usr/bin/cc - skipped
-- Detecting C compile features
-- Detecting C compile features - done
-- Detecting CXX compiler ABI info
-- Detecting CXX compiler ABI info - done
-- Check for working CXX compiler: /usr/bin/c++ - skipped
-- Detecting CXX compile features
-- Detecting CXX compile features - done
-- Found rosidl_default_generators: 1.5.0 (/opt/ros/iron/share/rosidl_default_generators/cmake)
-- Found Python3: /home/trace/ros2_venv/bin/python3.10 (found version "3.10.12") found components: Interpreter 
-- Override CMake install command with custom implementation using symlinks instead of copying resources
-- Using all available rosidl_typesupport_c: rosidl_typesupport_fastrtps_c;rosidl_typesupport_introspection_c
-- Using all available rosidl_typesupport_cpp: rosidl_typesupport_fastrtps_cpp;rosidl_typesupport_introspection_cpp
-- Found rosidl_adapter: 4.0.1 (/opt/ros/iron/share/rosidl_adapter/cmake)
-- Found rclcpp: 21.0.8 (/opt/ros/iron/share/rclcpp/cmake)
-- Found rmw_implementation_cmake: 7.1.0 (/opt/ros/iron/share/rmw_implementation_cmake/cmake)
-- Found rmw_fastrtps_cpp: 7.1.4 (/opt/ros/iron/share/rmw_fastrtps_cpp/cmake)
-- Found OpenSSL: /usr/lib/aarch64-linux-gnu/libcrypto.so (found version "3.0.2")  
-- Found FastRTPS: /opt/ros/iron/include  
-- Using RMW implementation 'rmw_fastrtps_cpp' as default
-- Found std_msgs: 5.0.1 (/opt/ros/iron/share/std_msgs/cmake)
-- Found nav_msgs: 5.0.1 (/opt/ros/iron/share/nav_msgs/cmake)
-- Found sensor_msgs: 5.0.1 (/opt/ros/iron/share/sensor_msgs/cmake)
-- Found tf2: 0.31.8 (/opt/ros/iron/share/tf2/cmake)
-- Found tf2_ros: 0.31.8 (/opt/ros/iron/share/tf2_ros/cmake)
-- Found ament_cmake_ros: 0.11.2 (/opt/ros/iron/share/ament_cmake_ros/cmake)
-- Using all available rosidl_typesupport_c: rosidl_typesupport_fastrtps_c;rosidl_typesupport_introspection_c
-- Using all available rosidl_typesupport_cpp: rosidl_typesupport_fastrtps_cpp;rosidl_typesupport_introspection_cpp
-- Found PythonInterp: /home/trace/ros2_venv/bin/python3 (found suitable version "3.10.12", minimum required is "3.6") 
-- Found python_cmake_module: 0.10.2 (/opt/ros/iron/share/python_cmake_module/cmake)
-- Found PythonLibs: /usr/lib/aarch64-linux-gnu/libpython3.10.so (found suitable version "3.10.12", minimum required is "3.5") 
-- Using PYTHON_EXECUTABLE: /home/trace/ros2_venv/bin/python3
-- Using PYTHON_INCLUDE_DIRS: /usr/include/python3.10
-- Using PYTHON_LIBRARIES: /usr/lib/aarch64-linux-gnu/libpython3.10.so
-- Found PythonExtra: .so  
-- Configuring done
-- Generating done
-- Build files have been written to: /home/trace/ros2_ws/src/build/unitree_ros
[  2%] [34m[1mGenerating type hashes for ROS interfaces[0m
[  2%] Built target ament_cmake_python_symlink_unitree_ros
running egg_info
creating unitree_ros.egg-info
writing unitree_ros.egg-info/PKG-INFO
writing dependency_links to unitree_ros.egg-info/dependency_links.txt
writing top-level names to unitree_ros.egg-info/top_level.txt
writing manifest file 'unitree_ros.egg-info/SOURCES.txt'
reading manifest file 'unitree_ros.egg-info/SOURCES.txt'
writing manifest file 'unitree_ros.egg-info/SOURCES.txt'
[  2%] Built target ament_cmake_python_build_unitree_ros_egg
[  2%] Built target unitree_ros__rosidl_generator_type_description
[  4%] [34m[1mGenerating C code for ROS interfaces[0m
[  6%] [34m[1mGenerating C++ code for ROS interfaces[0m
[  6%] Built target unitree_ros__cpp
[  8%] [32mBuilding C object CMakeFiles/unitree_ros__rosidl_generator_c.dir/rosidl_generator_c/unitree_ros/msg/detail/bms_state__description.c.o[0m
[ 12%] [32mBuilding C object CMakeFiles/unitree_ros__rosidl_generator_c.dir/rosidl_generator_c/unitree_ros/msg/detail/sensor_ranges__functions.c.o[0m
[ 12%] [32mBuilding C object CMakeFiles/unitree_ros__rosidl_generator_c.dir/rosidl_generator_c/unitree_ros/msg/detail/bms_state__type_support.c.o[0m
[ 14%] [32mBuilding C object CMakeFiles/unitree_ros__rosidl_generator_c.dir/rosidl_generator_c/unitree_ros/msg/detail/sensor_ranges__type_support.c.o[0m
[ 16%] [32mBuilding C object CMakeFiles/unitree_ros__rosidl_generator_c.dir/rosidl_generator_c/unitree_ros/msg/detail/bms_state__functions.c.o[0m
[ 18%] [32mBuilding C object CMakeFiles/unitree_ros__rosidl_generator_c.dir/rosidl_generator_c/unitree_ros/msg/detail/sensor_ranges__description.c.o[0m
[ 20%] [32m[1mLinking C shared library libunitree_ros__rosidl_generator_c.so[0m
[ 20%] Built target unitree_ros__rosidl_generator_c
[ 26%] [34m[1mGenerating C type support dispatch for ROS interfaces[0m
[ 26%] [34m[1mGenerating C++ type support dispatch for ROS interfaces[0m
[ 26%] [34m[1mGenerating C type support for eProsima Fast-RTPS[0m
[ 28%] [34m[1mGenerating C++ introspection for ROS interfaces[0m
[ 30%] [34m[1mGenerating C++ type support for eProsima Fast-RTPS[0m
[ 32%] [34m[1mGenerating C introspection for ROS interfaces[0m
[ 34%] [32mBuilding CXX object CMakeFiles/unitree_ros__rosidl_typesupport_cpp.dir/rosidl_typesupport_cpp/unitree_ros/msg/bms_state__type_support.cpp.o[0m
[ 36%] [32mBuilding CXX object CMakeFiles/unitree_ros__rosidl_typesupport_c.dir/rosidl_typesupport_c/unitree_ros/msg/bms_state__type_support.cpp.o[0m
[ 38%] [32mBuilding C object CMakeFiles/unitree_ros__rosidl_typesupport_introspection_c.dir/rosidl_typesupport_introspection_c/unitree_ros/msg/detail/bms_state__type_support.c.o[0m
[ 40%] [32mBuilding CXX object CMakeFiles/unitree_ros__rosidl_typesupport_introspection_cpp.dir/rosidl_typesupport_introspection_cpp/unitree_ros/msg/detail/bms_state__type_support.cpp.o[0m
[ 42%] [32mBuilding CXX object CMakeFiles/unitree_ros__rosidl_typesupport_fastrtps_cpp.dir/rosidl_typesupport_fastrtps_cpp/unitree_ros/msg/detail/dds_fastrtps/bms_state__type_support.cpp.o[0m
[ 44%] [32mBuilding CXX object CMakeFiles/unitree_ros__rosidl_typesupport_c.dir/rosidl_typesupport_c/unitree_ros/msg/sensor_ranges__type_support.cpp.o[0m
[ 46%] [32mBuilding C object CMakeFiles/unitree_ros__rosidl_typesupport_introspection_c.dir/rosidl_typesupport_introspection_c/unitree_ros/msg/detail/sensor_ranges__type_support.c.o[0m
[ 48%] [32mBuilding CXX object CMakeFiles/unitree_ros__rosidl_typesupport_fastrtps_c.dir/rosidl_typesupport_fastrtps_c/unitree_ros/msg/detail/bms_state__type_support_c.cpp.o[0m
[ 51%] [32m[1mLinking CXX shared library libunitree_ros__rosidl_typesupport_c.so[0m
[ 53%] [32m[1mLinking C shared library libunitree_ros__rosidl_typesupport_introspection_c.so[0m
[ 53%] Built target unitree_ros__rosidl_typesupport_c
[ 53%] Built target unitree_ros__rosidl_typesupport_introspection_c
[ 57%] [32mBuilding CXX object CMakeFiles/unitree_ros__rosidl_typesupport_cpp.dir/rosidl_typesupport_cpp/unitree_ros/msg/sensor_ranges__type_support.cpp.o[0m
[ 57%] [32mBuilding CXX object CMakeFiles/unitree_ros__rosidl_typesupport_fastrtps_c.dir/rosidl_typesupport_fastrtps_c/unitree_ros/msg/detail/sensor_ranges__type_support_c.cpp.o[0m
[ 59%] [32mBuilding CXX object CMakeFiles/unitree_ros__rosidl_typesupport_introspection_cpp.dir/rosidl_typesupport_introspection_cpp/unitree_ros/msg/detail/sensor_ranges__type_support.cpp.o[0m
[ 61%] [32mBuilding CXX object CMakeFiles/unitree_ros__rosidl_typesupport_fastrtps_cpp.dir/rosidl_typesupport_fastrtps_cpp/unitree_ros/msg/detail/dds_fastrtps/sensor_ranges__type_support.cpp.o[0m
[ 63%] [32m[1mLinking CXX shared library libunitree_ros__rosidl_typesupport_fastrtps_c.so[0m
[ 65%] [32m[1mLinking CXX shared library libunitree_ros__rosidl_typesupport_cpp.so[0m
[ 65%] Built target unitree_ros__rosidl_typesupport_cpp
[ 65%] Built target unitree_ros__rosidl_typesupport_fastrtps_c
[ 69%] [32mBuilding CXX object CMakeFiles/unitree_driver.dir/src/unitree_ros.cpp.o[0m
[ 69%] [32mBuilding CXX object CMakeFiles/unitree_driver.dir/src/serializers.cpp.o[0m
[ 71%] [32mBuilding CXX object CMakeFiles/unitree_driver.dir/src/unitree_ros_node.cpp.o[0m
[ 73%] [32mBuilding CXX object CMakeFiles/unitree_driver.dir/src/unitree_driver.cpp.o[0m
[ 75%] [32m[1mLinking CXX shared library libunitree_ros__rosidl_typesupport_introspection_cpp.so[0m
[ 75%] Built target unitree_ros__rosidl_typesupport_introspection_cpp
[ 77%] [32m[1mLinking CXX shared library libunitree_ros__rosidl_typesupport_fastrtps_cpp.so[0m
[ 77%] Built target unitree_ros__rosidl_typesupport_fastrtps_cpp
[ 77%] Built target unitree_ros
[ 79%] [34m[1mGenerating Python code for ROS interfaces[0m
[ 79%] Built target unitree_ros__py
[ 83%] [32mBuilding C object CMakeFiles/unitree_ros__rosidl_generator_py.dir/rosidl_generator_py/unitree_ros/msg/_bms_state_s.c.o[0m
[ 83%] [32mBuilding C object CMakeFiles/unitree_ros__rosidl_generator_py.dir/rosidl_generator_py/unitree_ros/msg/_sensor_ranges_s.c.o[0m
[ 85%] [32m[1mLinking C shared library rosidl_generator_py/unitree_ros/libunitree_ros__rosidl_generator_py.so[0m
[ 85%] Built target unitree_ros__rosidl_generator_py
[ 89%] [32mBuilding C object CMakeFiles/unitree_ros__rosidl_typesupport_fastrtps_c__pyext.dir/rosidl_generator_py/unitree_ros/_unitree_ros_s.ep.rosidl_typesupport_fastrtps_c.c.o[0m
[ 89%] [32mBuilding C object CMakeFiles/unitree_ros__rosidl_typesupport_c__pyext.dir/rosidl_generator_py/unitree_ros/_unitree_ros_s.ep.rosidl_typesupport_c.c.o[0m
[ 91%] [32mBuilding C object CMakeFiles/unitree_ros__rosidl_typesupport_introspection_c__pyext.dir/rosidl_generator_py/unitree_ros/_unitree_ros_s.ep.rosidl_typesupport_introspection_c.c.o[0m
[ 93%] [32m[1mLinking C shared library rosidl_generator_py/unitree_ros/unitree_ros_s__rosidl_typesupport_c.cpython-310-aarch64-linux-gnu.so[0m
[ 95%] [32m[1mLinking C shared library rosidl_generator_py/unitree_ros/unitree_ros_s__rosidl_typesupport_fastrtps_c.cpython-310-aarch64-linux-gnu.so[0m
[ 97%] [32m[1mLinking C shared library rosidl_generator_py/unitree_ros/unitree_ros_s__rosidl_typesupport_introspection_c.cpython-310-aarch64-linux-gnu.so[0m
[ 97%] Built target unitree_ros__rosidl_typesupport_fastrtps_c__pyext
[ 97%] Built target unitree_ros__rosidl_typesupport_c__pyext
[ 97%] Built target unitree_ros__rosidl_typesupport_introspection_c__pyext
[100%] [32m[1mLinking CXX executable unitree_driver[0m
[100%] Built target unitree_driver
-- Install configuration: ""
-- Execute custom install script
-- Symlinking: /home/trace/ros2_ws/src/install/unitree_ros/share/ament_index/resource_index/rosidl_interfaces/unitree_ros
-- Symlinking: /home/trace/ros2_ws/src/install/unitree_ros/share/unitree_ros/msg/BmsState.json
-- Symlinking: /home/trace/ros2_ws/src/install/unitree_ros/share/unitree_ros/msg/SensorRanges.json
-- Symlinking: /home/trace/ros2_ws/src/install/unitree_ros/include/unitree_ros/unitree_ros/msg/bms_state.h
-- Symlinking: /home/trace/ros2_ws/src/install/unitree_ros/include/unitree_ros/unitree_ros/msg/detail/bms_state__functions.h
-- Symlinking: /home/trace/ros2_ws/src/install/unitree_ros/include/unitree_ros/unitree_ros/msg/detail/bms_state__struct.h
-- Symlinking: /home/trace/ros2_ws/src/install/unitree_ros/include/unitree_ros/unitree_ros/msg/detail/bms_state__type_support.h
-- Symlinking: /home/trace/ros2_ws/src/install/unitree_ros/include/unitree_ros/unitree_ros/msg/detail/sensor_ranges__functions.h
-- Symlinking: /home/trace/ros2_ws/src/install/unitree_ros/include/unitree_ros/unitree_ros/msg/detail/sensor_ranges__struct.h
-- Symlinking: /home/trace/ros2_ws/src/install/unitree_ros/include/unitree_ros/unitree_ros/msg/detail/sensor_ranges__type_support.h
-- Symlinking: /home/trace/ros2_ws/src/install/unitree_ros/include/unitree_ros/unitree_ros/msg/rosidl_generator_c__visibility_control.h
-- Symlinking: /home/trace/ros2_ws/src/install/unitree_ros/include/unitree_ros/unitree_ros/msg/sensor_ranges.h
-- Symlinking: /home/trace/ros2_ws/src/install/unitree_ros/share/unitree_ros/environment/library_path.sh
-- Symlinking: /home/trace/ros2_ws/src/install/unitree_ros/share/unitree_ros/environment/library_path.dsv
-- Symlinking: /home/trace/ros2_ws/src/install/unitree_ros/include/unitree_ros/unitree_ros/msg/detail/bms_state__rosidl_typesupport_fastrtps_c.h
-- Symlinking: /home/trace/ros2_ws/src/install/unitree_ros/include/unitree_ros/unitree_ros/msg/detail/sensor_ranges__rosidl_typesupport_fastrtps_c.h
-- Symlinking: /home/trace/ros2_ws/src/install/unitree_ros/include/unitree_ros/unitree_ros/msg/rosidl_typesupport_fastrtps_c__visibility_control.h
-- Symlinking: /home/trace/ros2_ws/src/install/unitree_ros/include/unitree_ros/unitree_ros/msg/detail/bms_state__rosidl_typesupport_introspection_c.h
-- Symlinking: /home/trace/ros2_ws/src/install/unitree_ros/include/unitree_ros/unitree_ros/msg/detail/sensor_ranges__rosidl_typesupport_introspection_c.h
-- Symlinking: /home/trace/ros2_ws/src/install/unitree_ros/include/unitree_ros/unitree_ros/msg/rosidl_typesupport_introspection_c__visibility_control.h
-- Symlinking: /home/trace/ros2_ws/src/install/unitree_ros/include/unitree_ros/unitree_ros/msg/bms_state.hpp
-- Symlinking: /home/trace/ros2_ws/src/install/unitree_ros/include/unitree_ros/unitree_ros/msg/detail/bms_state__builder.hpp
-- Symlinking: /home/trace/ros2_ws/src/install/unitree_ros/include/unitree_ros/unitree_ros/msg/detail/bms_state__struct.hpp
-- Symlinking: /home/trace/ros2_ws/src/install/unitree_ros/include/unitree_ros/unitree_ros/msg/detail/bms_state__traits.hpp
-- Symlinking: /home/trace/ros2_ws/src/install/unitree_ros/include/unitree_ros/unitree_ros/msg/detail/sensor_ranges__builder.hpp
-- Symlinking: /home/trace/ros2_ws/src/install/unitree_ros/include/unitree_ros/unitree_ros/msg/detail/sensor_ranges__struct.hpp
-- Symlinking: /home/trace/ros2_ws/src/install/unitree_ros/include/unitree_ros/unitree_ros/msg/detail/sensor_ranges__traits.hpp
-- Symlinking: /home/trace/ros2_ws/src/install/unitree_ros/include/unitree_ros/unitree_ros/msg/sensor_ranges.hpp
-- Symlinking: /home/trace/ros2_ws/src/install/unitree_ros/include/unitree_ros/unitree_ros/msg/detail/bms_state__rosidl_typesupport_fastrtps_cpp.hpp
-- Symlinking: /home/trace/ros2_ws/src/install/unitree_ros/include/unitree_ros/unitree_ros/msg/detail/sensor_ranges__rosidl_typesupport_fastrtps_cpp.hpp
-- Symlinking: /home/trace/ros2_ws/src/install/unitree_ros/include/unitree_ros/unitree_ros/msg/rosidl_typesupport_fastrtps_cpp__visibility_control.h
-- Symlinking: /home/trace/ros2_ws/src/install/unitree_ros/include/unitree_ros/unitree_ros/msg/detail/bms_state__rosidl_typesupport_introspection_cpp.hpp
-- Symlinking: /home/trace/ros2_ws/src/install/unitree_ros/include/unitree_ros/unitree_ros/msg/detail/sensor_ranges__rosidl_typesupport_introspection_cpp.hpp
-- Symlinking: /home/trace/ros2_ws/src/install/unitree_ros/share/unitree_ros/environment/pythonpath.sh
-- Symlinking: /home/trace/ros2_ws/src/install/unitree_ros/share/unitree_ros/environment/pythonpath.dsv
-- Symlinking: /home/trace/ros2_ws/src/install/unitree_ros/lib/python3.10/site-packages/unitree_ros-1.2.0-py3.10.egg-info/PKG-INFO
-- Symlinking: /home/trace/ros2_ws/src/install/unitree_ros/lib/python3.10/site-packages/unitree_ros-1.2.0-py3.10.egg-info/SOURCES.txt
-- Symlinking: /home/trace/ros2_ws/src/install/unitree_ros/lib/python3.10/site-packages/unitree_ros-1.2.0-py3.10.egg-info/dependency_links.txt
-- Symlinking: /home/trace/ros2_ws/src/install/unitree_ros/lib/python3.10/site-packages/unitree_ros-1.2.0-py3.10.egg-info/top_level.txt
-- Symlinking: /home/trace/ros2_ws/src/install/unitree_ros/lib/python3.10/site-packages/unitree_ros/__init__.py
-- Symlinking: /home/trace/ros2_ws/src/install/unitree_ros/lib/python3.10/site-packages/unitree_ros/_unitree_ros_s.ep.rosidl_typesupport_c.c
-- Symlinking: /home/trace/ros2_ws/src/install/unitree_ros/lib/python3.10/site-packages/unitree_ros/_unitree_ros_s.ep.rosidl_typesupport_fastrtps_c.c
-- Symlinking: /home/trace/ros2_ws/src/install/unitree_ros/lib/python3.10/site-packages/unitree_ros/_unitree_ros_s.ep.rosidl_typesupport_introspection_c.c
-- Symlinking: /home/trace/ros2_ws/src/install/unitree_ros/lib/python3.10/site-packages/unitree_ros/libunitree_ros__rosidl_generator_py.so
-- Symlinking: /home/trace/ros2_ws/src/install/unitree_ros/lib/python3.10/site-packages/unitree_ros/msg/__init__.py
-- Symlinking: /home/trace/ros2_ws/src/install/unitree_ros/lib/python3.10/site-packages/unitree_ros/msg/_bms_state.py
-- Symlinking: /home/trace/ros2_ws/src/install/unitree_ros/lib/python3.10/site-packages/unitree_ros/msg/_bms_state_s.c
-- Symlinking: /home/trace/ros2_ws/src/install/unitree_ros/lib/python3.10/site-packages/unitree_ros/msg/_sensor_ranges.py
-- Symlinking: /home/trace/ros2_ws/src/install/unitree_ros/lib/python3.10/site-packages/unitree_ros/msg/_sensor_ranges_s.c
-- Symlinking: /home/trace/ros2_ws/src/install/unitree_ros/lib/python3.10/site-packages/unitree_ros/unitree_ros_s__rosidl_typesupport_c.cpython-310-aarch64-linux-gnu.so
-- Symlinking: /home/trace/ros2_ws/src/install/unitree_ros/lib/python3.10/site-packages/unitree_ros/unitree_ros_s__rosidl_typesupport_fastrtps_c.cpython-310-aarch64-linux-gnu.so
-- Symlinking: /home/trace/ros2_ws/src/install/unitree_ros/lib/python3.10/site-packages/unitree_ros/unitree_ros_s__rosidl_typesupport_introspection_c.cpython-310-aarch64-linux-gnu.so
-- Up-to-date symlink: /home/trace/ros2_ws/src/install/unitree_ros/lib/python3.10/site-packages/unitree_ros/unitree_ros_s__rosidl_typesupport_fastrtps_c.cpython-310-aarch64-linux-gnu.so
-- Up-to-date symlink: /home/trace/ros2_ws/src/install/unitree_ros/lib/python3.10/site-packages/unitree_ros/unitree_ros_s__rosidl_typesupport_introspection_c.cpython-310-aarch64-linux-gnu.so
-- Up-to-date symlink: /home/trace/ros2_ws/src/install/unitree_ros/lib/python3.10/site-packages/unitree_ros/unitree_ros_s__rosidl_typesupport_c.cpython-310-aarch64-linux-gnu.so
-- Symlinking: /home/trace/ros2_ws/src/install/unitree_ros/share/unitree_ros/msg/BmsState.idl
-- Symlinking: /home/trace/ros2_ws/src/install/unitree_ros/share/unitree_ros/msg/SensorRanges.idl
-- Symlinking: /home/trace/ros2_ws/src/install/unitree_ros/share/unitree_ros/msg/BmsState.msg
-- Symlinking: /home/trace/ros2_ws/src/install/unitree_ros/share/unitree_ros/msg/SensorRanges.msg
-- Symlinking: /home/trace/ros2_ws/src/install/unitree_ros/include/include/unitree_ros/common_defines.hpp
-- Symlinking: /home/trace/ros2_ws/src/install/unitree_ros/include/include/unitree_ros/serializers.hpp
-- Symlinking: /home/trace/ros2_ws/src/install/unitree_ros/include/include/unitree_ros/unitree_driver.hpp
-- Symlinking: /home/trace/ros2_ws/src/install/unitree_ros/include/include/unitree_ros/unitree_ros.hpp
-- Symlinking: /home/trace/ros2_ws/src/install/unitree_ros/include/include/unitree_legged_sdk/a1_const.h
-- Symlinking: /home/trace/ros2_ws/src/install/unitree_ros/include/include/unitree_legged_sdk/aliengo_const.h
-- Symlinking: /home/trace/ros2_ws/src/install/unitree_ros/include/include/unitree_legged_sdk/b1_const.h
-- Symlinking: /home/trace/ros2_ws/src/install/unitree_ros/include/include/unitree_legged_sdk/comm.h
-- Symlinking: /home/trace/ros2_ws/src/install/unitree_ros/include/include/unitree_legged_sdk/go1_const.h
-- Symlinking: /home/trace/ros2_ws/src/install/unitree_ros/include/include/unitree_legged_sdk/joystick.h
-- Symlinking: /home/trace/ros2_ws/src/install/unitree_ros/include/include/unitree_legged_sdk/loop.h
-- Symlinking: /home/trace/ros2_ws/src/install/unitree_ros/include/include/unitree_legged_sdk/quadruped.h
-- Symlinking: /home/trace/ros2_ws/src/install/unitree_ros/include/include/unitree_legged_sdk/safety.h
-- Symlinking: /home/trace/ros2_ws/src/install/unitree_ros/include/include/unitree_legged_sdk/udp.h
-- Symlinking: /home/trace/ros2_ws/src/install/unitree_ros/include/include/unitree_legged_sdk/unitree_legged_sdk.h
-- Symlinking: /home/trace/ros2_ws/src/install/unitree_ros/include/include/FaceLightClient.h
-- Symlinking: /home/trace/ros2_ws/src/install/unitree_ros/include/include/LEDPixel.h
-- Symlinking: /home/trace/ros2_ws/src/install/unitree_ros/share/unitree_ros/config/params.yaml
-- Symlinking: /home/trace/ros2_ws/src/install/unitree_ros/share/unitree_ros/launch/unitree_driver_launch.py
-- Symlinking: /home/trace/ros2_ws/src/install/unitree_ros/lib/libfaceLight_SDK_arm64.so
-- Symlinking: /home/trace/ros2_ws/src/install/unitree_ros/share/ament_index/resource_index/package_run_dependencies/unitree_ros
-- Symlinking: /home/trace/ros2_ws/src/install/unitree_ros/share/ament_index/resource_index/parent_prefix_path/unitree_ros
-- Symlinking: /home/trace/ros2_ws/src/install/unitree_ros/share/unitree_ros/environment/ament_prefix_path.sh
-- Symlinking: /home/trace/ros2_ws/src/install/unitree_ros/share/unitree_ros/environment/ament_prefix_path.dsv
-- Symlinking: /home/trace/ros2_ws/src/install/unitree_ros/share/unitree_ros/environment/path.sh
-- Symlinking: /home/trace/ros2_ws/src/install/unitree_ros/share/unitree_ros/environment/path.dsv
-- Symlinking: /home/trace/ros2_ws/src/install/unitree_ros/share/unitree_ros/local_setup.bash
-- Symlinking: /home/trace/ros2_ws/src/install/unitree_ros/share/unitree_ros/local_setup.sh
-- Symlinking: /home/trace/ros2_ws/src/install/unitree_ros/share/unitree_ros/local_setup.zsh
-- Symlinking: /home/trace/ros2_ws/src/install/unitree_ros/share/unitree_ros/local_setup.dsv
-- Symlinking: /home/trace/ros2_ws/src/install/unitree_ros/share/unitree_ros/package.dsv
-- Symlinking: /home/trace/ros2_ws/src/install/unitree_ros/share/ament_index/resource_index/packages/unitree_ros
-- Symlinking: /home/trace/ros2_ws/src/install/unitree_ros/share/unitree_ros/cmake/rosidl_cmake-extras.cmake
-- Symlinking: /home/trace/ros2_ws/src/install/unitree_ros/share/unitree_ros/cmake/ament_cmake_export_dependencies-extras.cmake
-- Symlinking: /home/trace/ros2_ws/src/install/unitree_ros/share/unitree_ros/cmake/ament_cmake_export_include_directories-extras.cmake
-- Symlinking: /home/trace/ros2_ws/src/install/unitree_ros/share/unitree_ros/cmake/ament_cmake_export_libraries-extras.cmake
-- Symlinking: /home/trace/ros2_ws/src/install/unitree_ros/share/unitree_ros/cmake/ament_cmake_export_targets-extras.cmake
-- Symlinking: /home/trace/ros2_ws/src/install/unitree_ros/share/unitree_ros/cmake/rosidl_cmake_export_typesupport_targets-extras.cmake
-- Symlinking: /home/trace/ros2_ws/src/install/unitree_ros/share/unitree_ros/cmake/rosidl_cmake_export_typesupport_libraries-extras.cmake
-- Symlinking: /home/trace/ros2_ws/src/install/unitree_ros/share/unitree_ros/cmake/unitree_rosConfig.cmake
-- Symlinking: /home/trace/ros2_ws/src/install/unitree_ros/share/unitree_ros/cmake/unitree_rosConfig-version.cmake
-- Symlinking: /home/trace/ros2_ws/src/install/unitree_ros/share/unitree_ros/package.xml
-- Installing: /home/trace/ros2_ws/src/install/unitree_ros/lib/libunitree_ros__rosidl_generator_c.so
-- Set runtime path of "/home/trace/ros2_ws/src/install/unitree_ros/lib/libunitree_ros__rosidl_generator_c.so" to ""
-- Installing: /home/trace/ros2_ws/src/install/unitree_ros/lib/libunitree_ros__rosidl_typesupport_fastrtps_c.so
-- Set runtime path of "/home/trace/ros2_ws/src/install/unitree_ros/lib/libunitree_ros__rosidl_typesupport_fastrtps_c.so" to ""
-- Installing: /home/trace/ros2_ws/src/install/unitree_ros/lib/libunitree_ros__rosidl_typesupport_introspection_c.so
-- Set runtime path of "/home/trace/ros2_ws/src/install/unitree_ros/lib/libunitree_ros__rosidl_typesupport_introspection_c.so" to ""
-- Installing: /home/trace/ros2_ws/src/install/unitree_ros/lib/libunitree_ros__rosidl_typesupport_c.so
-- Set runtime path of "/home/trace/ros2_ws/src/install/unitree_ros/lib/libunitree_ros__rosidl_typesupport_c.so" to ""
-- Installing: /home/trace/ros2_ws/src/install/unitree_ros/lib/libunitree_ros__rosidl_typesupport_fastrtps_cpp.so
-- Set runtime path of "/home/trace/ros2_ws/src/install/unitree_ros/lib/libunitree_ros__rosidl_typesupport_fastrtps_cpp.so" to ""
-- Installing: /home/trace/ros2_ws/src/install/unitree_ros/lib/libunitree_ros__rosidl_typesupport_introspection_cpp.so
-- Set runtime path of "/home/trace/ros2_ws/src/install/unitree_ros/lib/libunitree_ros__rosidl_typesupport_introspection_cpp.so" to ""
-- Installing: /home/trace/ros2_ws/src/install/unitree_ros/lib/libunitree_ros__rosidl_typesupport_cpp.so
-- Set runtime path of "/home/trace/ros2_ws/src/install/unitree_ros/lib/libunitree_ros__rosidl_typesupport_cpp.so" to ""
Listing '/home/trace/ros2_ws/src/install/unitree_ros/lib/python3.10/site-packages/unitree_ros'...
Compiling '/home/trace/ros2_ws/src/install/unitree_ros/lib/python3.10/site-packages/unitree_ros/__init__.py'...
Listing '/home/trace/ros2_ws/src/install/unitree_ros/lib/python3.10/site-packages/unitree_ros/msg'...
Compiling '/home/trace/ros2_ws/src/install/unitree_ros/lib/python3.10/site-packages/unitree_ros/msg/__init__.py'...
Compiling '/home/trace/ros2_ws/src/install/unitree_ros/lib/python3.10/site-packages/unitree_ros/msg/_bms_state.py'...
Compiling '/home/trace/ros2_ws/src/install/unitree_ros/lib/python3.10/site-packages/unitree_ros/msg/_sensor_ranges.py'...
-- Installing: /home/trace/ros2_ws/src/install/unitree_ros/lib/libunitree_ros__rosidl_generator_py.so
-- Set runtime path of "/home/trace/ros2_ws/src/install/unitree_ros/lib/libunitree_ros__rosidl_generator_py.so" to ""
-- Installing: /home/trace/ros2_ws/src/install/unitree_ros/lib/unitree_ros/unitree_driver
-- Set runtime path of "/home/trace/ros2_ws/src/install/unitree_ros/lib/unitree_ros/unitree_driver" to ""
-- Installing: /home/trace/ros2_ws/src/install/unitree_ros/share/unitree_ros/cmake/export_unitree_ros__rosidl_generator_cExport.cmake
-- Installing: /home/trace/ros2_ws/src/install/unitree_ros/share/unitree_ros/cmake/export_unitree_ros__rosidl_generator_cExport-noconfig.cmake
-- Installing: /home/trace/ros2_ws/src/install/unitree_ros/share/unitree_ros/cmake/export_unitree_ros__rosidl_typesupport_fastrtps_cExport.cmake
-- Installing: /home/trace/ros2_ws/src/install/unitree_ros/share/unitree_ros/cmake/export_unitree_ros__rosidl_typesupport_fastrtps_cExport-noconfig.cmake
-- Installing: /home/trace/ros2_ws/src/install/unitree_ros/share/unitree_ros/cmake/unitree_ros__rosidl_typesupport_introspection_cExport.cmake
-- Installing: /home/trace/ros2_ws/src/install/unitree_ros/share/unitree_ros/cmake/unitree_ros__rosidl_typesupport_introspection_cExport-noconfig.cmake
-- Installing: /home/trace/ros2_ws/src/install/unitree_ros/share/unitree_ros/cmake/unitree_ros__rosidl_typesupport_cExport.cmake
-- Installing: /home/trace/ros2_ws/src/install/unitree_ros/share/unitree_ros/cmake/unitree_ros__rosidl_typesupport_cExport-noconfig.cmake
-- Installing: /home/trace/ros2_ws/src/install/unitree_ros/share/unitree_ros/cmake/export_unitree_ros__rosidl_generator_cppExport.cmake
-- Installing: /home/trace/ros2_ws/src/install/unitree_ros/share/unitree_ros/cmake/export_unitree_ros__rosidl_typesupport_fastrtps_cppExport.cmake
-- Installing: /home/trace/ros2_ws/src/install/unitree_ros/share/unitree_ros/cmake/export_unitree_ros__rosidl_typesupport_fastrtps_cppExport-noconfig.cmake
-- Installing: /home/trace/ros2_ws/src/install/unitree_ros/share/unitree_ros/cmake/unitree_ros__rosidl_typesupport_introspection_cppExport.cmake
-- Installing: /home/trace/ros2_ws/src/install/unitree_ros/share/unitree_ros/cmake/unitree_ros__rosidl_typesupport_introspection_cppExport-noconfig.cmake
-- Installing: /home/trace/ros2_ws/src/install/unitree_ros/share/unitree_ros/cmake/unitree_ros__rosidl_typesupport_cppExport.cmake
-- Installing: /home/trace/ros2_ws/src/install/unitree_ros/share/unitree_ros/cmake/unitree_ros__rosidl_typesupport_cppExport-noconfig.cmake
-- Installing: /home/trace/ros2_ws/src/install/unitree_ros/share/unitree_ros/cmake/export_unitree_ros__rosidl_generator_pyExport.cmake
-- Installing: /home/trace/ros2_ws/src/install/unitree_ros/share/unitree_ros/cmake/export_unitree_ros__rosidl_generator_pyExport-noconfig.cmake
