[0.035s] Invoking command in '/home/trace/ros2_ws/src/build/unitree_ros': CMAKE_PREFIX_PATH=/opt/ros/iron PS1=(ros2_venv) \[\e]0;\u@\h: \w\a\]${debian_chroot:+($debian_chroot)}\[\033[01;32m\]\u@\h\[\033[00m\]:\[\033[01;34m\]\w\[\033[00m\]\$ VIRTUAL_ENV_PROMPT=(ros2_venv) /usr/bin/cmake /home/trace/ros2_ws/src/unitree_ros -DAMENT_CMAKE_SYMLINK_INSTALL=1 -DCMAKE_INSTALL_PREFIX=/home/trace/ros2_ws/src/install/unitree_ros
[0.239s] -- The C compiler identification is GNU 11.4.0
[0.393s] -- The CXX compiler identification is GNU 11.4.0
[0.420s] -- Detecting C compiler ABI info
[0.580s] -- Detecting C compiler ABI info - done
[0.606s] -- Check for working C compiler: /usr/bin/cc - skipped
[0.613s] -- Detecting C compile features
[0.614s] -- Detecting C compile features - done
[0.625s] -- Detecting CXX compiler ABI info
[0.800s] -- Detecting CXX compiler ABI info - done
[0.816s] -- Check for working CXX compiler: /usr/bin/c++ - skipped
[0.817s] -- Detecting CXX compile features
[0.818s] -- Detecting CXX compile features - done
[0.827s] -- Found rosidl_default_generators: 1.5.0 (/opt/ros/iron/share/rosidl_default_generators/cmake)
[1.147s] -- Found Python3: /home/trace/ros2_venv/bin/python3.10 (found version "3.10.12") found components: Interpreter 
[1.294s] -- Override CMake install command with custom implementation using symlinks instead of copying resources
[1.310s] -- Using all available rosidl_typesupport_c: rosidl_typesupport_fastrtps_c;rosidl_typesupport_introspection_c
[1.471s] -- Using all available rosidl_typesupport_cpp: rosidl_typesupport_fastrtps_cpp;rosidl_typesupport_introspection_cpp
[1.549s] -- Found rosidl_adapter: 4.0.1 (/opt/ros/iron/share/rosidl_adapter/cmake)
[1.561s] -- Found rclcpp: 21.0.8 (/opt/ros/iron/share/rclcpp/cmake)
[1.908s] -- Found rmw_implementation_cmake: 7.1.0 (/opt/ros/iron/share/rmw_implementation_cmake/cmake)
[1.913s] -- Found rmw_fastrtps_cpp: 7.1.4 (/opt/ros/iron/share/rmw_fastrtps_cpp/cmake)
[2.127s] -- Found OpenSSL: /usr/lib/aarch64-linux-gnu/libcrypto.so (found version "3.0.2")  
[2.186s] -- Found FastRTPS: /opt/ros/iron/include  
[2.301s] -- Using RMW implementation 'rmw_fastrtps_cpp' as default
[2.735s] -- Found std_msgs: 5.0.1 (/opt/ros/iron/share/std_msgs/cmake)
[2.803s] -- Found nav_msgs: 5.0.1 (/opt/ros/iron/share/nav_msgs/cmake)
[3.141s] -- Found sensor_msgs: 5.0.1 (/opt/ros/iron/share/sensor_msgs/cmake)
[3.363s] -- Found tf2: 0.31.8 (/opt/ros/iron/share/tf2/cmake)
[3.394s] -- Found tf2_ros: 0.31.8 (/opt/ros/iron/share/tf2_ros/cmake)
[5.191s] -- Found ament_cmake_ros: 0.11.2 (/opt/ros/iron/share/ament_cmake_ros/cmake)
[5.855s] -- Using all available rosidl_typesupport_c: rosidl_typesupport_fastrtps_c;rosidl_typesupport_introspection_c
[6.744s] -- Using all available rosidl_typesupport_cpp: rosidl_typesupport_fastrtps_cpp;rosidl_typesupport_introspection_cpp
[6.791s] -- Found PythonInterp: /home/trace/ros2_venv/bin/python3 (found suitable version "3.10.12", minimum required is "3.6") 
[6.796s] -- Found python_cmake_module: 0.10.2 (/opt/ros/iron/share/python_cmake_module/cmake)
[6.850s] -- Found PythonLibs: /usr/lib/aarch64-linux-gnu/libpython3.10.so (found suitable version "3.10.12", minimum required is "3.5") 
[6.850s] -- Using PYTHON_EXECUTABLE: /home/trace/ros2_venv/bin/python3
[6.850s] -- Using PYTHON_INCLUDE_DIRS: /usr/include/python3.10
[6.851s] -- Using PYTHON_LIBRARIES: /usr/lib/aarch64-linux-gnu/libpython3.10.so
[6.889s] -- Found PythonExtra: .so  
[7.120s] -- Configuring done
[7.233s] -- Generating done
[7.266s] -- Build files have been written to: /home/trace/ros2_ws/src/build/unitree_ros
[7.304s] Invoked command in '/home/trace/ros2_ws/src/build/unitree_ros' returned '0': CMAKE_PREFIX_PATH=/opt/ros/iron PS1=(ros2_venv) \[\e]0;\u@\h: \w\a\]${debian_chroot:+($debian_chroot)}\[\033[01;32m\]\u@\h\[\033[00m\]:\[\033[01;34m\]\w\[\033[00m\]\$ VIRTUAL_ENV_PROMPT=(ros2_venv) /usr/bin/cmake /home/trace/ros2_ws/src/unitree_ros -DAMENT_CMAKE_SYMLINK_INSTALL=1 -DCMAKE_INSTALL_PREFIX=/home/trace/ros2_ws/src/install/unitree_ros
[7.310s] Invoking command in '/home/trace/ros2_ws/src/build/unitree_ros': CMAKE_PREFIX_PATH=/opt/ros/iron PS1=(ros2_venv) \[\e]0;\u@\h: \w\a\]${debian_chroot:+($debian_chroot)}\[\033[01;32m\]\u@\h\[\033[00m\]:\[\033[01;34m\]\w\[\033[00m\]\$ VIRTUAL_ENV_PROMPT=(ros2_venv) /usr/bin/cmake --build /home/trace/ros2_ws/src/build/unitree_ros -- -j6 -l6
[7.421s] [  2%] [34m[1mGenerating type hashes for ROS interfaces[0m
[7.437s] [  2%] Built target ament_cmake_python_symlink_unitree_ros
[7.872s] running egg_info
[7.873s] creating unitree_ros.egg-info
[7.873s] writing unitree_ros.egg-info/PKG-INFO
[7.874s] writing dependency_links to unitree_ros.egg-info/dependency_links.txt
[7.874s] writing top-level names to unitree_ros.egg-info/top_level.txt
[7.874s] writing manifest file 'unitree_ros.egg-info/SOURCES.txt'
[7.879s] reading manifest file 'unitree_ros.egg-info/SOURCES.txt'
[7.880s] writing manifest file 'unitree_ros.egg-info/SOURCES.txt'
[7.959s] [  2%] Built target ament_cmake_python_build_unitree_ros_egg
[7.982s] [  2%] Built target unitree_ros__rosidl_generator_type_description
[8.003s] [  4%] [34m[1mGenerating C code for ROS interfaces[0m
[8.027s] [  6%] [34m[1mGenerating C++ code for ROS interfaces[0m
[8.726s] [  6%] Built target unitree_ros__cpp
[8.857s] [  8%] [32mBuilding C object CMakeFiles/unitree_ros__rosidl_generator_c.dir/rosidl_generator_c/unitree_ros/msg/detail/bms_state__description.c.o[0m
[8.858s] [ 12%] [32mBuilding C object CMakeFiles/unitree_ros__rosidl_generator_c.dir/rosidl_generator_c/unitree_ros/msg/detail/sensor_ranges__functions.c.o[0m
[8.858s] [ 12%] [32mBuilding C object CMakeFiles/unitree_ros__rosidl_generator_c.dir/rosidl_generator_c/unitree_ros/msg/detail/bms_state__type_support.c.o[0m
[8.859s] [ 14%] [32mBuilding C object CMakeFiles/unitree_ros__rosidl_generator_c.dir/rosidl_generator_c/unitree_ros/msg/detail/sensor_ranges__type_support.c.o[0m
[8.859s] [ 16%] [32mBuilding C object CMakeFiles/unitree_ros__rosidl_generator_c.dir/rosidl_generator_c/unitree_ros/msg/detail/bms_state__functions.c.o[0m
[8.860s] [ 18%] [32mBuilding C object CMakeFiles/unitree_ros__rosidl_generator_c.dir/rosidl_generator_c/unitree_ros/msg/detail/sensor_ranges__description.c.o[0m
[8.981s] [ 20%] [32m[1mLinking C shared library libunitree_ros__rosidl_generator_c.so[0m
[9.066s] [ 20%] Built target unitree_ros__rosidl_generator_c
[9.087s] [ 26%] [34m[1mGenerating C type support dispatch for ROS interfaces[0m
[9.088s] [ 26%] [34m[1mGenerating C++ type support dispatch for ROS interfaces[0m
[9.088s] [ 26%] [34m[1mGenerating C type support for eProsima Fast-RTPS[0m
[9.089s] [ 28%] [34m[1mGenerating C++ introspection for ROS interfaces[0m
[9.090s] [ 30%] [34m[1mGenerating C++ type support for eProsima Fast-RTPS[0m
[9.106s] [ 32%] [34m[1mGenerating C introspection for ROS interfaces[0m
[9.746s] [ 34%] [32mBuilding CXX object CMakeFiles/unitree_ros__rosidl_typesupport_cpp.dir/rosidl_typesupport_cpp/unitree_ros/msg/bms_state__type_support.cpp.o[0m
[9.762s] [ 36%] [32mBuilding CXX object CMakeFiles/unitree_ros__rosidl_typesupport_c.dir/rosidl_typesupport_c/unitree_ros/msg/bms_state__type_support.cpp.o[0m
[9.818s] [ 38%] [32mBuilding C object CMakeFiles/unitree_ros__rosidl_typesupport_introspection_c.dir/rosidl_typesupport_introspection_c/unitree_ros/msg/detail/bms_state__type_support.c.o[0m
[9.839s] [ 40%] [32mBuilding CXX object CMakeFiles/unitree_ros__rosidl_typesupport_introspection_cpp.dir/rosidl_typesupport_introspection_cpp/unitree_ros/msg/detail/bms_state__type_support.cpp.o[0m
[9.848s] [ 42%] [32mBuilding CXX object CMakeFiles/unitree_ros__rosidl_typesupport_fastrtps_cpp.dir/rosidl_typesupport_fastrtps_cpp/unitree_ros/msg/detail/dds_fastrtps/bms_state__type_support.cpp.o[0m
[9.863s] [ 44%] [32mBuilding CXX object CMakeFiles/unitree_ros__rosidl_typesupport_c.dir/rosidl_typesupport_c/unitree_ros/msg/sensor_ranges__type_support.cpp.o[0m
[9.919s] [ 46%] [32mBuilding C object CMakeFiles/unitree_ros__rosidl_typesupport_introspection_c.dir/rosidl_typesupport_introspection_c/unitree_ros/msg/detail/sensor_ranges__type_support.c.o[0m
[9.937s] [ 48%] [32mBuilding CXX object CMakeFiles/unitree_ros__rosidl_typesupport_fastrtps_c.dir/rosidl_typesupport_fastrtps_c/unitree_ros/msg/detail/bms_state__type_support_c.cpp.o[0m
[9.974s] [ 51%] [32m[1mLinking CXX shared library libunitree_ros__rosidl_typesupport_c.so[0m
[10.016s] [ 53%] [32m[1mLinking C shared library libunitree_ros__rosidl_typesupport_introspection_c.so[0m
[10.091s] [ 53%] Built target unitree_ros__rosidl_typesupport_c
[10.097s] [ 53%] Built target unitree_ros__rosidl_typesupport_introspection_c
[10.116s] [ 57%] [32mBuilding CXX object CMakeFiles/unitree_ros__rosidl_typesupport_cpp.dir/rosidl_typesupport_cpp/unitree_ros/msg/sensor_ranges__type_support.cpp.o[0m
[10.117s] [ 57%] [32mBuilding CXX object CMakeFiles/unitree_ros__rosidl_typesupport_fastrtps_c.dir/rosidl_typesupport_fastrtps_c/unitree_ros/msg/detail/sensor_ranges__type_support_c.cpp.o[0m
[10.699s] [ 59%] [32mBuilding CXX object CMakeFiles/unitree_ros__rosidl_typesupport_introspection_cpp.dir/rosidl_typesupport_introspection_cpp/unitree_ros/msg/detail/sensor_ranges__type_support.cpp.o[0m
[10.747s] [ 61%] [32mBuilding CXX object CMakeFiles/unitree_ros__rosidl_typesupport_fastrtps_cpp.dir/rosidl_typesupport_fastrtps_cpp/unitree_ros/msg/detail/dds_fastrtps/sensor_ranges__type_support.cpp.o[0m
[10.981s] [ 63%] [32m[1mLinking CXX shared library libunitree_ros__rosidl_typesupport_fastrtps_c.so[0m
[11.085s] [ 65%] [32m[1mLinking CXX shared library libunitree_ros__rosidl_typesupport_cpp.so[0m
[11.173s] [ 65%] Built target unitree_ros__rosidl_typesupport_cpp
[11.181s] [ 65%] Built target unitree_ros__rosidl_typesupport_fastrtps_c
[11.216s] [ 69%] [32mBuilding CXX object CMakeFiles/unitree_driver.dir/src/unitree_ros.cpp.o[0m
[11.217s] [ 69%] [32mBuilding CXX object CMakeFiles/unitree_driver.dir/src/serializers.cpp.o[0m
[11.217s] [ 71%] [32mBuilding CXX object CMakeFiles/unitree_driver.dir/src/unitree_ros_node.cpp.o[0m
[11.218s] [ 73%] [32mBuilding CXX object CMakeFiles/unitree_driver.dir/src/unitree_driver.cpp.o[0m
[11.600s] [ 75%] [32m[1mLinking CXX shared library libunitree_ros__rosidl_typesupport_introspection_cpp.so[0m
[11.777s] [ 75%] Built target unitree_ros__rosidl_typesupport_introspection_cpp
[11.925s] [ 77%] [32m[1mLinking CXX shared library libunitree_ros__rosidl_typesupport_fastrtps_cpp.so[0m
[12.121s] [ 77%] Built target unitree_ros__rosidl_typesupport_fastrtps_cpp
[12.165s] [ 77%] Built target unitree_ros
[12.213s] [ 79%] [34m[1mGenerating Python code for ROS interfaces[0m
[13.340s] [ 79%] Built target unitree_ros__py
[13.379s] [ 83%] [32mBuilding C object CMakeFiles/unitree_ros__rosidl_generator_py.dir/rosidl_generator_py/unitree_ros/msg/_bms_state_s.c.o[0m
[13.379s] [ 83%] [32mBuilding C object CMakeFiles/unitree_ros__rosidl_generator_py.dir/rosidl_generator_py/unitree_ros/msg/_sensor_ranges_s.c.o[0m
[13.667s] [ 85%] [32m[1mLinking C shared library rosidl_generator_py/unitree_ros/libunitree_ros__rosidl_generator_py.so[0m
[13.756s] [ 85%] Built target unitree_ros__rosidl_generator_py
[13.799s] [ 89%] [32mBuilding C object CMakeFiles/unitree_ros__rosidl_typesupport_fastrtps_c__pyext.dir/rosidl_generator_py/unitree_ros/_unitree_ros_s.ep.rosidl_typesupport_fastrtps_c.c.o[0m
[13.799s] [ 89%] [32mBuilding C object CMakeFiles/unitree_ros__rosidl_typesupport_c__pyext.dir/rosidl_generator_py/unitree_ros/_unitree_ros_s.ep.rosidl_typesupport_c.c.o[0m
[13.800s] [ 91%] [32mBuilding C object CMakeFiles/unitree_ros__rosidl_typesupport_introspection_c__pyext.dir/rosidl_generator_py/unitree_ros/_unitree_ros_s.ep.rosidl_typesupport_introspection_c.c.o[0m
[14.024s] [ 93%] [32m[1mLinking C shared library rosidl_generator_py/unitree_ros/unitree_ros_s__rosidl_typesupport_c.cpython-310-aarch64-linux-gnu.so[0m
[14.024s] [ 95%] [32m[1mLinking C shared library rosidl_generator_py/unitree_ros/unitree_ros_s__rosidl_typesupport_fastrtps_c.cpython-310-aarch64-linux-gnu.so[0m
[14.031s] [ 97%] [32m[1mLinking C shared library rosidl_generator_py/unitree_ros/unitree_ros_s__rosidl_typesupport_introspection_c.cpython-310-aarch64-linux-gnu.so[0m
[14.125s] [ 97%] Built target unitree_ros__rosidl_typesupport_fastrtps_c__pyext
[14.127s] [ 97%] Built target unitree_ros__rosidl_typesupport_c__pyext
[14.142s] [ 97%] Built target unitree_ros__rosidl_typesupport_introspection_c__pyext
[38.417s] [100%] [32m[1mLinking CXX executable unitree_driver[0m
[40.070s] [100%] Built target unitree_driver
[40.099s] Invoked command in '/home/trace/ros2_ws/src/build/unitree_ros' returned '0': CMAKE_PREFIX_PATH=/opt/ros/iron PS1=(ros2_venv) \[\e]0;\u@\h: \w\a\]${debian_chroot:+($debian_chroot)}\[\033[01;32m\]\u@\h\[\033[00m\]:\[\033[01;34m\]\w\[\033[00m\]\$ VIRTUAL_ENV_PROMPT=(ros2_venv) /usr/bin/cmake --build /home/trace/ros2_ws/src/build/unitree_ros -- -j6 -l6
[40.129s] Invoking command in '/home/trace/ros2_ws/src/build/unitree_ros': CMAKE_PREFIX_PATH=/opt/ros/iron PS1=(ros2_venv) \[\e]0;\u@\h: \w\a\]${debian_chroot:+($debian_chroot)}\[\033[01;32m\]\u@\h\[\033[00m\]:\[\033[01;34m\]\w\[\033[00m\]\$ VIRTUAL_ENV_PROMPT=(ros2_venv) /usr/bin/cmake --install /home/trace/ros2_ws/src/build/unitree_ros
[40.149s] -- Install configuration: ""
[40.150s] -- Execute custom install script
[40.151s] -- Symlinking: /home/trace/ros2_ws/src/install/unitree_ros/share/ament_index/resource_index/rosidl_interfaces/unitree_ros
[40.171s] -- Symlinking: /home/trace/ros2_ws/src/install/unitree_ros/share/unitree_ros/msg/BmsState.json
[40.190s] -- Symlinking: /home/trace/ros2_ws/src/install/unitree_ros/share/unitree_ros/msg/SensorRanges.json
[40.211s] -- Symlinking: /home/trace/ros2_ws/src/install/unitree_ros/include/unitree_ros/unitree_ros/msg/bms_state.h
[40.234s] -- Symlinking: /home/trace/ros2_ws/src/install/unitree_ros/include/unitree_ros/unitree_ros/msg/detail/bms_state__functions.h
[40.254s] -- Symlinking: /home/trace/ros2_ws/src/install/unitree_ros/include/unitree_ros/unitree_ros/msg/detail/bms_state__struct.h
[40.274s] -- Symlinking: /home/trace/ros2_ws/src/install/unitree_ros/include/unitree_ros/unitree_ros/msg/detail/bms_state__type_support.h
[40.294s] -- Symlinking: /home/trace/ros2_ws/src/install/unitree_ros/include/unitree_ros/unitree_ros/msg/detail/sensor_ranges__functions.h
[40.313s] -- Symlinking: /home/trace/ros2_ws/src/install/unitree_ros/include/unitree_ros/unitree_ros/msg/detail/sensor_ranges__struct.h
[40.333s] -- Symlinking: /home/trace/ros2_ws/src/install/unitree_ros/include/unitree_ros/unitree_ros/msg/detail/sensor_ranges__type_support.h
[40.353s] -- Symlinking: /home/trace/ros2_ws/src/install/unitree_ros/include/unitree_ros/unitree_ros/msg/rosidl_generator_c__visibility_control.h
[40.372s] -- Symlinking: /home/trace/ros2_ws/src/install/unitree_ros/include/unitree_ros/unitree_ros/msg/sensor_ranges.h
[40.393s] -- Symlinking: /home/trace/ros2_ws/src/install/unitree_ros/share/unitree_ros/environment/library_path.sh
[40.412s] -- Symlinking: /home/trace/ros2_ws/src/install/unitree_ros/share/unitree_ros/environment/library_path.dsv
[40.434s] -- Symlinking: /home/trace/ros2_ws/src/install/unitree_ros/include/unitree_ros/unitree_ros/msg/detail/bms_state__rosidl_typesupport_fastrtps_c.h
[40.454s] -- Symlinking: /home/trace/ros2_ws/src/install/unitree_ros/include/unitree_ros/unitree_ros/msg/detail/sensor_ranges__rosidl_typesupport_fastrtps_c.h
[40.476s] -- Symlinking: /home/trace/ros2_ws/src/install/unitree_ros/include/unitree_ros/unitree_ros/msg/rosidl_typesupport_fastrtps_c__visibility_control.h
[40.497s] -- Symlinking: /home/trace/ros2_ws/src/install/unitree_ros/include/unitree_ros/unitree_ros/msg/detail/bms_state__rosidl_typesupport_introspection_c.h
[40.519s] -- Symlinking: /home/trace/ros2_ws/src/install/unitree_ros/include/unitree_ros/unitree_ros/msg/detail/sensor_ranges__rosidl_typesupport_introspection_c.h
[40.538s] -- Symlinking: /home/trace/ros2_ws/src/install/unitree_ros/include/unitree_ros/unitree_ros/msg/rosidl_typesupport_introspection_c__visibility_control.h
[40.560s] -- Symlinking: /home/trace/ros2_ws/src/install/unitree_ros/include/unitree_ros/unitree_ros/msg/bms_state.hpp
[40.580s] -- Symlinking: /home/trace/ros2_ws/src/install/unitree_ros/include/unitree_ros/unitree_ros/msg/detail/bms_state__builder.hpp
[40.599s] -- Symlinking: /home/trace/ros2_ws/src/install/unitree_ros/include/unitree_ros/unitree_ros/msg/detail/bms_state__struct.hpp
[40.624s] -- Symlinking: /home/trace/ros2_ws/src/install/unitree_ros/include/unitree_ros/unitree_ros/msg/detail/bms_state__traits.hpp
[40.646s] -- Symlinking: /home/trace/ros2_ws/src/install/unitree_ros/include/unitree_ros/unitree_ros/msg/detail/sensor_ranges__builder.hpp
[40.667s] -- Symlinking: /home/trace/ros2_ws/src/install/unitree_ros/include/unitree_ros/unitree_ros/msg/detail/sensor_ranges__struct.hpp
[40.686s] -- Symlinking: /home/trace/ros2_ws/src/install/unitree_ros/include/unitree_ros/unitree_ros/msg/detail/sensor_ranges__traits.hpp
[40.706s] -- Symlinking: /home/trace/ros2_ws/src/install/unitree_ros/include/unitree_ros/unitree_ros/msg/sensor_ranges.hpp
[40.731s] -- Symlinking: /home/trace/ros2_ws/src/install/unitree_ros/include/unitree_ros/unitree_ros/msg/detail/bms_state__rosidl_typesupport_fastrtps_cpp.hpp
[40.753s] -- Symlinking: /home/trace/ros2_ws/src/install/unitree_ros/include/unitree_ros/unitree_ros/msg/detail/sensor_ranges__rosidl_typesupport_fastrtps_cpp.hpp
[40.775s] -- Symlinking: /home/trace/ros2_ws/src/install/unitree_ros/include/unitree_ros/unitree_ros/msg/rosidl_typesupport_fastrtps_cpp__visibility_control.h
[40.797s] -- Symlinking: /home/trace/ros2_ws/src/install/unitree_ros/include/unitree_ros/unitree_ros/msg/detail/bms_state__rosidl_typesupport_introspection_cpp.hpp
[40.818s] -- Symlinking: /home/trace/ros2_ws/src/install/unitree_ros/include/unitree_ros/unitree_ros/msg/detail/sensor_ranges__rosidl_typesupport_introspection_cpp.hpp
[40.839s] -- Symlinking: /home/trace/ros2_ws/src/install/unitree_ros/share/unitree_ros/environment/pythonpath.sh
[40.858s] -- Symlinking: /home/trace/ros2_ws/src/install/unitree_ros/share/unitree_ros/environment/pythonpath.dsv
[40.882s] -- Symlinking: /home/trace/ros2_ws/src/install/unitree_ros/lib/python3.10/site-packages/unitree_ros-1.2.0-py3.10.egg-info/PKG-INFO
[40.903s] -- Symlinking: /home/trace/ros2_ws/src/install/unitree_ros/lib/python3.10/site-packages/unitree_ros-1.2.0-py3.10.egg-info/SOURCES.txt
[40.923s] -- Symlinking: /home/trace/ros2_ws/src/install/unitree_ros/lib/python3.10/site-packages/unitree_ros-1.2.0-py3.10.egg-info/dependency_links.txt
[40.947s] -- Symlinking: /home/trace/ros2_ws/src/install/unitree_ros/lib/python3.10/site-packages/unitree_ros-1.2.0-py3.10.egg-info/top_level.txt
[40.970s] -- Symlinking: /home/trace/ros2_ws/src/install/unitree_ros/lib/python3.10/site-packages/unitree_ros/__init__.py
[40.991s] -- Symlinking: /home/trace/ros2_ws/src/install/unitree_ros/lib/python3.10/site-packages/unitree_ros/_unitree_ros_s.ep.rosidl_typesupport_c.c
[41.011s] -- Symlinking: /home/trace/ros2_ws/src/install/unitree_ros/lib/python3.10/site-packages/unitree_ros/_unitree_ros_s.ep.rosidl_typesupport_fastrtps_c.c
[41.031s] -- Symlinking: /home/trace/ros2_ws/src/install/unitree_ros/lib/python3.10/site-packages/unitree_ros/_unitree_ros_s.ep.rosidl_typesupport_introspection_c.c
[41.051s] -- Symlinking: /home/trace/ros2_ws/src/install/unitree_ros/lib/python3.10/site-packages/unitree_ros/libunitree_ros__rosidl_generator_py.so
[41.072s] -- Symlinking: /home/trace/ros2_ws/src/install/unitree_ros/lib/python3.10/site-packages/unitree_ros/msg/__init__.py
[41.093s] -- Symlinking: /home/trace/ros2_ws/src/install/unitree_ros/lib/python3.10/site-packages/unitree_ros/msg/_bms_state.py
[41.112s] -- Symlinking: /home/trace/ros2_ws/src/install/unitree_ros/lib/python3.10/site-packages/unitree_ros/msg/_bms_state_s.c
[41.132s] -- Symlinking: /home/trace/ros2_ws/src/install/unitree_ros/lib/python3.10/site-packages/unitree_ros/msg/_sensor_ranges.py
[41.153s] -- Symlinking: /home/trace/ros2_ws/src/install/unitree_ros/lib/python3.10/site-packages/unitree_ros/msg/_sensor_ranges_s.c
[41.172s] -- Symlinking: /home/trace/ros2_ws/src/install/unitree_ros/lib/python3.10/site-packages/unitree_ros/unitree_ros_s__rosidl_typesupport_c.cpython-310-aarch64-linux-gnu.so
[41.192s] -- Symlinking: /home/trace/ros2_ws/src/install/unitree_ros/lib/python3.10/site-packages/unitree_ros/unitree_ros_s__rosidl_typesupport_fastrtps_c.cpython-310-aarch64-linux-gnu.so
[41.212s] -- Symlinking: /home/trace/ros2_ws/src/install/unitree_ros/lib/python3.10/site-packages/unitree_ros/unitree_ros_s__rosidl_typesupport_introspection_c.cpython-310-aarch64-linux-gnu.so
[41.235s] -- Up-to-date symlink: /home/trace/ros2_ws/src/install/unitree_ros/lib/python3.10/site-packages/unitree_ros/unitree_ros_s__rosidl_typesupport_fastrtps_c.cpython-310-aarch64-linux-gnu.so
[41.235s] -- Up-to-date symlink: /home/trace/ros2_ws/src/install/unitree_ros/lib/python3.10/site-packages/unitree_ros/unitree_ros_s__rosidl_typesupport_introspection_c.cpython-310-aarch64-linux-gnu.so
[41.236s] -- Up-to-date symlink: /home/trace/ros2_ws/src/install/unitree_ros/lib/python3.10/site-packages/unitree_ros/unitree_ros_s__rosidl_typesupport_c.cpython-310-aarch64-linux-gnu.so
[41.237s] -- Symlinking: /home/trace/ros2_ws/src/install/unitree_ros/share/unitree_ros/msg/BmsState.idl
[41.260s] -- Symlinking: /home/trace/ros2_ws/src/install/unitree_ros/share/unitree_ros/msg/SensorRanges.idl
[41.283s] -- Symlinking: /home/trace/ros2_ws/src/install/unitree_ros/share/unitree_ros/msg/BmsState.msg
[41.307s] -- Symlinking: /home/trace/ros2_ws/src/install/unitree_ros/share/unitree_ros/msg/SensorRanges.msg
[41.330s] -- Symlinking: /home/trace/ros2_ws/src/install/unitree_ros/include/include/unitree_ros/common_defines.hpp
[41.350s] -- Symlinking: /home/trace/ros2_ws/src/install/unitree_ros/include/include/unitree_ros/serializers.hpp
[41.372s] -- Symlinking: /home/trace/ros2_ws/src/install/unitree_ros/include/include/unitree_ros/unitree_driver.hpp
[41.393s] -- Symlinking: /home/trace/ros2_ws/src/install/unitree_ros/include/include/unitree_ros/unitree_ros.hpp
[41.417s] -- Symlinking: /home/trace/ros2_ws/src/install/unitree_ros/include/include/unitree_legged_sdk/a1_const.h
[41.437s] -- Symlinking: /home/trace/ros2_ws/src/install/unitree_ros/include/include/unitree_legged_sdk/aliengo_const.h
[41.459s] -- Symlinking: /home/trace/ros2_ws/src/install/unitree_ros/include/include/unitree_legged_sdk/b1_const.h
[41.478s] -- Symlinking: /home/trace/ros2_ws/src/install/unitree_ros/include/include/unitree_legged_sdk/comm.h
[41.499s] -- Symlinking: /home/trace/ros2_ws/src/install/unitree_ros/include/include/unitree_legged_sdk/go1_const.h
[41.519s] -- Symlinking: /home/trace/ros2_ws/src/install/unitree_ros/include/include/unitree_legged_sdk/joystick.h
[41.538s] -- Symlinking: /home/trace/ros2_ws/src/install/unitree_ros/include/include/unitree_legged_sdk/loop.h
[41.557s] -- Symlinking: /home/trace/ros2_ws/src/install/unitree_ros/include/include/unitree_legged_sdk/quadruped.h
[41.577s] -- Symlinking: /home/trace/ros2_ws/src/install/unitree_ros/include/include/unitree_legged_sdk/safety.h
[41.597s] -- Symlinking: /home/trace/ros2_ws/src/install/unitree_ros/include/include/unitree_legged_sdk/udp.h
[41.617s] -- Symlinking: /home/trace/ros2_ws/src/install/unitree_ros/include/include/unitree_legged_sdk/unitree_legged_sdk.h
[41.637s] -- Symlinking: /home/trace/ros2_ws/src/install/unitree_ros/include/include/FaceLightClient.h
[41.657s] -- Symlinking: /home/trace/ros2_ws/src/install/unitree_ros/include/include/LEDPixel.h
[41.677s] -- Symlinking: /home/trace/ros2_ws/src/install/unitree_ros/share/unitree_ros/config/params.yaml
[41.698s] -- Symlinking: /home/trace/ros2_ws/src/install/unitree_ros/share/unitree_ros/launch/unitree_driver_launch.py
[41.718s] -- Symlinking: /home/trace/ros2_ws/src/install/unitree_ros/lib/libfaceLight_SDK_arm64.so
[41.741s] -- Symlinking: /home/trace/ros2_ws/src/install/unitree_ros/share/ament_index/resource_index/package_run_dependencies/unitree_ros
[41.761s] -- Symlinking: /home/trace/ros2_ws/src/install/unitree_ros/share/ament_index/resource_index/parent_prefix_path/unitree_ros
[41.780s] -- Symlinking: /home/trace/ros2_ws/src/install/unitree_ros/share/unitree_ros/environment/ament_prefix_path.sh
[41.799s] -- Symlinking: /home/trace/ros2_ws/src/install/unitree_ros/share/unitree_ros/environment/ament_prefix_path.dsv
[41.818s] -- Symlinking: /home/trace/ros2_ws/src/install/unitree_ros/share/unitree_ros/environment/path.sh
[41.838s] -- Symlinking: /home/trace/ros2_ws/src/install/unitree_ros/share/unitree_ros/environment/path.dsv
[41.857s] -- Symlinking: /home/trace/ros2_ws/src/install/unitree_ros/share/unitree_ros/local_setup.bash
[41.877s] -- Symlinking: /home/trace/ros2_ws/src/install/unitree_ros/share/unitree_ros/local_setup.sh
[41.895s] -- Symlinking: /home/trace/ros2_ws/src/install/unitree_ros/share/unitree_ros/local_setup.zsh
[41.915s] -- Symlinking: /home/trace/ros2_ws/src/install/unitree_ros/share/unitree_ros/local_setup.dsv
[41.934s] -- Symlinking: /home/trace/ros2_ws/src/install/unitree_ros/share/unitree_ros/package.dsv
[41.955s] -- Symlinking: /home/trace/ros2_ws/src/install/unitree_ros/share/ament_index/resource_index/packages/unitree_ros
[41.977s] -- Symlinking: /home/trace/ros2_ws/src/install/unitree_ros/share/unitree_ros/cmake/rosidl_cmake-extras.cmake
[41.997s] -- Symlinking: /home/trace/ros2_ws/src/install/unitree_ros/share/unitree_ros/cmake/ament_cmake_export_dependencies-extras.cmake
[42.018s] -- Symlinking: /home/trace/ros2_ws/src/install/unitree_ros/share/unitree_ros/cmake/ament_cmake_export_include_directories-extras.cmake
[42.038s] -- Symlinking: /home/trace/ros2_ws/src/install/unitree_ros/share/unitree_ros/cmake/ament_cmake_export_libraries-extras.cmake
[42.058s] -- Symlinking: /home/trace/ros2_ws/src/install/unitree_ros/share/unitree_ros/cmake/ament_cmake_export_targets-extras.cmake
[42.077s] -- Symlinking: /home/trace/ros2_ws/src/install/unitree_ros/share/unitree_ros/cmake/rosidl_cmake_export_typesupport_targets-extras.cmake
[42.097s] -- Symlinking: /home/trace/ros2_ws/src/install/unitree_ros/share/unitree_ros/cmake/rosidl_cmake_export_typesupport_libraries-extras.cmake
[42.117s] -- Symlinking: /home/trace/ros2_ws/src/install/unitree_ros/share/unitree_ros/cmake/unitree_rosConfig.cmake
[42.136s] -- Symlinking: /home/trace/ros2_ws/src/install/unitree_ros/share/unitree_ros/cmake/unitree_rosConfig-version.cmake
[42.156s] -- Symlinking: /home/trace/ros2_ws/src/install/unitree_ros/share/unitree_ros/package.xml
[42.176s] -- Installing: /home/trace/ros2_ws/src/install/unitree_ros/lib/libunitree_ros__rosidl_generator_c.so
[42.177s] -- Set runtime path of "/home/trace/ros2_ws/src/install/unitree_ros/lib/libunitree_ros__rosidl_generator_c.so" to ""
[42.178s] -- Installing: /home/trace/ros2_ws/src/install/unitree_ros/lib/libunitree_ros__rosidl_typesupport_fastrtps_c.so
[42.179s] -- Set runtime path of "/home/trace/ros2_ws/src/install/unitree_ros/lib/libunitree_ros__rosidl_typesupport_fastrtps_c.so" to ""
[42.179s] -- Installing: /home/trace/ros2_ws/src/install/unitree_ros/lib/libunitree_ros__rosidl_typesupport_introspection_c.so
[42.180s] -- Set runtime path of "/home/trace/ros2_ws/src/install/unitree_ros/lib/libunitree_ros__rosidl_typesupport_introspection_c.so" to ""
[42.181s] -- Installing: /home/trace/ros2_ws/src/install/unitree_ros/lib/libunitree_ros__rosidl_typesupport_c.so
[42.182s] -- Set runtime path of "/home/trace/ros2_ws/src/install/unitree_ros/lib/libunitree_ros__rosidl_typesupport_c.so" to ""
[42.182s] -- Installing: /home/trace/ros2_ws/src/install/unitree_ros/lib/libunitree_ros__rosidl_typesupport_fastrtps_cpp.so
[42.184s] -- Set runtime path of "/home/trace/ros2_ws/src/install/unitree_ros/lib/libunitree_ros__rosidl_typesupport_fastrtps_cpp.so" to ""
[42.184s] -- Installing: /home/trace/ros2_ws/src/install/unitree_ros/lib/libunitree_ros__rosidl_typesupport_introspection_cpp.so
[42.185s] -- Set runtime path of "/home/trace/ros2_ws/src/install/unitree_ros/lib/libunitree_ros__rosidl_typesupport_introspection_cpp.so" to ""
[42.185s] -- Installing: /home/trace/ros2_ws/src/install/unitree_ros/lib/libunitree_ros__rosidl_typesupport_cpp.so
[42.186s] -- Set runtime path of "/home/trace/ros2_ws/src/install/unitree_ros/lib/libunitree_ros__rosidl_typesupport_cpp.so" to ""
[42.271s] Listing '/home/trace/ros2_ws/src/install/unitree_ros/lib/python3.10/site-packages/unitree_ros'...
[42.272s] Compiling '/home/trace/ros2_ws/src/install/unitree_ros/lib/python3.10/site-packages/unitree_ros/__init__.py'...
[42.272s] Listing '/home/trace/ros2_ws/src/install/unitree_ros/lib/python3.10/site-packages/unitree_ros/msg'...
[42.272s] Compiling '/home/trace/ros2_ws/src/install/unitree_ros/lib/python3.10/site-packages/unitree_ros/msg/__init__.py'...
[42.272s] Compiling '/home/trace/ros2_ws/src/install/unitree_ros/lib/python3.10/site-packages/unitree_ros/msg/_bms_state.py'...
[42.272s] Compiling '/home/trace/ros2_ws/src/install/unitree_ros/lib/python3.10/site-packages/unitree_ros/msg/_sensor_ranges.py'...
[42.283s] -- Installing: /home/trace/ros2_ws/src/install/unitree_ros/lib/libunitree_ros__rosidl_generator_py.so
[42.284s] -- Set runtime path of "/home/trace/ros2_ws/src/install/unitree_ros/lib/libunitree_ros__rosidl_generator_py.so" to ""
[42.285s] -- Installing: /home/trace/ros2_ws/src/install/unitree_ros/lib/unitree_ros/unitree_driver
[42.327s] -- Set runtime path of "/home/trace/ros2_ws/src/install/unitree_ros/lib/unitree_ros/unitree_driver" to ""
[42.328s] -- Installing: /home/trace/ros2_ws/src/install/unitree_ros/share/unitree_ros/cmake/export_unitree_ros__rosidl_generator_cExport.cmake
[42.328s] -- Installing: /home/trace/ros2_ws/src/install/unitree_ros/share/unitree_ros/cmake/export_unitree_ros__rosidl_generator_cExport-noconfig.cmake
[42.329s] -- Installing: /home/trace/ros2_ws/src/install/unitree_ros/share/unitree_ros/cmake/export_unitree_ros__rosidl_typesupport_fastrtps_cExport.cmake
[42.329s] -- Installing: /home/trace/ros2_ws/src/install/unitree_ros/share/unitree_ros/cmake/export_unitree_ros__rosidl_typesupport_fastrtps_cExport-noconfig.cmake
[42.330s] -- Installing: /home/trace/ros2_ws/src/install/unitree_ros/share/unitree_ros/cmake/unitree_ros__rosidl_typesupport_introspection_cExport.cmake
[42.330s] -- Installing: /home/trace/ros2_ws/src/install/unitree_ros/share/unitree_ros/cmake/unitree_ros__rosidl_typesupport_introspection_cExport-noconfig.cmake
[42.331s] -- Installing: /home/trace/ros2_ws/src/install/unitree_ros/share/unitree_ros/cmake/unitree_ros__rosidl_typesupport_cExport.cmake
[42.331s] -- Installing: /home/trace/ros2_ws/src/install/unitree_ros/share/unitree_ros/cmake/unitree_ros__rosidl_typesupport_cExport-noconfig.cmake
[42.332s] -- Installing: /home/trace/ros2_ws/src/install/unitree_ros/share/unitree_ros/cmake/export_unitree_ros__rosidl_generator_cppExport.cmake
[42.333s] -- Installing: /home/trace/ros2_ws/src/install/unitree_ros/share/unitree_ros/cmake/export_unitree_ros__rosidl_typesupport_fastrtps_cppExport.cmake
[42.333s] -- Installing: /home/trace/ros2_ws/src/install/unitree_ros/share/unitree_ros/cmake/export_unitree_ros__rosidl_typesupport_fastrtps_cppExport-noconfig.cmake
[42.334s] -- Installing: /home/trace/ros2_ws/src/install/unitree_ros/share/unitree_ros/cmake/unitree_ros__rosidl_typesupport_introspection_cppExport.cmake
[42.334s] -- Installing: /home/trace/ros2_ws/src/install/unitree_ros/share/unitree_ros/cmake/unitree_ros__rosidl_typesupport_introspection_cppExport-noconfig.cmake
[42.334s] -- Installing: /home/trace/ros2_ws/src/install/unitree_ros/share/unitree_ros/cmake/unitree_ros__rosidl_typesupport_cppExport.cmake
[42.335s] -- Installing: /home/trace/ros2_ws/src/install/unitree_ros/share/unitree_ros/cmake/unitree_ros__rosidl_typesupport_cppExport-noconfig.cmake
[42.335s] -- Installing: /home/trace/ros2_ws/src/install/unitree_ros/share/unitree_ros/cmake/export_unitree_ros__rosidl_generator_pyExport.cmake
[42.336s] -- Installing: /home/trace/ros2_ws/src/install/unitree_ros/share/unitree_ros/cmake/export_unitree_ros__rosidl_generator_pyExport-noconfig.cmake
[42.345s] Invoked command in '/home/trace/ros2_ws/src/build/unitree_ros' returned '0': CMAKE_PREFIX_PATH=/opt/ros/iron PS1=(ros2_venv) \[\e]0;\u@\h: \w\a\]${debian_chroot:+($debian_chroot)}\[\033[01;32m\]\u@\h\[\033[00m\]:\[\033[01;34m\]\w\[\033[00m\]\$ VIRTUAL_ENV_PROMPT=(ros2_venv) /usr/bin/cmake --install /home/trace/ros2_ws/src/build/unitree_ros
