[0.021s] Invoking command in '/home/trace/ros2_ws/build/unitree_ros': CMAKE_PREFIX_PATH=${CMAKE_PREFIX_PATH}:/opt/ros/iron PS1=(ros2_venv) \[\e]0;\u@\h: \w\a\]${debian_chroot:+($debian_chroot)}\[\033[01;32m\]\u@\h\[\033[00m\]:\[\033[01;34m\]\w\[\033[00m\]\$ VIRTUAL_ENV_PROMPT=(ros2_venv) /usr/bin/cmake --build /home/trace/ros2_ws/build/unitree_ros -- -j6 -l6
[0.133s] [  2%] Built target unitree_ros__rosidl_generator_type_description
[0.152s] [  2%] Built target ament_cmake_python_symlink_unitree_ros
[0.153s] [35m[1mConsolidate compiler generated dependencies of target unitree_ros__rosidl_generator_c[0m
[0.174s] [  4%] Built target unitree_ros__cpp
[0.180s] [ 20%] Built target unitree_ros__rosidl_generator_c
[0.201s] [35m[1mConsolidate compiler generated dependencies of target unitree_ros__rosidl_typesupport_introspection_c[0m
[0.202s] [35m[1mConsolidate compiler generated dependencies of target unitree_ros__rosidl_typesupport_cpp[0m
[0.202s] [35m[1mConsolidate compiler generated dependencies of target unitree_ros__rosidl_typesupport_c[0m
[0.202s] [35m[1mConsolidate compiler generated dependencies of target unitree_ros__rosidl_typesupport_fastrtps_c[0m
[0.207s] [35m[1mConsolidate compiler generated dependencies of target unitree_ros__rosidl_typesupport_fastrtps_cpp[0m
[0.231s] [ 36%] Built target unitree_ros__rosidl_typesupport_introspection_c
[0.231s] [ 36%] Built target unitree_ros__rosidl_typesupport_c
[0.231s] [ 46%] Built target unitree_ros__rosidl_typesupport_fastrtps_c
[0.231s] [ 53%] Built target unitree_ros__rosidl_typesupport_cpp
[0.246s] [ 61%] Built target unitree_ros__rosidl_typesupport_fastrtps_cpp
[0.255s] [35m[1mConsolidate compiler generated dependencies of target unitree_ros__rosidl_typesupport_introspection_cpp[0m
[0.258s] [35m[1mConsolidate compiler generated dependencies of target unitree_driver[0m
[0.283s] [ 69%] Built target unitree_ros__rosidl_typesupport_introspection_cpp
[0.318s] [ 79%] Built target unitree_driver
[0.324s] [ 79%] Built target unitree_ros
[0.373s] [ 81%] Built target unitree_ros__py
[0.393s] [35m[1mConsolidate compiler generated dependencies of target unitree_ros__rosidl_generator_py[0m
[0.421s] [ 87%] Built target unitree_ros__rosidl_generator_py
[0.442s] [35m[1mConsolidate compiler generated dependencies of target unitree_ros__rosidl_typesupport_fastrtps_c__pyext[0m
[0.442s] [35m[1mConsolidate compiler generated dependencies of target unitree_ros__rosidl_typesupport_introspection_c__pyext[0m
[0.452s] [35m[1mConsolidate compiler generated dependencies of target unitree_ros__rosidl_typesupport_c__pyext[0m
[0.468s] [ 91%] Built target unitree_ros__rosidl_typesupport_fastrtps_c__pyext
[0.470s] [ 95%] Built target unitree_ros__rosidl_typesupport_introspection_c__pyext
[0.476s] [100%] Built target unitree_ros__rosidl_typesupport_c__pyext
[0.572s] running egg_info
[0.573s] writing unitree_ros.egg-info/PKG-INFO
[0.573s] writing dependency_links to unitree_ros.egg-info/dependency_links.txt
[0.574s] writing top-level names to unitree_ros.egg-info/top_level.txt
[0.578s] reading manifest file 'unitree_ros.egg-info/SOURCES.txt'
[0.580s] writing manifest file 'unitree_ros.egg-info/SOURCES.txt'
[0.655s] [100%] Built target ament_cmake_python_build_unitree_ros_egg
[0.684s] Invoked command in '/home/trace/ros2_ws/build/unitree_ros' returned '0': CMAKE_PREFIX_PATH=${CMAKE_PREFIX_PATH}:/opt/ros/iron PS1=(ros2_venv) \[\e]0;\u@\h: \w\a\]${debian_chroot:+($debian_chroot)}\[\033[01;32m\]\u@\h\[\033[00m\]:\[\033[01;34m\]\w\[\033[00m\]\$ VIRTUAL_ENV_PROMPT=(ros2_venv) /usr/bin/cmake --build /home/trace/ros2_ws/build/unitree_ros -- -j6 -l6
[0.710s] Invoking command in '/home/trace/ros2_ws/build/unitree_ros': CMAKE_PREFIX_PATH=${CMAKE_PREFIX_PATH}:/opt/ros/iron PS1=(ros2_venv) \[\e]0;\u@\h: \w\a\]${debian_chroot:+($debian_chroot)}\[\033[01;32m\]\u@\h\[\033[00m\]:\[\033[01;34m\]\w\[\033[00m\]\$ VIRTUAL_ENV_PROMPT=(ros2_venv) /usr/bin/cmake --install /home/trace/ros2_ws/build/unitree_ros
[0.730s] -- Install configuration: ""
[0.732s] -- Execute custom install script
[0.733s] -- Up-to-date symlink: /home/trace/ros2_ws/install/unitree_ros/share/ament_index/resource_index/rosidl_interfaces/unitree_ros
[0.733s] -- Up-to-date symlink: /home/trace/ros2_ws/install/unitree_ros/share/unitree_ros/msg/BmsState.json
[0.733s] -- Up-to-date symlink: /home/trace/ros2_ws/install/unitree_ros/share/unitree_ros/msg/SensorRanges.json
[0.735s] -- Up-to-date symlink: /home/trace/ros2_ws/install/unitree_ros/include/unitree_ros/unitree_ros/msg/bms_state.h
[0.735s] -- Up-to-date symlink: /home/trace/ros2_ws/install/unitree_ros/include/unitree_ros/unitree_ros/msg/detail/bms_state__functions.h
[0.736s] -- Up-to-date symlink: /home/trace/ros2_ws/install/unitree_ros/include/unitree_ros/unitree_ros/msg/detail/bms_state__struct.h
[0.736s] -- Up-to-date symlink: /home/trace/ros2_ws/install/unitree_ros/include/unitree_ros/unitree_ros/msg/detail/bms_state__type_support.h
[0.737s] -- Up-to-date symlink: /home/trace/ros2_ws/install/unitree_ros/include/unitree_ros/unitree_ros/msg/detail/sensor_ranges__functions.h
[0.737s] -- Up-to-date symlink: /home/trace/ros2_ws/install/unitree_ros/include/unitree_ros/unitree_ros/msg/detail/sensor_ranges__struct.h
[0.738s] -- Up-to-date symlink: /home/trace/ros2_ws/install/unitree_ros/include/unitree_ros/unitree_ros/msg/detail/sensor_ranges__type_support.h
[0.739s] -- Up-to-date symlink: /home/trace/ros2_ws/install/unitree_ros/include/unitree_ros/unitree_ros/msg/rosidl_generator_c__visibility_control.h
[0.739s] -- Up-to-date symlink: /home/trace/ros2_ws/install/unitree_ros/include/unitree_ros/unitree_ros/msg/sensor_ranges.h
[0.739s] -- Up-to-date symlink: /home/trace/ros2_ws/install/unitree_ros/share/unitree_ros/environment/library_path.sh
[0.740s] -- Up-to-date symlink: /home/trace/ros2_ws/install/unitree_ros/share/unitree_ros/environment/library_path.dsv
[0.742s] -- Up-to-date symlink: /home/trace/ros2_ws/install/unitree_ros/include/unitree_ros/unitree_ros/msg/detail/bms_state__rosidl_typesupport_fastrtps_c.h
[0.742s] -- Up-to-date symlink: /home/trace/ros2_ws/install/unitree_ros/include/unitree_ros/unitree_ros/msg/detail/sensor_ranges__rosidl_typesupport_fastrtps_c.h
[0.742s] -- Up-to-date symlink: /home/trace/ros2_ws/install/unitree_ros/include/unitree_ros/unitree_ros/msg/rosidl_typesupport_fastrtps_c__visibility_control.h
[0.743s] -- Up-to-date symlink: /home/trace/ros2_ws/install/unitree_ros/include/unitree_ros/unitree_ros/msg/detail/bms_state__rosidl_typesupport_introspection_c.h
[0.743s] -- Up-to-date symlink: /home/trace/ros2_ws/install/unitree_ros/include/unitree_ros/unitree_ros/msg/detail/sensor_ranges__rosidl_typesupport_introspection_c.h
[0.744s] -- Up-to-date symlink: /home/trace/ros2_ws/install/unitree_ros/include/unitree_ros/unitree_ros/msg/rosidl_typesupport_introspection_c__visibility_control.h
[0.745s] -- Up-to-date symlink: /home/trace/ros2_ws/install/unitree_ros/include/unitree_ros/unitree_ros/msg/bms_state.hpp
[0.745s] -- Up-to-date symlink: /home/trace/ros2_ws/install/unitree_ros/include/unitree_ros/unitree_ros/msg/detail/bms_state__builder.hpp
[0.745s] -- Up-to-date symlink: /home/trace/ros2_ws/install/unitree_ros/include/unitree_ros/unitree_ros/msg/detail/bms_state__struct.hpp
[0.746s] -- Up-to-date symlink: /home/trace/ros2_ws/install/unitree_ros/include/unitree_ros/unitree_ros/msg/detail/bms_state__traits.hpp
[0.746s] -- Up-to-date symlink: /home/trace/ros2_ws/install/unitree_ros/include/unitree_ros/unitree_ros/msg/detail/sensor_ranges__builder.hpp
[0.746s] -- Up-to-date symlink: /home/trace/ros2_ws/install/unitree_ros/include/unitree_ros/unitree_ros/msg/detail/sensor_ranges__struct.hpp
[0.746s] -- Up-to-date symlink: /home/trace/ros2_ws/install/unitree_ros/include/unitree_ros/unitree_ros/msg/detail/sensor_ranges__traits.hpp
[0.746s] -- Up-to-date symlink: /home/trace/ros2_ws/install/unitree_ros/include/unitree_ros/unitree_ros/msg/sensor_ranges.hpp
[0.747s] -- Up-to-date symlink: /home/trace/ros2_ws/install/unitree_ros/include/unitree_ros/unitree_ros/msg/detail/bms_state__rosidl_typesupport_fastrtps_cpp.hpp
[0.748s] -- Up-to-date symlink: /home/trace/ros2_ws/install/unitree_ros/include/unitree_ros/unitree_ros/msg/detail/sensor_ranges__rosidl_typesupport_fastrtps_cpp.hpp
[0.748s] -- Up-to-date symlink: /home/trace/ros2_ws/install/unitree_ros/include/unitree_ros/unitree_ros/msg/rosidl_typesupport_fastrtps_cpp__visibility_control.h
[0.748s] -- Up-to-date symlink: /home/trace/ros2_ws/install/unitree_ros/include/unitree_ros/unitree_ros/msg/detail/bms_state__rosidl_typesupport_introspection_cpp.hpp
[0.749s] -- Up-to-date symlink: /home/trace/ros2_ws/install/unitree_ros/include/unitree_ros/unitree_ros/msg/detail/sensor_ranges__rosidl_typesupport_introspection_cpp.hpp
[0.750s] -- Up-to-date symlink: /home/trace/ros2_ws/install/unitree_ros/share/unitree_ros/environment/pythonpath.sh
[0.750s] -- Up-to-date symlink: /home/trace/ros2_ws/install/unitree_ros/share/unitree_ros/environment/pythonpath.dsv
[0.751s] -- Up-to-date symlink: /home/trace/ros2_ws/install/unitree_ros/lib/python3.10/site-packages/unitree_ros-1.2.0-py3.10.egg-info/PKG-INFO
[0.751s] -- Up-to-date symlink: /home/trace/ros2_ws/install/unitree_ros/lib/python3.10/site-packages/unitree_ros-1.2.0-py3.10.egg-info/SOURCES.txt
[0.751s] -- Up-to-date symlink: /home/trace/ros2_ws/install/unitree_ros/lib/python3.10/site-packages/unitree_ros-1.2.0-py3.10.egg-info/dependency_links.txt
[0.751s] -- Up-to-date symlink: /home/trace/ros2_ws/install/unitree_ros/lib/python3.10/site-packages/unitree_ros-1.2.0-py3.10.egg-info/top_level.txt
[0.752s] -- Up-to-date symlink: /home/trace/ros2_ws/install/unitree_ros/lib/python3.10/site-packages/unitree_ros/__init__.py
[0.752s] -- Up-to-date symlink: /home/trace/ros2_ws/install/unitree_ros/lib/python3.10/site-packages/unitree_ros/_unitree_ros_s.ep.rosidl_typesupport_c.c
[0.753s] -- Up-to-date symlink: /home/trace/ros2_ws/install/unitree_ros/lib/python3.10/site-packages/unitree_ros/_unitree_ros_s.ep.rosidl_typesupport_fastrtps_c.c
[0.753s] -- Up-to-date symlink: /home/trace/ros2_ws/install/unitree_ros/lib/python3.10/site-packages/unitree_ros/_unitree_ros_s.ep.rosidl_typesupport_introspection_c.c
[0.753s] -- Up-to-date symlink: /home/trace/ros2_ws/install/unitree_ros/lib/python3.10/site-packages/unitree_ros/libunitree_ros__rosidl_generator_py.so
[0.753s] -- Up-to-date symlink: /home/trace/ros2_ws/install/unitree_ros/lib/python3.10/site-packages/unitree_ros/msg/__init__.py
[0.754s] -- Up-to-date symlink: /home/trace/ros2_ws/install/unitree_ros/lib/python3.10/site-packages/unitree_ros/msg/_bms_state.py
[0.754s] -- Up-to-date symlink: /home/trace/ros2_ws/install/unitree_ros/lib/python3.10/site-packages/unitree_ros/msg/_bms_state_s.c
[0.754s] -- Up-to-date symlink: /home/trace/ros2_ws/install/unitree_ros/lib/python3.10/site-packages/unitree_ros/msg/_sensor_ranges.py
[0.754s] -- Up-to-date symlink: /home/trace/ros2_ws/install/unitree_ros/lib/python3.10/site-packages/unitree_ros/msg/_sensor_ranges_s.c
[0.754s] -- Up-to-date symlink: /home/trace/ros2_ws/install/unitree_ros/lib/python3.10/site-packages/unitree_ros/unitree_ros_s__rosidl_typesupport_c.cpython-310-aarch64-linux-gnu.so
[0.755s] -- Up-to-date symlink: /home/trace/ros2_ws/install/unitree_ros/lib/python3.10/site-packages/unitree_ros/unitree_ros_s__rosidl_typesupport_fastrtps_c.cpython-310-aarch64-linux-gnu.so
[0.755s] -- Up-to-date symlink: /home/trace/ros2_ws/install/unitree_ros/lib/python3.10/site-packages/unitree_ros/unitree_ros_s__rosidl_typesupport_introspection_c.cpython-310-aarch64-linux-gnu.so
[0.755s] -- Up-to-date symlink: /home/trace/ros2_ws/install/unitree_ros/lib/python3.10/site-packages/unitree_ros/unitree_ros_s__rosidl_typesupport_fastrtps_c.cpython-310-aarch64-linux-gnu.so
[0.756s] -- Up-to-date symlink: /home/trace/ros2_ws/install/unitree_ros/lib/python3.10/site-packages/unitree_ros/unitree_ros_s__rosidl_typesupport_introspection_c.cpython-310-aarch64-linux-gnu.so
[0.756s] -- Up-to-date symlink: /home/trace/ros2_ws/install/unitree_ros/lib/python3.10/site-packages/unitree_ros/unitree_ros_s__rosidl_typesupport_c.cpython-310-aarch64-linux-gnu.so
[0.757s] -- Up-to-date symlink: /home/trace/ros2_ws/install/unitree_ros/share/unitree_ros/msg/BmsState.idl
[0.757s] -- Up-to-date symlink: /home/trace/ros2_ws/install/unitree_ros/share/unitree_ros/msg/SensorRanges.idl
[0.758s] -- Up-to-date symlink: /home/trace/ros2_ws/install/unitree_ros/share/unitree_ros/msg/BmsState.msg
[0.758s] -- Up-to-date symlink: /home/trace/ros2_ws/install/unitree_ros/share/unitree_ros/msg/SensorRanges.msg
[0.759s] -- Up-to-date symlink: /home/trace/ros2_ws/install/unitree_ros/include/include/unitree_ros/common_defines.hpp
[0.759s] -- Up-to-date symlink: /home/trace/ros2_ws/install/unitree_ros/include/include/unitree_ros/serializers.hpp
[0.760s] -- Up-to-date symlink: /home/trace/ros2_ws/install/unitree_ros/include/include/unitree_ros/unitree_driver.hpp
[0.760s] -- Up-to-date symlink: /home/trace/ros2_ws/install/unitree_ros/include/include/unitree_ros/unitree_ros.hpp
[0.760s] -- Up-to-date symlink: /home/trace/ros2_ws/install/unitree_ros/include/include/unitree_legged_sdk/a1_const.h
[0.760s] -- Up-to-date symlink: /home/trace/ros2_ws/install/unitree_ros/include/include/unitree_legged_sdk/aliengo_const.h
[0.761s] -- Up-to-date symlink: /home/trace/ros2_ws/install/unitree_ros/include/include/unitree_legged_sdk/b1_const.h
[0.761s] -- Up-to-date symlink: /home/trace/ros2_ws/install/unitree_ros/include/include/unitree_legged_sdk/comm.h
[0.761s] -- Up-to-date symlink: /home/trace/ros2_ws/install/unitree_ros/include/include/unitree_legged_sdk/go1_const.h
[0.762s] -- Up-to-date symlink: /home/trace/ros2_ws/install/unitree_ros/include/include/unitree_legged_sdk/joystick.h
[0.762s] -- Up-to-date symlink: /home/trace/ros2_ws/install/unitree_ros/include/include/unitree_legged_sdk/loop.h
[0.762s] -- Up-to-date symlink: /home/trace/ros2_ws/install/unitree_ros/include/include/unitree_legged_sdk/quadruped.h
[0.762s] -- Up-to-date symlink: /home/trace/ros2_ws/install/unitree_ros/include/include/unitree_legged_sdk/safety.h
[0.763s] -- Up-to-date symlink: /home/trace/ros2_ws/install/unitree_ros/include/include/unitree_legged_sdk/udp.h
[0.763s] -- Up-to-date symlink: /home/trace/ros2_ws/install/unitree_ros/include/include/unitree_legged_sdk/unitree_legged_sdk.h
[0.763s] -- Up-to-date symlink: /home/trace/ros2_ws/install/unitree_ros/include/include/FaceLightClient.h
[0.764s] -- Up-to-date symlink: /home/trace/ros2_ws/install/unitree_ros/include/include/LEDPixel.h
[0.764s] -- Up-to-date symlink: /home/trace/ros2_ws/install/unitree_ros/share/unitree_ros/config/params.yaml
[0.764s] -- Up-to-date symlink: /home/trace/ros2_ws/install/unitree_ros/share/unitree_ros/launch/unitree_driver_launch.py
[0.764s] -- Up-to-date symlink: /home/trace/ros2_ws/install/unitree_ros/lib/libfaceLight_SDK_arm64.so
[0.765s] -- Up-to-date symlink: /home/trace/ros2_ws/install/unitree_ros/share/ament_index/resource_index/package_run_dependencies/unitree_ros
[0.765s] -- Up-to-date symlink: /home/trace/ros2_ws/install/unitree_ros/share/ament_index/resource_index/parent_prefix_path/unitree_ros
[0.765s] -- Up-to-date symlink: /home/trace/ros2_ws/install/unitree_ros/share/unitree_ros/environment/ament_prefix_path.sh
[0.766s] -- Up-to-date symlink: /home/trace/ros2_ws/install/unitree_ros/share/unitree_ros/environment/ament_prefix_path.dsv
[0.766s] -- Up-to-date symlink: /home/trace/ros2_ws/install/unitree_ros/share/unitree_ros/environment/path.sh
[0.766s] -- Up-to-date symlink: /home/trace/ros2_ws/install/unitree_ros/share/unitree_ros/environment/path.dsv
[0.767s] -- Up-to-date symlink: /home/trace/ros2_ws/install/unitree_ros/share/unitree_ros/local_setup.bash
[0.767s] -- Up-to-date symlink: /home/trace/ros2_ws/install/unitree_ros/share/unitree_ros/local_setup.sh
[0.767s] -- Up-to-date symlink: /home/trace/ros2_ws/install/unitree_ros/share/unitree_ros/local_setup.zsh
[0.767s] -- Up-to-date symlink: /home/trace/ros2_ws/install/unitree_ros/share/unitree_ros/local_setup.dsv
[0.768s] -- Symlinking: /home/trace/ros2_ws/install/unitree_ros/share/unitree_ros/package.dsv
[0.787s] -- Up-to-date symlink: /home/trace/ros2_ws/install/unitree_ros/share/ament_index/resource_index/packages/unitree_ros
[0.787s] -- Up-to-date symlink: /home/trace/ros2_ws/install/unitree_ros/share/unitree_ros/cmake/rosidl_cmake-extras.cmake
[0.788s] -- Up-to-date symlink: /home/trace/ros2_ws/install/unitree_ros/share/unitree_ros/cmake/ament_cmake_export_dependencies-extras.cmake
[0.788s] -- Up-to-date symlink: /home/trace/ros2_ws/install/unitree_ros/share/unitree_ros/cmake/ament_cmake_export_include_directories-extras.cmake
[0.788s] -- Up-to-date symlink: /home/trace/ros2_ws/install/unitree_ros/share/unitree_ros/cmake/ament_cmake_export_libraries-extras.cmake
[0.789s] -- Up-to-date symlink: /home/trace/ros2_ws/install/unitree_ros/share/unitree_ros/cmake/ament_cmake_export_targets-extras.cmake
[0.789s] -- Up-to-date symlink: /home/trace/ros2_ws/install/unitree_ros/share/unitree_ros/cmake/rosidl_cmake_export_typesupport_targets-extras.cmake
[0.789s] -- Up-to-date symlink: /home/trace/ros2_ws/install/unitree_ros/share/unitree_ros/cmake/rosidl_cmake_export_typesupport_libraries-extras.cmake
[0.790s] -- Up-to-date symlink: /home/trace/ros2_ws/install/unitree_ros/share/unitree_ros/cmake/unitree_rosConfig.cmake
[0.790s] -- Up-to-date symlink: /home/trace/ros2_ws/install/unitree_ros/share/unitree_ros/cmake/unitree_rosConfig-version.cmake
[0.790s] -- Up-to-date symlink: /home/trace/ros2_ws/install/unitree_ros/share/unitree_ros/package.xml
[0.794s] -- Up-to-date: /home/trace/ros2_ws/install/unitree_ros/lib/libunitree_ros__rosidl_generator_c.so
[0.794s] -- Up-to-date: /home/trace/ros2_ws/install/unitree_ros/lib/libunitree_ros__rosidl_typesupport_fastrtps_c.so
[0.795s] -- Up-to-date: /home/trace/ros2_ws/install/unitree_ros/lib/libunitree_ros__rosidl_typesupport_introspection_c.so
[0.796s] -- Up-to-date: /home/trace/ros2_ws/install/unitree_ros/lib/libunitree_ros__rosidl_typesupport_c.so
[0.796s] -- Up-to-date: /home/trace/ros2_ws/install/unitree_ros/lib/libunitree_ros__rosidl_typesupport_fastrtps_cpp.so
[0.797s] -- Up-to-date: /home/trace/ros2_ws/install/unitree_ros/lib/libunitree_ros__rosidl_typesupport_introspection_cpp.so
[0.798s] -- Up-to-date: /home/trace/ros2_ws/install/unitree_ros/lib/libunitree_ros__rosidl_typesupport_cpp.so
[0.866s] Listing '/home/trace/ros2_ws/install/unitree_ros/lib/python3.10/site-packages/unitree_ros'...
[0.866s] Listing '/home/trace/ros2_ws/install/unitree_ros/lib/python3.10/site-packages/unitree_ros/msg'...
[0.876s] -- Up-to-date: /home/trace/ros2_ws/install/unitree_ros/lib/libunitree_ros__rosidl_generator_py.so
[0.877s] -- Up-to-date: /home/trace/ros2_ws/install/unitree_ros/lib/unitree_ros/unitree_driver
[0.877s] -- Up-to-date: /home/trace/ros2_ws/install/unitree_ros/share/unitree_ros/cmake/export_unitree_ros__rosidl_generator_cExport.cmake
[0.877s] -- Up-to-date: /home/trace/ros2_ws/install/unitree_ros/share/unitree_ros/cmake/export_unitree_ros__rosidl_generator_cExport-noconfig.cmake
[0.878s] -- Up-to-date: /home/trace/ros2_ws/install/unitree_ros/share/unitree_ros/cmake/export_unitree_ros__rosidl_typesupport_fastrtps_cExport.cmake
[0.878s] -- Up-to-date: /home/trace/ros2_ws/install/unitree_ros/share/unitree_ros/cmake/export_unitree_ros__rosidl_typesupport_fastrtps_cExport-noconfig.cmake
[0.878s] -- Up-to-date: /home/trace/ros2_ws/install/unitree_ros/share/unitree_ros/cmake/unitree_ros__rosidl_typesupport_introspection_cExport.cmake
[0.878s] -- Up-to-date: /home/trace/ros2_ws/install/unitree_ros/share/unitree_ros/cmake/unitree_ros__rosidl_typesupport_introspection_cExport-noconfig.cmake
[0.879s] -- Up-to-date: /home/trace/ros2_ws/install/unitree_ros/share/unitree_ros/cmake/unitree_ros__rosidl_typesupport_cExport.cmake
[0.879s] -- Up-to-date: /home/trace/ros2_ws/install/unitree_ros/share/unitree_ros/cmake/unitree_ros__rosidl_typesupport_cExport-noconfig.cmake
[0.879s] -- Up-to-date: /home/trace/ros2_ws/install/unitree_ros/share/unitree_ros/cmake/export_unitree_ros__rosidl_generator_cppExport.cmake
[0.879s] -- Up-to-date: /home/trace/ros2_ws/install/unitree_ros/share/unitree_ros/cmake/export_unitree_ros__rosidl_typesupport_fastrtps_cppExport.cmake
[0.879s] -- Up-to-date: /home/trace/ros2_ws/install/unitree_ros/share/unitree_ros/cmake/export_unitree_ros__rosidl_typesupport_fastrtps_cppExport-noconfig.cmake
[0.880s] -- Up-to-date: /home/trace/ros2_ws/install/unitree_ros/share/unitree_ros/cmake/unitree_ros__rosidl_typesupport_introspection_cppExport.cmake
[0.880s] -- Up-to-date: /home/trace/ros2_ws/install/unitree_ros/share/unitree_ros/cmake/unitree_ros__rosidl_typesupport_introspection_cppExport-noconfig.cmake
[0.880s] -- Up-to-date: /home/trace/ros2_ws/install/unitree_ros/share/unitree_ros/cmake/unitree_ros__rosidl_typesupport_cppExport.cmake
[0.880s] -- Up-to-date: /home/trace/ros2_ws/install/unitree_ros/share/unitree_ros/cmake/unitree_ros__rosidl_typesupport_cppExport-noconfig.cmake
[0.880s] -- Up-to-date: /home/trace/ros2_ws/install/unitree_ros/share/unitree_ros/cmake/export_unitree_ros__rosidl_generator_pyExport.cmake
[0.880s] -- Up-to-date: /home/trace/ros2_ws/install/unitree_ros/share/unitree_ros/cmake/export_unitree_ros__rosidl_generator_pyExport-noconfig.cmake
[0.887s] Invoked command in '/home/trace/ros2_ws/build/unitree_ros' returned '0': CMAKE_PREFIX_PATH=${CMAKE_PREFIX_PATH}:/opt/ros/iron PS1=(ros2_venv) \[\e]0;\u@\h: \w\a\]${debian_chroot:+($debian_chroot)}\[\033[01;32m\]\u@\h\[\033[00m\]:\[\033[01;34m\]\w\[\033[00m\]\$ VIRTUAL_ENV_PROMPT=(ros2_venv) /usr/bin/cmake --install /home/trace/ros2_ws/build/unitree_ros
