[0.019s] Invoking command in '/home/trace/ros2_ws/build/unitree_ros': CMAKE_PREFIX_PATH=/opt/ros/iron PS1=(ros2_venv) \[\e]0;\u@\h: \w\a\]${debian_chroot:+($debian_chroot)}\[\033[01;32m\]\u@\h\[\033[00m\]:\[\033[01;34m\]\w\[\033[00m\]\$ VIRTUAL_ENV_PROMPT=(ros2_venv) /usr/bin/cmake /home/trace/ros2_ws/src/unitree_ros -DAMENT_CMAKE_SYMLINK_INSTALL=1 -DCMAKE_INSTALL_PREFIX=/home/trace/ros2_ws/install/unitree_ros
[0.128s] -- The C compiler identification is GNU 11.4.0
[0.241s] -- The CXX compiler identification is GNU 11.4.0
[0.260s] -- Detecting C compiler ABI info
[0.412s] -- Detecting C compiler ABI info - done
[0.436s] -- Check for working C compiler: /usr/bin/cc - skipped
[0.437s] -- Detecting C compile features
[0.437s] -- Detecting C compile features - done
[0.445s] -- Detecting CXX compiler ABI info
[0.614s] -- Detecting CXX compiler ABI info - done
[0.639s] -- Check for working CXX compiler: /usr/bin/c++ - skipped
[0.639s] -- Detecting CXX compile features
[0.641s] -- Detecting CXX compile features - done
[0.645s] -- Found rosidl_default_generators: 1.5.0 (/opt/ros/iron/share/rosidl_default_generators/cmake)
[0.962s] -- Found Python3: /home/trace/ros2_venv/bin/python3.10 (found version "3.10.12") found components: Interpreter 
[1.094s] -- Override CMake install command with custom implementation using symlinks instead of copying resources
[1.108s] -- Using all available rosidl_typesupport_c: rosidl_typesupport_fastrtps_c;rosidl_typesupport_introspection_c
[1.250s] -- Using all available rosidl_typesupport_cpp: rosidl_typesupport_fastrtps_cpp;rosidl_typesupport_introspection_cpp
[1.318s] -- Found rosidl_adapter: 4.0.1 (/opt/ros/iron/share/rosidl_adapter/cmake)
[1.329s] -- Found rclcpp: 21.0.8 (/opt/ros/iron/share/rclcpp/cmake)
[1.649s] -- Found rmw_implementation_cmake: 7.1.0 (/opt/ros/iron/share/rmw_implementation_cmake/cmake)
[1.653s] -- Found rmw_fastrtps_cpp: 7.1.4 (/opt/ros/iron/share/rmw_fastrtps_cpp/cmake)
[1.834s] -- Found OpenSSL: /usr/lib/aarch64-linux-gnu/libcrypto.so (found version "3.0.2")  
[1.894s] -- Found FastRTPS: /opt/ros/iron/include  
[1.975s] -- Using RMW implementation 'rmw_fastrtps_cpp' as default
[2.295s] -- Found std_msgs: 5.0.1 (/opt/ros/iron/share/std_msgs/cmake)
[2.355s] -- Found nav_msgs: 5.0.1 (/opt/ros/iron/share/nav_msgs/cmake)
[2.656s] -- Found sensor_msgs: 5.0.1 (/opt/ros/iron/share/sensor_msgs/cmake)
[2.847s] -- Found tf2: 0.31.8 (/opt/ros/iron/share/tf2/cmake)
[2.871s] -- Found tf2_ros: 0.31.8 (/opt/ros/iron/share/tf2_ros/cmake)
[4.529s] -- Found ament_cmake_ros: 0.11.2 (/opt/ros/iron/share/ament_cmake_ros/cmake)
[5.162s] -- Using all available rosidl_typesupport_c: rosidl_typesupport_fastrtps_c;rosidl_typesupport_introspection_c
[6.039s] -- Using all available rosidl_typesupport_cpp: rosidl_typesupport_fastrtps_cpp;rosidl_typesupport_introspection_cpp
[6.048s] -- Found PythonInterp: /home/trace/ros2_venv/bin/python3 (found suitable version "3.10.12", minimum required is "3.6") 
[6.051s] -- Found python_cmake_module: 0.10.2 (/opt/ros/iron/share/python_cmake_module/cmake)
[6.100s] -- Found PythonLibs: /usr/lib/aarch64-linux-gnu/libpython3.10.so (found suitable version "3.10.12", minimum required is "3.5") 
[6.101s] -- Using PYTHON_EXECUTABLE: /home/trace/ros2_venv/bin/python3
[6.101s] -- Using PYTHON_INCLUDE_DIRS: /usr/include/python3.10
[6.101s] -- Using PYTHON_LIBRARIES: /usr/lib/aarch64-linux-gnu/libpython3.10.so
[6.137s] -- Found PythonExtra: .so  
[6.339s] -- Configuring done
[6.446s] -- Generating done
[6.479s] -- Build files have been written to: /home/trace/ros2_ws/build/unitree_ros
[6.517s] Invoked command in '/home/trace/ros2_ws/build/unitree_ros' returned '0': CMAKE_PREFIX_PATH=/opt/ros/iron PS1=(ros2_venv) \[\e]0;\u@\h: \w\a\]${debian_chroot:+($debian_chroot)}\[\033[01;32m\]\u@\h\[\033[00m\]:\[\033[01;34m\]\w\[\033[00m\]\$ VIRTUAL_ENV_PROMPT=(ros2_venv) /usr/bin/cmake /home/trace/ros2_ws/src/unitree_ros -DAMENT_CMAKE_SYMLINK_INSTALL=1 -DCMAKE_INSTALL_PREFIX=/home/trace/ros2_ws/install/unitree_ros
[6.523s] Invoking command in '/home/trace/ros2_ws/build/unitree_ros': CMAKE_PREFIX_PATH=/opt/ros/iron PS1=(ros2_venv) \[\e]0;\u@\h: \w\a\]${debian_chroot:+($debian_chroot)}\[\033[01;32m\]\u@\h\[\033[00m\]:\[\033[01;34m\]\w\[\033[00m\]\$ VIRTUAL_ENV_PROMPT=(ros2_venv) /usr/bin/cmake --build /home/trace/ros2_ws/build/unitree_ros -- -j6 -l6
[6.632s] [  2%] [34m[1mGenerating type hashes for ROS interfaces[0m
[6.657s] [  2%] Built target ament_cmake_python_symlink_unitree_ros
[7.053s] running egg_info
[7.054s] creating unitree_ros.egg-info
[7.054s] writing unitree_ros.egg-info/PKG-INFO
[7.055s] writing dependency_links to unitree_ros.egg-info/dependency_links.txt
[7.055s] writing top-level names to unitree_ros.egg-info/top_level.txt
[7.055s] writing manifest file 'unitree_ros.egg-info/SOURCES.txt'
[7.059s] reading manifest file 'unitree_ros.egg-info/SOURCES.txt'
[7.061s] writing manifest file 'unitree_ros.egg-info/SOURCES.txt'
[7.132s] [  2%] Built target ament_cmake_python_build_unitree_ros_egg
[7.167s] [  2%] Built target unitree_ros__rosidl_generator_type_description
[7.194s] [  4%] [34m[1mGenerating C code for ROS interfaces[0m
[7.214s] [  6%] [34m[1mGenerating C++ code for ROS interfaces[0m
[7.911s] [  6%] Built target unitree_ros__cpp
[8.029s] [ 14%] [32mBuilding C object CMakeFiles/unitree_ros__rosidl_generator_c.dir/rosidl_generator_c/unitree_ros/msg/detail/bms_state__type_support.c.o[0m
[8.029s] [ 14%] [32mBuilding C object CMakeFiles/unitree_ros__rosidl_generator_c.dir/rosidl_generator_c/unitree_ros/msg/detail/bms_state__description.c.o[0m
[8.029s] [ 14%] [32mBuilding C object CMakeFiles/unitree_ros__rosidl_generator_c.dir/rosidl_generator_c/unitree_ros/msg/detail/sensor_ranges__description.c.o[0m
[8.029s] [ 14%] [32mBuilding C object CMakeFiles/unitree_ros__rosidl_generator_c.dir/rosidl_generator_c/unitree_ros/msg/detail/bms_state__functions.c.o[0m
[8.030s] [ 16%] [32mBuilding C object CMakeFiles/unitree_ros__rosidl_generator_c.dir/rosidl_generator_c/unitree_ros/msg/detail/sensor_ranges__functions.c.o[0m
[8.034s] [ 18%] [32mBuilding C object CMakeFiles/unitree_ros__rosidl_generator_c.dir/rosidl_generator_c/unitree_ros/msg/detail/sensor_ranges__type_support.c.o[0m
[8.144s] [ 20%] [32m[1mLinking C shared library libunitree_ros__rosidl_generator_c.so[0m
[8.223s] [ 20%] Built target unitree_ros__rosidl_generator_c
[8.244s] [ 28%] [34m[1mGenerating C introspection for ROS interfaces[0m
[8.244s] [ 28%] [34m[1mGenerating C++ type support for eProsima Fast-RTPS[0m
[8.244s] [ 28%] [34m[1mGenerating C++ type support dispatch for ROS interfaces[0m
[8.244s] [ 32%] [34m[1mGenerating C++ introspection for ROS interfaces[0m
[8.245s] [ 32%] [34m[1mGenerating C type support dispatch for ROS interfaces[0m
[8.245s] [ 28%] [34m[1mGenerating C type support for eProsima Fast-RTPS[0m
[8.895s] [ 34%] [32mBuilding CXX object CMakeFiles/unitree_ros__rosidl_typesupport_c.dir/rosidl_typesupport_c/unitree_ros/msg/bms_state__type_support.cpp.o[0m
[8.909s] [ 36%] [32mBuilding CXX object CMakeFiles/unitree_ros__rosidl_typesupport_cpp.dir/rosidl_typesupport_cpp/unitree_ros/msg/bms_state__type_support.cpp.o[0m
[8.952s] [ 38%] [32mBuilding C object CMakeFiles/unitree_ros__rosidl_typesupport_introspection_c.dir/rosidl_typesupport_introspection_c/unitree_ros/msg/detail/bms_state__type_support.c.o[0m
[8.995s] [ 40%] [32mBuilding CXX object CMakeFiles/unitree_ros__rosidl_typesupport_c.dir/rosidl_typesupport_c/unitree_ros/msg/sensor_ranges__type_support.cpp.o[0m
[9.013s] [ 42%] [32mBuilding CXX object CMakeFiles/unitree_ros__rosidl_typesupport_fastrtps_cpp.dir/rosidl_typesupport_fastrtps_cpp/unitree_ros/msg/detail/dds_fastrtps/bms_state__type_support.cpp.o[0m
[9.013s] [ 44%] [32mBuilding CXX object CMakeFiles/unitree_ros__rosidl_typesupport_introspection_cpp.dir/rosidl_typesupport_introspection_cpp/unitree_ros/msg/detail/bms_state__type_support.cpp.o[0m
[9.027s] [ 46%] [32mBuilding CXX object CMakeFiles/unitree_ros__rosidl_typesupport_fastrtps_c.dir/rosidl_typesupport_fastrtps_c/unitree_ros/msg/detail/bms_state__type_support_c.cpp.o[0m
[9.049s] [ 48%] [32mBuilding C object CMakeFiles/unitree_ros__rosidl_typesupport_introspection_c.dir/rosidl_typesupport_introspection_c/unitree_ros/msg/detail/sensor_ranges__type_support.c.o[0m
[9.084s] [ 51%] [32m[1mLinking CXX shared library libunitree_ros__rosidl_typesupport_c.so[0m
[9.131s] [ 53%] [32m[1mLinking C shared library libunitree_ros__rosidl_typesupport_introspection_c.so[0m
[9.166s] [ 53%] Built target unitree_ros__rosidl_typesupport_c
[9.185s] [ 55%] [32mBuilding CXX object CMakeFiles/unitree_ros__rosidl_typesupport_introspection_cpp.dir/rosidl_typesupport_introspection_cpp/unitree_ros/msg/detail/sensor_ranges__type_support.cpp.o[0m
[9.196s] [ 55%] Built target unitree_ros__rosidl_typesupport_introspection_c
[9.240s] [ 57%] [32mBuilding CXX object CMakeFiles/unitree_ros__rosidl_typesupport_fastrtps_c.dir/rosidl_typesupport_fastrtps_c/unitree_ros/msg/detail/sensor_ranges__type_support_c.cpp.o[0m
[9.779s] [ 59%] [32mBuilding CXX object CMakeFiles/unitree_ros__rosidl_typesupport_cpp.dir/rosidl_typesupport_cpp/unitree_ros/msg/sensor_ranges__type_support.cpp.o[0m
[9.823s] [ 61%] [32mBuilding CXX object CMakeFiles/unitree_ros__rosidl_typesupport_fastrtps_cpp.dir/rosidl_typesupport_fastrtps_cpp/unitree_ros/msg/detail/dds_fastrtps/sensor_ranges__type_support.cpp.o[0m
[10.065s] [ 63%] [32m[1mLinking CXX shared library libunitree_ros__rosidl_typesupport_introspection_cpp.so[0m
[10.147s] [ 65%] [32m[1mLinking CXX shared library libunitree_ros__rosidl_typesupport_fastrtps_c.so[0m
[10.228s] [ 65%] Built target unitree_ros__rosidl_typesupport_introspection_cpp
[10.332s] [ 65%] Built target unitree_ros__rosidl_typesupport_fastrtps_c
[10.612s] [ 67%] [32m[1mLinking CXX shared library libunitree_ros__rosidl_typesupport_cpp.so[0m
[10.695s] [ 67%] Built target unitree_ros__rosidl_typesupport_cpp
[10.740s] [ 75%] [32mBuilding CXX object CMakeFiles/unitree_driver.dir/src/serializers.cpp.o[0m
[10.740s] [ 75%] [32mBuilding CXX object CMakeFiles/unitree_driver.dir/src/unitree_driver.cpp.o[0m
[10.740s] [ 75%] [32mBuilding CXX object CMakeFiles/unitree_driver.dir/src/unitree_ros_node.cpp.o[0m
[10.740s] [ 75%] [32mBuilding CXX object CMakeFiles/unitree_driver.dir/src/unitree_ros.cpp.o[0m
[11.001s] [ 77%] [32m[1mLinking CXX shared library libunitree_ros__rosidl_typesupport_fastrtps_cpp.so[0m
[11.164s] [ 77%] Built target unitree_ros__rosidl_typesupport_fastrtps_cpp
[11.212s] [ 77%] Built target unitree_ros
[11.256s] [ 79%] [34m[1mGenerating Python code for ROS interfaces[0m
[12.414s] [ 79%] Built target unitree_ros__py
[12.457s] [ 83%] [32mBuilding C object CMakeFiles/unitree_ros__rosidl_generator_py.dir/rosidl_generator_py/unitree_ros/msg/_sensor_ranges_s.c.o[0m
[12.457s] [ 83%] [32mBuilding C object CMakeFiles/unitree_ros__rosidl_generator_py.dir/rosidl_generator_py/unitree_ros/msg/_bms_state_s.c.o[0m
[12.742s] [ 85%] [32m[1mLinking C shared library rosidl_generator_py/unitree_ros/libunitree_ros__rosidl_generator_py.so[0m
[12.837s] [ 85%] Built target unitree_ros__rosidl_generator_py
[12.884s] [ 91%] [32mBuilding C object CMakeFiles/unitree_ros__rosidl_typesupport_fastrtps_c__pyext.dir/rosidl_generator_py/unitree_ros/_unitree_ros_s.ep.rosidl_typesupport_fastrtps_c.c.o[0m
[12.885s] [ 91%] [32mBuilding C object CMakeFiles/unitree_ros__rosidl_typesupport_introspection_c__pyext.dir/rosidl_generator_py/unitree_ros/_unitree_ros_s.ep.rosidl_typesupport_introspection_c.c.o[0m
[12.885s] [ 91%] [32mBuilding C object CMakeFiles/unitree_ros__rosidl_typesupport_c__pyext.dir/rosidl_generator_py/unitree_ros/_unitree_ros_s.ep.rosidl_typesupport_c.c.o[0m
[13.112s] [ 93%] [32m[1mLinking C shared library rosidl_generator_py/unitree_ros/unitree_ros_s__rosidl_typesupport_introspection_c.cpython-310-aarch64-linux-gnu.so[0m
[13.121s] [ 95%] [32m[1mLinking C shared library rosidl_generator_py/unitree_ros/unitree_ros_s__rosidl_typesupport_fastrtps_c.cpython-310-aarch64-linux-gnu.so[0m
[13.134s] [ 97%] [32m[1mLinking C shared library rosidl_generator_py/unitree_ros/unitree_ros_s__rosidl_typesupport_c.cpython-310-aarch64-linux-gnu.so[0m
[13.219s] [ 97%] Built target unitree_ros__rosidl_typesupport_fastrtps_c__pyext
[13.228s] [ 97%] Built target unitree_ros__rosidl_typesupport_introspection_c__pyext
[13.246s] [ 97%] Built target unitree_ros__rosidl_typesupport_c__pyext
[37.860s] [100%] [32m[1mLinking CXX executable unitree_driver[0m
[39.515s] [100%] Built target unitree_driver
[39.545s] Invoked command in '/home/trace/ros2_ws/build/unitree_ros' returned '0': CMAKE_PREFIX_PATH=/opt/ros/iron PS1=(ros2_venv) \[\e]0;\u@\h: \w\a\]${debian_chroot:+($debian_chroot)}\[\033[01;32m\]\u@\h\[\033[00m\]:\[\033[01;34m\]\w\[\033[00m\]\$ VIRTUAL_ENV_PROMPT=(ros2_venv) /usr/bin/cmake --build /home/trace/ros2_ws/build/unitree_ros -- -j6 -l6
[39.572s] Invoking command in '/home/trace/ros2_ws/build/unitree_ros': CMAKE_PREFIX_PATH=/opt/ros/iron PS1=(ros2_venv) \[\e]0;\u@\h: \w\a\]${debian_chroot:+($debian_chroot)}\[\033[01;32m\]\u@\h\[\033[00m\]:\[\033[01;34m\]\w\[\033[00m\]\$ VIRTUAL_ENV_PROMPT=(ros2_venv) /usr/bin/cmake --install /home/trace/ros2_ws/build/unitree_ros
[39.595s] -- Install configuration: ""
[39.596s] -- Execute custom install script
[39.598s] -- Symlinking: /home/trace/ros2_ws/install/unitree_ros/share/ament_index/resource_index/rosidl_interfaces/unitree_ros
[39.619s] -- Symlinking: /home/trace/ros2_ws/install/unitree_ros/share/unitree_ros/msg/BmsState.json
[39.640s] -- Symlinking: /home/trace/ros2_ws/install/unitree_ros/share/unitree_ros/msg/SensorRanges.json
[39.662s] -- Symlinking: /home/trace/ros2_ws/install/unitree_ros/include/unitree_ros/unitree_ros/msg/bms_state.h
[39.690s] -- Symlinking: /home/trace/ros2_ws/install/unitree_ros/include/unitree_ros/unitree_ros/msg/detail/bms_state__functions.h
[39.709s] -- Symlinking: /home/trace/ros2_ws/install/unitree_ros/include/unitree_ros/unitree_ros/msg/detail/bms_state__struct.h
[39.734s] -- Symlinking: /home/trace/ros2_ws/install/unitree_ros/include/unitree_ros/unitree_ros/msg/detail/bms_state__type_support.h
[39.754s] -- Symlinking: /home/trace/ros2_ws/install/unitree_ros/include/unitree_ros/unitree_ros/msg/detail/sensor_ranges__functions.h
[39.779s] -- Symlinking: /home/trace/ros2_ws/install/unitree_ros/include/unitree_ros/unitree_ros/msg/detail/sensor_ranges__struct.h
[39.799s] -- Symlinking: /home/trace/ros2_ws/install/unitree_ros/include/unitree_ros/unitree_ros/msg/detail/sensor_ranges__type_support.h
[39.819s] -- Symlinking: /home/trace/ros2_ws/install/unitree_ros/include/unitree_ros/unitree_ros/msg/rosidl_generator_c__visibility_control.h
[39.842s] -- Symlinking: /home/trace/ros2_ws/install/unitree_ros/include/unitree_ros/unitree_ros/msg/sensor_ranges.h
[39.863s] -- Symlinking: /home/trace/ros2_ws/install/unitree_ros/share/unitree_ros/environment/library_path.sh
[39.884s] -- Symlinking: /home/trace/ros2_ws/install/unitree_ros/share/unitree_ros/environment/library_path.dsv
[39.906s] -- Symlinking: /home/trace/ros2_ws/install/unitree_ros/include/unitree_ros/unitree_ros/msg/detail/bms_state__rosidl_typesupport_fastrtps_c.h
[39.928s] -- Symlinking: /home/trace/ros2_ws/install/unitree_ros/include/unitree_ros/unitree_ros/msg/detail/sensor_ranges__rosidl_typesupport_fastrtps_c.h
[39.948s] -- Symlinking: /home/trace/ros2_ws/install/unitree_ros/include/unitree_ros/unitree_ros/msg/rosidl_typesupport_fastrtps_c__visibility_control.h
[39.970s] -- Symlinking: /home/trace/ros2_ws/install/unitree_ros/include/unitree_ros/unitree_ros/msg/detail/bms_state__rosidl_typesupport_introspection_c.h
[39.991s] -- Symlinking: /home/trace/ros2_ws/install/unitree_ros/include/unitree_ros/unitree_ros/msg/detail/sensor_ranges__rosidl_typesupport_introspection_c.h
[40.011s] -- Symlinking: /home/trace/ros2_ws/install/unitree_ros/include/unitree_ros/unitree_ros/msg/rosidl_typesupport_introspection_c__visibility_control.h
[40.032s] -- Symlinking: /home/trace/ros2_ws/install/unitree_ros/include/unitree_ros/unitree_ros/msg/bms_state.hpp
[40.054s] -- Symlinking: /home/trace/ros2_ws/install/unitree_ros/include/unitree_ros/unitree_ros/msg/detail/bms_state__builder.hpp
[40.083s] -- Symlinking: /home/trace/ros2_ws/install/unitree_ros/include/unitree_ros/unitree_ros/msg/detail/bms_state__struct.hpp
[40.105s] -- Symlinking: /home/trace/ros2_ws/install/unitree_ros/include/unitree_ros/unitree_ros/msg/detail/bms_state__traits.hpp
[40.127s] -- Symlinking: /home/trace/ros2_ws/install/unitree_ros/include/unitree_ros/unitree_ros/msg/detail/sensor_ranges__builder.hpp
[40.149s] -- Symlinking: /home/trace/ros2_ws/install/unitree_ros/include/unitree_ros/unitree_ros/msg/detail/sensor_ranges__struct.hpp
[40.173s] -- Symlinking: /home/trace/ros2_ws/install/unitree_ros/include/unitree_ros/unitree_ros/msg/detail/sensor_ranges__traits.hpp
[40.196s] -- Symlinking: /home/trace/ros2_ws/install/unitree_ros/include/unitree_ros/unitree_ros/msg/sensor_ranges.hpp
[40.221s] -- Symlinking: /home/trace/ros2_ws/install/unitree_ros/include/unitree_ros/unitree_ros/msg/detail/bms_state__rosidl_typesupport_fastrtps_cpp.hpp
[40.239s] -- Symlinking: /home/trace/ros2_ws/install/unitree_ros/include/unitree_ros/unitree_ros/msg/detail/sensor_ranges__rosidl_typesupport_fastrtps_cpp.hpp
[40.260s] -- Symlinking: /home/trace/ros2_ws/install/unitree_ros/include/unitree_ros/unitree_ros/msg/rosidl_typesupport_fastrtps_cpp__visibility_control.h
[40.281s] -- Symlinking: /home/trace/ros2_ws/install/unitree_ros/include/unitree_ros/unitree_ros/msg/detail/bms_state__rosidl_typesupport_introspection_cpp.hpp
[40.300s] -- Symlinking: /home/trace/ros2_ws/install/unitree_ros/include/unitree_ros/unitree_ros/msg/detail/sensor_ranges__rosidl_typesupport_introspection_cpp.hpp
[40.320s] -- Symlinking: /home/trace/ros2_ws/install/unitree_ros/share/unitree_ros/environment/pythonpath.sh
[40.342s] -- Symlinking: /home/trace/ros2_ws/install/unitree_ros/share/unitree_ros/environment/pythonpath.dsv
[40.362s] -- Symlinking: /home/trace/ros2_ws/install/unitree_ros/lib/python3.10/site-packages/unitree_ros-1.2.0-py3.10.egg-info/PKG-INFO
[40.383s] -- Symlinking: /home/trace/ros2_ws/install/unitree_ros/lib/python3.10/site-packages/unitree_ros-1.2.0-py3.10.egg-info/SOURCES.txt
[40.402s] -- Symlinking: /home/trace/ros2_ws/install/unitree_ros/lib/python3.10/site-packages/unitree_ros-1.2.0-py3.10.egg-info/dependency_links.txt
[40.422s] -- Symlinking: /home/trace/ros2_ws/install/unitree_ros/lib/python3.10/site-packages/unitree_ros-1.2.0-py3.10.egg-info/top_level.txt
[40.443s] -- Symlinking: /home/trace/ros2_ws/install/unitree_ros/lib/python3.10/site-packages/unitree_ros/__init__.py
[40.464s] -- Symlinking: /home/trace/ros2_ws/install/unitree_ros/lib/python3.10/site-packages/unitree_ros/_unitree_ros_s.ep.rosidl_typesupport_c.c
[40.490s] -- Symlinking: /home/trace/ros2_ws/install/unitree_ros/lib/python3.10/site-packages/unitree_ros/_unitree_ros_s.ep.rosidl_typesupport_fastrtps_c.c
[40.512s] -- Symlinking: /home/trace/ros2_ws/install/unitree_ros/lib/python3.10/site-packages/unitree_ros/_unitree_ros_s.ep.rosidl_typesupport_introspection_c.c
[40.533s] -- Symlinking: /home/trace/ros2_ws/install/unitree_ros/lib/python3.10/site-packages/unitree_ros/libunitree_ros__rosidl_generator_py.so
[40.554s] -- Symlinking: /home/trace/ros2_ws/install/unitree_ros/lib/python3.10/site-packages/unitree_ros/msg/__init__.py
[40.578s] -- Symlinking: /home/trace/ros2_ws/install/unitree_ros/lib/python3.10/site-packages/unitree_ros/msg/_bms_state.py
[40.604s] -- Symlinking: /home/trace/ros2_ws/install/unitree_ros/lib/python3.10/site-packages/unitree_ros/msg/_bms_state_s.c
[40.625s] -- Symlinking: /home/trace/ros2_ws/install/unitree_ros/lib/python3.10/site-packages/unitree_ros/msg/_sensor_ranges.py
[40.648s] -- Symlinking: /home/trace/ros2_ws/install/unitree_ros/lib/python3.10/site-packages/unitree_ros/msg/_sensor_ranges_s.c
[40.676s] -- Symlinking: /home/trace/ros2_ws/install/unitree_ros/lib/python3.10/site-packages/unitree_ros/unitree_ros_s__rosidl_typesupport_c.cpython-310-aarch64-linux-gnu.so
[40.697s] -- Symlinking: /home/trace/ros2_ws/install/unitree_ros/lib/python3.10/site-packages/unitree_ros/unitree_ros_s__rosidl_typesupport_fastrtps_c.cpython-310-aarch64-linux-gnu.so
[40.718s] -- Symlinking: /home/trace/ros2_ws/install/unitree_ros/lib/python3.10/site-packages/unitree_ros/unitree_ros_s__rosidl_typesupport_introspection_c.cpython-310-aarch64-linux-gnu.so
[40.740s] -- Up-to-date symlink: /home/trace/ros2_ws/install/unitree_ros/lib/python3.10/site-packages/unitree_ros/unitree_ros_s__rosidl_typesupport_fastrtps_c.cpython-310-aarch64-linux-gnu.so
[40.741s] -- Up-to-date symlink: /home/trace/ros2_ws/install/unitree_ros/lib/python3.10/site-packages/unitree_ros/unitree_ros_s__rosidl_typesupport_introspection_c.cpython-310-aarch64-linux-gnu.so
[40.741s] -- Up-to-date symlink: /home/trace/ros2_ws/install/unitree_ros/lib/python3.10/site-packages/unitree_ros/unitree_ros_s__rosidl_typesupport_c.cpython-310-aarch64-linux-gnu.so
[40.742s] -- Symlinking: /home/trace/ros2_ws/install/unitree_ros/share/unitree_ros/msg/BmsState.idl
[40.762s] -- Symlinking: /home/trace/ros2_ws/install/unitree_ros/share/unitree_ros/msg/SensorRanges.idl
[40.783s] -- Symlinking: /home/trace/ros2_ws/install/unitree_ros/share/unitree_ros/msg/BmsState.msg
[40.803s] -- Symlinking: /home/trace/ros2_ws/install/unitree_ros/share/unitree_ros/msg/SensorRanges.msg
[40.823s] -- Symlinking: /home/trace/ros2_ws/install/unitree_ros/include/include/unitree_ros/common_defines.hpp
[40.847s] -- Symlinking: /home/trace/ros2_ws/install/unitree_ros/include/include/unitree_ros/serializers.hpp
[40.868s] -- Symlinking: /home/trace/ros2_ws/install/unitree_ros/include/include/unitree_ros/unitree_driver.hpp
[40.890s] -- Symlinking: /home/trace/ros2_ws/install/unitree_ros/include/include/unitree_ros/unitree_ros.hpp
[40.915s] -- Symlinking: /home/trace/ros2_ws/install/unitree_ros/include/include/unitree_legged_sdk/a1_const.h
[40.936s] -- Symlinking: /home/trace/ros2_ws/install/unitree_ros/include/include/unitree_legged_sdk/aliengo_const.h
[40.957s] -- Symlinking: /home/trace/ros2_ws/install/unitree_ros/include/include/unitree_legged_sdk/b1_const.h
[40.984s] -- Symlinking: /home/trace/ros2_ws/install/unitree_ros/include/include/unitree_legged_sdk/comm.h
[41.003s] -- Symlinking: /home/trace/ros2_ws/install/unitree_ros/include/include/unitree_legged_sdk/go1_const.h
[41.027s] -- Symlinking: /home/trace/ros2_ws/install/unitree_ros/include/include/unitree_legged_sdk/joystick.h
[41.052s] -- Symlinking: /home/trace/ros2_ws/install/unitree_ros/include/include/unitree_legged_sdk/loop.h
[41.076s] -- Symlinking: /home/trace/ros2_ws/install/unitree_ros/include/include/unitree_legged_sdk/quadruped.h
[41.096s] -- Symlinking: /home/trace/ros2_ws/install/unitree_ros/include/include/unitree_legged_sdk/safety.h
[41.118s] -- Symlinking: /home/trace/ros2_ws/install/unitree_ros/include/include/unitree_legged_sdk/udp.h
[41.138s] -- Symlinking: /home/trace/ros2_ws/install/unitree_ros/include/include/unitree_legged_sdk/unitree_legged_sdk.h
[41.159s] -- Symlinking: /home/trace/ros2_ws/install/unitree_ros/include/include/FaceLightClient.h
[41.180s] -- Symlinking: /home/trace/ros2_ws/install/unitree_ros/include/include/LEDPixel.h
[41.200s] -- Symlinking: /home/trace/ros2_ws/install/unitree_ros/share/unitree_ros/config/params.yaml
[41.222s] -- Symlinking: /home/trace/ros2_ws/install/unitree_ros/share/unitree_ros/launch/unitree_driver_launch.py
[41.243s] -- Symlinking: /home/trace/ros2_ws/install/unitree_ros/lib/libfaceLight_SDK_arm64.so
[41.263s] -- Symlinking: /home/trace/ros2_ws/install/unitree_ros/share/ament_index/resource_index/package_run_dependencies/unitree_ros
[41.287s] -- Symlinking: /home/trace/ros2_ws/install/unitree_ros/share/ament_index/resource_index/parent_prefix_path/unitree_ros
[41.307s] -- Symlinking: /home/trace/ros2_ws/install/unitree_ros/share/unitree_ros/environment/ament_prefix_path.sh
[41.328s] -- Symlinking: /home/trace/ros2_ws/install/unitree_ros/share/unitree_ros/environment/ament_prefix_path.dsv
[41.354s] -- Symlinking: /home/trace/ros2_ws/install/unitree_ros/share/unitree_ros/environment/path.sh
[41.377s] -- Symlinking: /home/trace/ros2_ws/install/unitree_ros/share/unitree_ros/environment/path.dsv
[41.400s] -- Symlinking: /home/trace/ros2_ws/install/unitree_ros/share/unitree_ros/local_setup.bash
[41.423s] -- Symlinking: /home/trace/ros2_ws/install/unitree_ros/share/unitree_ros/local_setup.sh
[41.447s] -- Symlinking: /home/trace/ros2_ws/install/unitree_ros/share/unitree_ros/local_setup.zsh
[41.469s] -- Symlinking: /home/trace/ros2_ws/install/unitree_ros/share/unitree_ros/local_setup.dsv
[41.489s] -- Symlinking: /home/trace/ros2_ws/install/unitree_ros/share/unitree_ros/package.dsv
[41.510s] -- Symlinking: /home/trace/ros2_ws/install/unitree_ros/share/ament_index/resource_index/packages/unitree_ros
[41.529s] -- Symlinking: /home/trace/ros2_ws/install/unitree_ros/share/unitree_ros/cmake/rosidl_cmake-extras.cmake
[41.549s] -- Symlinking: /home/trace/ros2_ws/install/unitree_ros/share/unitree_ros/cmake/ament_cmake_export_dependencies-extras.cmake
[41.568s] -- Symlinking: /home/trace/ros2_ws/install/unitree_ros/share/unitree_ros/cmake/ament_cmake_export_include_directories-extras.cmake
[41.592s] -- Symlinking: /home/trace/ros2_ws/install/unitree_ros/share/unitree_ros/cmake/ament_cmake_export_libraries-extras.cmake
[41.610s] -- Symlinking: /home/trace/ros2_ws/install/unitree_ros/share/unitree_ros/cmake/ament_cmake_export_targets-extras.cmake
[41.630s] -- Symlinking: /home/trace/ros2_ws/install/unitree_ros/share/unitree_ros/cmake/rosidl_cmake_export_typesupport_targets-extras.cmake
[41.649s] -- Symlinking: /home/trace/ros2_ws/install/unitree_ros/share/unitree_ros/cmake/rosidl_cmake_export_typesupport_libraries-extras.cmake
[41.669s] -- Symlinking: /home/trace/ros2_ws/install/unitree_ros/share/unitree_ros/cmake/unitree_rosConfig.cmake
[41.689s] -- Symlinking: /home/trace/ros2_ws/install/unitree_ros/share/unitree_ros/cmake/unitree_rosConfig-version.cmake
[41.708s] -- Symlinking: /home/trace/ros2_ws/install/unitree_ros/share/unitree_ros/package.xml
[41.730s] -- Installing: /home/trace/ros2_ws/install/unitree_ros/lib/libunitree_ros__rosidl_generator_c.so
[41.732s] -- Set runtime path of "/home/trace/ros2_ws/install/unitree_ros/lib/libunitree_ros__rosidl_generator_c.so" to ""
[41.732s] -- Installing: /home/trace/ros2_ws/install/unitree_ros/lib/libunitree_ros__rosidl_typesupport_fastrtps_c.so
[41.733s] -- Set runtime path of "/home/trace/ros2_ws/install/unitree_ros/lib/libunitree_ros__rosidl_typesupport_fastrtps_c.so" to ""
[41.734s] -- Installing: /home/trace/ros2_ws/install/unitree_ros/lib/libunitree_ros__rosidl_typesupport_introspection_c.so
[41.734s] -- Set runtime path of "/home/trace/ros2_ws/install/unitree_ros/lib/libunitree_ros__rosidl_typesupport_introspection_c.so" to ""
[41.735s] -- Installing: /home/trace/ros2_ws/install/unitree_ros/lib/libunitree_ros__rosidl_typesupport_c.so
[41.736s] -- Set runtime path of "/home/trace/ros2_ws/install/unitree_ros/lib/libunitree_ros__rosidl_typesupport_c.so" to ""
[41.736s] -- Installing: /home/trace/ros2_ws/install/unitree_ros/lib/libunitree_ros__rosidl_typesupport_fastrtps_cpp.so
[41.737s] -- Set runtime path of "/home/trace/ros2_ws/install/unitree_ros/lib/libunitree_ros__rosidl_typesupport_fastrtps_cpp.so" to ""
[41.738s] -- Installing: /home/trace/ros2_ws/install/unitree_ros/lib/libunitree_ros__rosidl_typesupport_introspection_cpp.so
[41.739s] -- Set runtime path of "/home/trace/ros2_ws/install/unitree_ros/lib/libunitree_ros__rosidl_typesupport_introspection_cpp.so" to ""
[41.739s] -- Installing: /home/trace/ros2_ws/install/unitree_ros/lib/libunitree_ros__rosidl_typesupport_cpp.so
[41.740s] -- Set runtime path of "/home/trace/ros2_ws/install/unitree_ros/lib/libunitree_ros__rosidl_typesupport_cpp.so" to ""
[41.815s] Listing '/home/trace/ros2_ws/install/unitree_ros/lib/python3.10/site-packages/unitree_ros'...
[41.815s] Compiling '/home/trace/ros2_ws/install/unitree_ros/lib/python3.10/site-packages/unitree_ros/__init__.py'...
[41.815s] Listing '/home/trace/ros2_ws/install/unitree_ros/lib/python3.10/site-packages/unitree_ros/msg'...
[41.816s] Compiling '/home/trace/ros2_ws/install/unitree_ros/lib/python3.10/site-packages/unitree_ros/msg/__init__.py'...
[41.816s] Compiling '/home/trace/ros2_ws/install/unitree_ros/lib/python3.10/site-packages/unitree_ros/msg/_bms_state.py'...
[41.816s] Compiling '/home/trace/ros2_ws/install/unitree_ros/lib/python3.10/site-packages/unitree_ros/msg/_sensor_ranges.py'...
[41.826s] -- Installing: /home/trace/ros2_ws/install/unitree_ros/lib/libunitree_ros__rosidl_generator_py.so
[41.826s] -- Set runtime path of "/home/trace/ros2_ws/install/unitree_ros/lib/libunitree_ros__rosidl_generator_py.so" to ""
[41.827s] -- Installing: /home/trace/ros2_ws/install/unitree_ros/lib/unitree_ros/unitree_driver
[41.853s] -- Set runtime path of "/home/trace/ros2_ws/install/unitree_ros/lib/unitree_ros/unitree_driver" to ""
[41.854s] -- Installing: /home/trace/ros2_ws/install/unitree_ros/share/unitree_ros/cmake/export_unitree_ros__rosidl_generator_cExport.cmake
[41.854s] -- Installing: /home/trace/ros2_ws/install/unitree_ros/share/unitree_ros/cmake/export_unitree_ros__rosidl_generator_cExport-noconfig.cmake
[41.855s] -- Installing: /home/trace/ros2_ws/install/unitree_ros/share/unitree_ros/cmake/export_unitree_ros__rosidl_typesupport_fastrtps_cExport.cmake
[41.855s] -- Installing: /home/trace/ros2_ws/install/unitree_ros/share/unitree_ros/cmake/export_unitree_ros__rosidl_typesupport_fastrtps_cExport-noconfig.cmake
[41.856s] -- Installing: /home/trace/ros2_ws/install/unitree_ros/share/unitree_ros/cmake/unitree_ros__rosidl_typesupport_introspection_cExport.cmake
[41.856s] -- Installing: /home/trace/ros2_ws/install/unitree_ros/share/unitree_ros/cmake/unitree_ros__rosidl_typesupport_introspection_cExport-noconfig.cmake
[41.857s] -- Installing: /home/trace/ros2_ws/install/unitree_ros/share/unitree_ros/cmake/unitree_ros__rosidl_typesupport_cExport.cmake
[41.857s] -- Installing: /home/trace/ros2_ws/install/unitree_ros/share/unitree_ros/cmake/unitree_ros__rosidl_typesupport_cExport-noconfig.cmake
[41.858s] -- Installing: /home/trace/ros2_ws/install/unitree_ros/share/unitree_ros/cmake/export_unitree_ros__rosidl_generator_cppExport.cmake
[41.858s] -- Installing: /home/trace/ros2_ws/install/unitree_ros/share/unitree_ros/cmake/export_unitree_ros__rosidl_typesupport_fastrtps_cppExport.cmake
[41.859s] -- Installing: /home/trace/ros2_ws/install/unitree_ros/share/unitree_ros/cmake/export_unitree_ros__rosidl_typesupport_fastrtps_cppExport-noconfig.cmake
[41.859s] -- Installing: /home/trace/ros2_ws/install/unitree_ros/share/unitree_ros/cmake/unitree_ros__rosidl_typesupport_introspection_cppExport.cmake
[41.860s] -- Installing: /home/trace/ros2_ws/install/unitree_ros/share/unitree_ros/cmake/unitree_ros__rosidl_typesupport_introspection_cppExport-noconfig.cmake
[41.861s] -- Installing: /home/trace/ros2_ws/install/unitree_ros/share/unitree_ros/cmake/unitree_ros__rosidl_typesupport_cppExport.cmake
[41.861s] -- Installing: /home/trace/ros2_ws/install/unitree_ros/share/unitree_ros/cmake/unitree_ros__rosidl_typesupport_cppExport-noconfig.cmake
[41.862s] -- Installing: /home/trace/ros2_ws/install/unitree_ros/share/unitree_ros/cmake/export_unitree_ros__rosidl_generator_pyExport.cmake
[41.862s] -- Installing: /home/trace/ros2_ws/install/unitree_ros/share/unitree_ros/cmake/export_unitree_ros__rosidl_generator_pyExport-noconfig.cmake
[41.870s] Invoked command in '/home/trace/ros2_ws/build/unitree_ros' returned '0': CMAKE_PREFIX_PATH=/opt/ros/iron PS1=(ros2_venv) \[\e]0;\u@\h: \w\a\]${debian_chroot:+($debian_chroot)}\[\033[01;32m\]\u@\h\[\033[00m\]:\[\033[01;34m\]\w\[\033[00m\]\$ VIRTUAL_ENV_PROMPT=(ros2_venv) /usr/bin/cmake --install /home/trace/ros2_ws/build/unitree_ros
