[0.018s] Invoking command in '/home/trace/ros2_ws/build/unitree_ros': /usr/bin/cmake --build /home/trace/ros2_ws/build/unitree_ros -- -j6 -l6
[0.168s] [  2%] Built target unitree_ros__rosidl_generator_type_description
[0.187s] [  2%] Built target ament_cmake_python_symlink_unitree_ros
[0.209s] [  4%] Built target unitree_ros__cpp
[0.219s] [ 20%] Built target unitree_ros__rosidl_generator_c
[0.265s] [ 28%] Built target unitree_ros__rosidl_typesupport_introspection_c
[0.269s] [ 36%] Built target unitree_ros__rosidl_typesupport_fastrtps_c
[0.270s] [ 44%] Built target unitree_ros__rosidl_typesupport_fastrtps_cpp
[0.272s] [ 53%] Built target unitree_ros__rosidl_typesupport_c
[0.285s] [ 61%] Built target unitree_ros__rosidl_typesupport_cpp
[0.317s] [ 69%] Built target unitree_ros__rosidl_typesupport_introspection_cpp
[0.358s] [ 69%] Built target unitree_ros
[0.372s] [ 79%] Built target unitree_driver
[0.405s] [ 81%] Built target unitree_ros__py
[0.454s] [ 87%] Built target unitree_ros__rosidl_generator_py
[0.499s] [100%] Built target unitree_ros__rosidl_typesupport_introspection_c__pyext
[0.500s] [100%] Built target unitree_ros__rosidl_typesupport_c__pyext
[0.500s] [100%] Built target unitree_ros__rosidl_typesupport_fastrtps_c__pyext
[0.529s] running egg_info
[0.529s] writing unitree_ros.egg-info/PKG-INFO
[0.530s] writing dependency_links to unitree_ros.egg-info/dependency_links.txt
[0.530s] writing top-level names to unitree_ros.egg-info/top_level.txt
[0.535s] reading manifest file 'unitree_ros.egg-info/SOURCES.txt'
[0.536s] writing manifest file 'unitree_ros.egg-info/SOURCES.txt'
[0.601s] [100%] Built target ament_cmake_python_build_unitree_ros_egg
[0.627s] Invoked command in '/home/trace/ros2_ws/build/unitree_ros' returned '0': /usr/bin/cmake --build /home/trace/ros2_ws/build/unitree_ros -- -j6 -l6
[0.650s] Invoking command in '/home/trace/ros2_ws/build/unitree_ros': /usr/bin/cmake --install /home/trace/ros2_ws/build/unitree_ros
[0.668s] -- Install configuration: ""
[0.670s] -- Execute custom install script
[0.671s] -- Up-to-date symlink: /home/trace/ros2_ws/install/unitree_ros/share/ament_index/resource_index/rosidl_interfaces/unitree_ros
[0.672s] -- Up-to-date symlink: /home/trace/ros2_ws/install/unitree_ros/share/unitree_ros/msg/BmsState.json
[0.672s] -- Up-to-date symlink: /home/trace/ros2_ws/install/unitree_ros/share/unitree_ros/msg/SensorRanges.json
[0.674s] -- Up-to-date symlink: /home/trace/ros2_ws/install/unitree_ros/include/unitree_ros/unitree_ros/msg/bms_state.h
[0.674s] -- Up-to-date symlink: /home/trace/ros2_ws/install/unitree_ros/include/unitree_ros/unitree_ros/msg/detail/bms_state__functions.h
[0.675s] -- Up-to-date symlink: /home/trace/ros2_ws/install/unitree_ros/include/unitree_ros/unitree_ros/msg/detail/bms_state__struct.h
[0.675s] -- Up-to-date symlink: /home/trace/ros2_ws/install/unitree_ros/include/unitree_ros/unitree_ros/msg/detail/bms_state__type_support.h
[0.676s] -- Up-to-date symlink: /home/trace/ros2_ws/install/unitree_ros/include/unitree_ros/unitree_ros/msg/detail/sensor_ranges__functions.h
[0.676s] -- Up-to-date symlink: /home/trace/ros2_ws/install/unitree_ros/include/unitree_ros/unitree_ros/msg/detail/sensor_ranges__struct.h
[0.676s] -- Up-to-date symlink: /home/trace/ros2_ws/install/unitree_ros/include/unitree_ros/unitree_ros/msg/detail/sensor_ranges__type_support.h
[0.677s] -- Up-to-date symlink: /home/trace/ros2_ws/install/unitree_ros/include/unitree_ros/unitree_ros/msg/rosidl_generator_c__visibility_control.h
[0.677s] -- Up-to-date symlink: /home/trace/ros2_ws/install/unitree_ros/include/unitree_ros/unitree_ros/msg/sensor_ranges.h
[0.677s] -- Up-to-date symlink: /home/trace/ros2_ws/install/unitree_ros/share/unitree_ros/environment/library_path.sh
[0.678s] -- Up-to-date symlink: /home/trace/ros2_ws/install/unitree_ros/share/unitree_ros/environment/library_path.dsv
[0.679s] -- Up-to-date symlink: /home/trace/ros2_ws/install/unitree_ros/include/unitree_ros/unitree_ros/msg/detail/bms_state__rosidl_typesupport_fastrtps_c.h
[0.679s] -- Up-to-date symlink: /home/trace/ros2_ws/install/unitree_ros/include/unitree_ros/unitree_ros/msg/detail/sensor_ranges__rosidl_typesupport_fastrtps_c.h
[0.680s] -- Up-to-date symlink: /home/trace/ros2_ws/install/unitree_ros/include/unitree_ros/unitree_ros/msg/rosidl_typesupport_fastrtps_c__visibility_control.h
[0.681s] -- Up-to-date symlink: /home/trace/ros2_ws/install/unitree_ros/include/unitree_ros/unitree_ros/msg/detail/bms_state__rosidl_typesupport_introspection_c.h
[0.681s] -- Up-to-date symlink: /home/trace/ros2_ws/install/unitree_ros/include/unitree_ros/unitree_ros/msg/detail/sensor_ranges__rosidl_typesupport_introspection_c.h
[0.681s] -- Up-to-date symlink: /home/trace/ros2_ws/install/unitree_ros/include/unitree_ros/unitree_ros/msg/rosidl_typesupport_introspection_c__visibility_control.h
[0.682s] -- Up-to-date symlink: /home/trace/ros2_ws/install/unitree_ros/include/unitree_ros/unitree_ros/msg/bms_state.hpp
[0.682s] -- Up-to-date symlink: /home/trace/ros2_ws/install/unitree_ros/include/unitree_ros/unitree_ros/msg/detail/bms_state__builder.hpp
[0.683s] -- Up-to-date symlink: /home/trace/ros2_ws/install/unitree_ros/include/unitree_ros/unitree_ros/msg/detail/bms_state__struct.hpp
[0.683s] -- Up-to-date symlink: /home/trace/ros2_ws/install/unitree_ros/include/unitree_ros/unitree_ros/msg/detail/bms_state__traits.hpp
[0.684s] -- Up-to-date symlink: /home/trace/ros2_ws/install/unitree_ros/include/unitree_ros/unitree_ros/msg/detail/sensor_ranges__builder.hpp
[0.684s] -- Up-to-date symlink: /home/trace/ros2_ws/install/unitree_ros/include/unitree_ros/unitree_ros/msg/detail/sensor_ranges__struct.hpp
[0.685s] -- Up-to-date symlink: /home/trace/ros2_ws/install/unitree_ros/include/unitree_ros/unitree_ros/msg/detail/sensor_ranges__traits.hpp
[0.685s] -- Up-to-date symlink: /home/trace/ros2_ws/install/unitree_ros/include/unitree_ros/unitree_ros/msg/sensor_ranges.hpp
[0.686s] -- Up-to-date symlink: /home/trace/ros2_ws/install/unitree_ros/include/unitree_ros/unitree_ros/msg/detail/bms_state__rosidl_typesupport_fastrtps_cpp.hpp
[0.686s] -- Up-to-date symlink: /home/trace/ros2_ws/install/unitree_ros/include/unitree_ros/unitree_ros/msg/detail/sensor_ranges__rosidl_typesupport_fastrtps_cpp.hpp
[0.687s] -- Up-to-date symlink: /home/trace/ros2_ws/install/unitree_ros/include/unitree_ros/unitree_ros/msg/rosidl_typesupport_fastrtps_cpp__visibility_control.h
[0.687s] -- Up-to-date symlink: /home/trace/ros2_ws/install/unitree_ros/include/unitree_ros/unitree_ros/msg/detail/bms_state__rosidl_typesupport_introspection_cpp.hpp
[0.688s] -- Up-to-date symlink: /home/trace/ros2_ws/install/unitree_ros/include/unitree_ros/unitree_ros/msg/detail/sensor_ranges__rosidl_typesupport_introspection_cpp.hpp
[0.688s] -- Up-to-date symlink: /home/trace/ros2_ws/install/unitree_ros/share/unitree_ros/environment/pythonpath.sh
[0.689s] -- Up-to-date symlink: /home/trace/ros2_ws/install/unitree_ros/share/unitree_ros/environment/pythonpath.dsv
[0.690s] -- Up-to-date symlink: /home/trace/ros2_ws/install/unitree_ros/lib/python3.10/site-packages/unitree_ros-1.2.0-py3.10.egg-info/PKG-INFO
[0.690s] -- Up-to-date symlink: /home/trace/ros2_ws/install/unitree_ros/lib/python3.10/site-packages/unitree_ros-1.2.0-py3.10.egg-info/SOURCES.txt
[0.690s] -- Up-to-date symlink: /home/trace/ros2_ws/install/unitree_ros/lib/python3.10/site-packages/unitree_ros-1.2.0-py3.10.egg-info/dependency_links.txt
[0.691s] -- Up-to-date symlink: /home/trace/ros2_ws/install/unitree_ros/lib/python3.10/site-packages/unitree_ros-1.2.0-py3.10.egg-info/top_level.txt
[0.692s] -- Up-to-date symlink: /home/trace/ros2_ws/install/unitree_ros/lib/python3.10/site-packages/unitree_ros/__init__.py
[0.692s] -- Up-to-date symlink: /home/trace/ros2_ws/install/unitree_ros/lib/python3.10/site-packages/unitree_ros/_unitree_ros_s.ep.rosidl_typesupport_c.c
[0.693s] -- Up-to-date symlink: /home/trace/ros2_ws/install/unitree_ros/lib/python3.10/site-packages/unitree_ros/_unitree_ros_s.ep.rosidl_typesupport_fastrtps_c.c
[0.693s] -- Up-to-date symlink: /home/trace/ros2_ws/install/unitree_ros/lib/python3.10/site-packages/unitree_ros/_unitree_ros_s.ep.rosidl_typesupport_introspection_c.c
[0.693s] -- Up-to-date symlink: /home/trace/ros2_ws/install/unitree_ros/lib/python3.10/site-packages/unitree_ros/libunitree_ros__rosidl_generator_py.so
[0.694s] -- Up-to-date symlink: /home/trace/ros2_ws/install/unitree_ros/lib/python3.10/site-packages/unitree_ros/msg/__init__.py
[0.694s] -- Up-to-date symlink: /home/trace/ros2_ws/install/unitree_ros/lib/python3.10/site-packages/unitree_ros/msg/_bms_state.py
[0.694s] -- Up-to-date symlink: /home/trace/ros2_ws/install/unitree_ros/lib/python3.10/site-packages/unitree_ros/msg/_bms_state_s.c
[0.695s] -- Up-to-date symlink: /home/trace/ros2_ws/install/unitree_ros/lib/python3.10/site-packages/unitree_ros/msg/_sensor_ranges.py
[0.695s] -- Up-to-date symlink: /home/trace/ros2_ws/install/unitree_ros/lib/python3.10/site-packages/unitree_ros/msg/_sensor_ranges_s.c
[0.695s] -- Up-to-date symlink: /home/trace/ros2_ws/install/unitree_ros/lib/python3.10/site-packages/unitree_ros/unitree_ros_s__rosidl_typesupport_c.cpython-310-aarch64-linux-gnu.so
[0.696s] -- Up-to-date symlink: /home/trace/ros2_ws/install/unitree_ros/lib/python3.10/site-packages/unitree_ros/unitree_ros_s__rosidl_typesupport_fastrtps_c.cpython-310-aarch64-linux-gnu.so
[0.696s] -- Up-to-date symlink: /home/trace/ros2_ws/install/unitree_ros/lib/python3.10/site-packages/unitree_ros/unitree_ros_s__rosidl_typesupport_introspection_c.cpython-310-aarch64-linux-gnu.so
[0.697s] -- Up-to-date symlink: /home/trace/ros2_ws/install/unitree_ros/lib/python3.10/site-packages/unitree_ros/unitree_ros_s__rosidl_typesupport_fastrtps_c.cpython-310-aarch64-linux-gnu.so
[0.697s] -- Up-to-date symlink: /home/trace/ros2_ws/install/unitree_ros/lib/python3.10/site-packages/unitree_ros/unitree_ros_s__rosidl_typesupport_introspection_c.cpython-310-aarch64-linux-gnu.so
[0.698s] -- Up-to-date symlink: /home/trace/ros2_ws/install/unitree_ros/lib/python3.10/site-packages/unitree_ros/unitree_ros_s__rosidl_typesupport_c.cpython-310-aarch64-linux-gnu.so
[0.698s] -- Up-to-date symlink: /home/trace/ros2_ws/install/unitree_ros/share/unitree_ros/msg/BmsState.idl
[0.699s] -- Up-to-date symlink: /home/trace/ros2_ws/install/unitree_ros/share/unitree_ros/msg/SensorRanges.idl
[0.699s] -- Up-to-date symlink: /home/trace/ros2_ws/install/unitree_ros/share/unitree_ros/msg/BmsState.msg
[0.699s] -- Up-to-date symlink: /home/trace/ros2_ws/install/unitree_ros/share/unitree_ros/msg/SensorRanges.msg
[0.700s] -- Up-to-date symlink: /home/trace/ros2_ws/install/unitree_ros/include/include/unitree_ros/common_defines.hpp
[0.701s] -- Up-to-date symlink: /home/trace/ros2_ws/install/unitree_ros/include/include/unitree_ros/serializers.hpp
[0.701s] -- Up-to-date symlink: /home/trace/ros2_ws/install/unitree_ros/include/include/unitree_ros/unitree_driver.hpp
[0.701s] -- Up-to-date symlink: /home/trace/ros2_ws/install/unitree_ros/include/include/unitree_ros/unitree_ros.hpp
[0.702s] -- Up-to-date symlink: /home/trace/ros2_ws/install/unitree_ros/include/include/unitree_legged_sdk/a1_const.h
[0.702s] -- Up-to-date symlink: /home/trace/ros2_ws/install/unitree_ros/include/include/unitree_legged_sdk/aliengo_const.h
[0.703s] -- Up-to-date symlink: /home/trace/ros2_ws/install/unitree_ros/include/include/unitree_legged_sdk/b1_const.h
[0.703s] -- Up-to-date symlink: /home/trace/ros2_ws/install/unitree_ros/include/include/unitree_legged_sdk/comm.h
[0.704s] -- Up-to-date symlink: /home/trace/ros2_ws/install/unitree_ros/include/include/unitree_legged_sdk/go1_const.h
[0.704s] -- Up-to-date symlink: /home/trace/ros2_ws/install/unitree_ros/include/include/unitree_legged_sdk/joystick.h
[0.704s] -- Up-to-date symlink: /home/trace/ros2_ws/install/unitree_ros/include/include/unitree_legged_sdk/loop.h
[0.705s] -- Up-to-date symlink: /home/trace/ros2_ws/install/unitree_ros/include/include/unitree_legged_sdk/quadruped.h
[0.705s] -- Up-to-date symlink: /home/trace/ros2_ws/install/unitree_ros/include/include/unitree_legged_sdk/safety.h
[0.705s] -- Up-to-date symlink: /home/trace/ros2_ws/install/unitree_ros/include/include/unitree_legged_sdk/udp.h
[0.705s] -- Up-to-date symlink: /home/trace/ros2_ws/install/unitree_ros/include/include/unitree_legged_sdk/unitree_legged_sdk.h
[0.706s] -- Up-to-date symlink: /home/trace/ros2_ws/install/unitree_ros/include/include/FaceLightClient.h
[0.706s] -- Up-to-date symlink: /home/trace/ros2_ws/install/unitree_ros/include/include/LEDPixel.h
[0.707s] -- Up-to-date symlink: /home/trace/ros2_ws/install/unitree_ros/share/unitree_ros/config/params.yaml
[0.708s] -- Up-to-date symlink: /home/trace/ros2_ws/install/unitree_ros/share/unitree_ros/launch/unitree_driver_launch.py
[0.708s] -- Up-to-date symlink: /home/trace/ros2_ws/install/unitree_ros/lib/libfaceLight_SDK_arm64.so
[0.709s] -- Up-to-date symlink: /home/trace/ros2_ws/install/unitree_ros/share/ament_index/resource_index/package_run_dependencies/unitree_ros
[0.709s] -- Up-to-date symlink: /home/trace/ros2_ws/install/unitree_ros/share/ament_index/resource_index/parent_prefix_path/unitree_ros
[0.710s] -- Up-to-date symlink: /home/trace/ros2_ws/install/unitree_ros/share/unitree_ros/environment/ament_prefix_path.sh
[0.710s] -- Up-to-date symlink: /home/trace/ros2_ws/install/unitree_ros/share/unitree_ros/environment/ament_prefix_path.dsv
[0.711s] -- Up-to-date symlink: /home/trace/ros2_ws/install/unitree_ros/share/unitree_ros/environment/path.sh
[0.711s] -- Up-to-date symlink: /home/trace/ros2_ws/install/unitree_ros/share/unitree_ros/environment/path.dsv
[0.712s] -- Up-to-date symlink: /home/trace/ros2_ws/install/unitree_ros/share/unitree_ros/local_setup.bash
[0.712s] -- Up-to-date symlink: /home/trace/ros2_ws/install/unitree_ros/share/unitree_ros/local_setup.sh
[0.712s] -- Up-to-date symlink: /home/trace/ros2_ws/install/unitree_ros/share/unitree_ros/local_setup.zsh
[0.713s] -- Up-to-date symlink: /home/trace/ros2_ws/install/unitree_ros/share/unitree_ros/local_setup.dsv
[0.713s] -- Symlinking: /home/trace/ros2_ws/install/unitree_ros/share/unitree_ros/package.dsv
[0.730s] -- Up-to-date symlink: /home/trace/ros2_ws/install/unitree_ros/share/ament_index/resource_index/packages/unitree_ros
[0.731s] -- Up-to-date symlink: /home/trace/ros2_ws/install/unitree_ros/share/unitree_ros/cmake/rosidl_cmake-extras.cmake
[0.731s] -- Up-to-date symlink: /home/trace/ros2_ws/install/unitree_ros/share/unitree_ros/cmake/ament_cmake_export_dependencies-extras.cmake
[0.732s] -- Up-to-date symlink: /home/trace/ros2_ws/install/unitree_ros/share/unitree_ros/cmake/ament_cmake_export_include_directories-extras.cmake
[0.732s] -- Up-to-date symlink: /home/trace/ros2_ws/install/unitree_ros/share/unitree_ros/cmake/ament_cmake_export_libraries-extras.cmake
[0.733s] -- Up-to-date symlink: /home/trace/ros2_ws/install/unitree_ros/share/unitree_ros/cmake/ament_cmake_export_targets-extras.cmake
[0.733s] -- Up-to-date symlink: /home/trace/ros2_ws/install/unitree_ros/share/unitree_ros/cmake/rosidl_cmake_export_typesupport_targets-extras.cmake
[0.734s] -- Up-to-date symlink: /home/trace/ros2_ws/install/unitree_ros/share/unitree_ros/cmake/rosidl_cmake_export_typesupport_libraries-extras.cmake
[0.734s] -- Up-to-date symlink: /home/trace/ros2_ws/install/unitree_ros/share/unitree_ros/cmake/unitree_rosConfig.cmake
[0.734s] -- Up-to-date symlink: /home/trace/ros2_ws/install/unitree_ros/share/unitree_ros/cmake/unitree_rosConfig-version.cmake
[0.735s] -- Up-to-date symlink: /home/trace/ros2_ws/install/unitree_ros/share/unitree_ros/package.xml
[0.736s] -- Up-to-date: /home/trace/ros2_ws/install/unitree_ros/lib/libunitree_ros__rosidl_generator_c.so
[0.737s] -- Up-to-date: /home/trace/ros2_ws/install/unitree_ros/lib/libunitree_ros__rosidl_typesupport_fastrtps_c.so
[0.738s] -- Up-to-date: /home/trace/ros2_ws/install/unitree_ros/lib/libunitree_ros__rosidl_typesupport_introspection_c.so
[0.738s] -- Up-to-date: /home/trace/ros2_ws/install/unitree_ros/lib/libunitree_ros__rosidl_typesupport_c.so
[0.739s] -- Up-to-date: /home/trace/ros2_ws/install/unitree_ros/lib/libunitree_ros__rosidl_typesupport_fastrtps_cpp.so
[0.740s] -- Up-to-date: /home/trace/ros2_ws/install/unitree_ros/lib/libunitree_ros__rosidl_typesupport_introspection_cpp.so
[0.740s] -- Up-to-date: /home/trace/ros2_ws/install/unitree_ros/lib/libunitree_ros__rosidl_typesupport_cpp.so
[0.804s] Listing '/home/trace/ros2_ws/install/unitree_ros/lib/python3.10/site-packages/unitree_ros'...
[0.804s] Listing '/home/trace/ros2_ws/install/unitree_ros/lib/python3.10/site-packages/unitree_ros/msg'...
[0.814s] -- Up-to-date: /home/trace/ros2_ws/install/unitree_ros/lib/libunitree_ros__rosidl_generator_py.so
[0.815s] -- Up-to-date: /home/trace/ros2_ws/install/unitree_ros/lib/unitree_ros/unitree_driver
[0.816s] -- Up-to-date: /home/trace/ros2_ws/install/unitree_ros/share/unitree_ros/cmake/export_unitree_ros__rosidl_generator_cExport.cmake
[0.816s] -- Up-to-date: /home/trace/ros2_ws/install/unitree_ros/share/unitree_ros/cmake/export_unitree_ros__rosidl_generator_cExport-noconfig.cmake
[0.817s] -- Up-to-date: /home/trace/ros2_ws/install/unitree_ros/share/unitree_ros/cmake/export_unitree_ros__rosidl_typesupport_fastrtps_cExport.cmake
[0.817s] -- Up-to-date: /home/trace/ros2_ws/install/unitree_ros/share/unitree_ros/cmake/export_unitree_ros__rosidl_typesupport_fastrtps_cExport-noconfig.cmake
[0.817s] -- Up-to-date: /home/trace/ros2_ws/install/unitree_ros/share/unitree_ros/cmake/unitree_ros__rosidl_typesupport_introspection_cExport.cmake
[0.817s] -- Up-to-date: /home/trace/ros2_ws/install/unitree_ros/share/unitree_ros/cmake/unitree_ros__rosidl_typesupport_introspection_cExport-noconfig.cmake
[0.818s] -- Up-to-date: /home/trace/ros2_ws/install/unitree_ros/share/unitree_ros/cmake/unitree_ros__rosidl_typesupport_cExport.cmake
[0.818s] -- Up-to-date: /home/trace/ros2_ws/install/unitree_ros/share/unitree_ros/cmake/unitree_ros__rosidl_typesupport_cExport-noconfig.cmake
[0.819s] -- Up-to-date: /home/trace/ros2_ws/install/unitree_ros/share/unitree_ros/cmake/export_unitree_ros__rosidl_generator_cppExport.cmake
[0.819s] -- Up-to-date: /home/trace/ros2_ws/install/unitree_ros/share/unitree_ros/cmake/export_unitree_ros__rosidl_typesupport_fastrtps_cppExport.cmake
[0.819s] -- Up-to-date: /home/trace/ros2_ws/install/unitree_ros/share/unitree_ros/cmake/export_unitree_ros__rosidl_typesupport_fastrtps_cppExport-noconfig.cmake
[0.820s] -- Up-to-date: /home/trace/ros2_ws/install/unitree_ros/share/unitree_ros/cmake/unitree_ros__rosidl_typesupport_introspection_cppExport.cmake
[0.820s] -- Up-to-date: /home/trace/ros2_ws/install/unitree_ros/share/unitree_ros/cmake/unitree_ros__rosidl_typesupport_introspection_cppExport-noconfig.cmake
[0.820s] -- Up-to-date: /home/trace/ros2_ws/install/unitree_ros/share/unitree_ros/cmake/unitree_ros__rosidl_typesupport_cppExport.cmake
[0.821s] -- Up-to-date: /home/trace/ros2_ws/install/unitree_ros/share/unitree_ros/cmake/unitree_ros__rosidl_typesupport_cppExport-noconfig.cmake
[0.821s] -- Up-to-date: /home/trace/ros2_ws/install/unitree_ros/share/unitree_ros/cmake/export_unitree_ros__rosidl_generator_pyExport.cmake
[0.821s] -- Up-to-date: /home/trace/ros2_ws/install/unitree_ros/share/unitree_ros/cmake/export_unitree_ros__rosidl_generator_pyExport-noconfig.cmake
[0.826s] Invoked command in '/home/trace/ros2_ws/build/unitree_ros' returned '0': /usr/bin/cmake --install /home/trace/ros2_ws/build/unitree_ros
