[0.220s] DEBUG:colcon:Command line arguments: ['/usr/bin/colcon', 'build', '--symlink-install']
[0.220s] DEBUG:colcon:Parsed command line arguments: Namespace(log_base=None, log_level=None, verb_name='build', build_base='build', install_base='install', merge_install=False, symlink_install=True, test_result_base=None, continue_on_error=False, executor='parallel', parallel_workers=6, event_handlers=None, ignore_user_meta=False, metas=['./colcon.meta'], base_paths=['.'], packages_ignore=None, packages_ignore_regex=None, paths=None, packages_up_to=None, packages_up_to_regex=None, packages_above=None, packages_above_and_dependencies=None, packages_above_depth=None, packages_select_by_dep=None, packages_skip_by_dep=None, packages_skip_up_to=None, packages_select_build_failed=False, packages_skip_build_finished=False, packages_select_test_failures=False, packages_skip_test_passed=False, packages_select=None, packages_skip=None, packages_select_regex=None, packages_skip_regex=None, packages_start=None, packages_end=None, allow_overriding=[], cmake_args=None, cmake_target=None, cmake_target_skip_unavailable=False, cmake_clean_cache=False, cmake_clean_first=False, cmake_force_configure=False, ament_cmake_args=None, catkin_cmake_args=None, catkin_skip_building_tests=False, mixin_files=None, mixin=None, verb_parser=<colcon_mixin.mixin.mixin_argument.MixinArgumentDecorator object at 0xffffa5534c40>, verb_extension=<colcon_core.verb.build.BuildVerb object at 0xffffa5659ba0>, main=<bound method BuildVerb.main of <colcon_core.verb.build.BuildVerb object at 0xffffa5659ba0>>, mixin_verb=('build',))
[0.564s] Level 1:colcon.colcon_core.package_discovery:discover_packages(colcon_meta) check parameters
[0.565s] Level 1:colcon.colcon_core.package_discovery:discover_packages(recursive) check parameters
[0.565s] Level 1:colcon.colcon_core.package_discovery:discover_packages(ignore) check parameters
[0.565s] Level 1:colcon.colcon_core.package_discovery:discover_packages(path) check parameters
[0.565s] Level 1:colcon.colcon_core.package_discovery:discover_packages(colcon_meta) discover
[0.565s] Level 1:colcon.colcon_core.package_discovery:discover_packages(recursive) discover
[0.565s] INFO:colcon.colcon_core.package_discovery:Crawling recursively for packages in '/home/trace/ros2_ws'
[0.565s] Level 1:colcon.colcon_core.package_identification:_identify(.) by extensions ['ignore', 'ignore_ament_install']
[0.566s] Level 1:colcon.colcon_core.package_identification:_identify(.) by extension 'ignore'
[0.566s] Level 1:colcon.colcon_core.package_identification:_identify(.) by extension 'ignore_ament_install'
[0.566s] Level 1:colcon.colcon_core.package_identification:_identify(.) by extensions ['colcon_pkg']
[0.566s] Level 1:colcon.colcon_core.package_identification:_identify(.) by extension 'colcon_pkg'
[0.566s] Level 1:colcon.colcon_core.package_identification:_identify(.) by extensions ['colcon_meta']
[0.566s] Level 1:colcon.colcon_core.package_identification:_identify(.) by extension 'colcon_meta'
[0.566s] Level 1:colcon.colcon_core.package_identification:_identify(.) by extensions ['ros']
[0.566s] Level 1:colcon.colcon_core.package_identification:_identify(.) by extension 'ros'
[0.588s] Level 1:colcon.colcon_core.package_identification:_identify(.) by extensions ['cmake', 'python']
[0.588s] Level 1:colcon.colcon_core.package_identification:_identify(.) by extension 'cmake'
[0.588s] Level 1:colcon.colcon_core.package_identification:_identify(.) by extension 'python'
[0.589s] Level 1:colcon.colcon_core.package_identification:_identify(.) by extensions ['python_setup_py']
[0.589s] Level 1:colcon.colcon_core.package_identification:_identify(.) by extension 'python_setup_py'
[0.589s] Level 1:colcon.colcon_core.package_identification:_identify(build) by extensions ['ignore', 'ignore_ament_install']
[0.589s] Level 1:colcon.colcon_core.package_identification:_identify(build) by extension 'ignore'
[0.589s] Level 1:colcon.colcon_core.package_identification:_identify(build) ignored
[0.589s] Level 1:colcon.colcon_core.package_identification:_identify(install) by extensions ['ignore', 'ignore_ament_install']
[0.590s] Level 1:colcon.colcon_core.package_identification:_identify(install) by extension 'ignore'
[0.590s] Level 1:colcon.colcon_core.package_identification:_identify(install) ignored
[0.590s] Level 1:colcon.colcon_core.package_identification:_identify(log) by extensions ['ignore', 'ignore_ament_install']
[0.590s] Level 1:colcon.colcon_core.package_identification:_identify(log) by extension 'ignore'
[0.590s] Level 1:colcon.colcon_core.package_identification:_identify(log) ignored
[0.590s] Level 1:colcon.colcon_core.package_identification:_identify(src) by extensions ['ignore', 'ignore_ament_install']
[0.591s] Level 1:colcon.colcon_core.package_identification:_identify(src) by extension 'ignore'
[0.591s] Level 1:colcon.colcon_core.package_identification:_identify(src) by extension 'ignore_ament_install'
[0.591s] Level 1:colcon.colcon_core.package_identification:_identify(src) by extensions ['colcon_pkg']
[0.591s] Level 1:colcon.colcon_core.package_identification:_identify(src) by extension 'colcon_pkg'
[0.591s] Level 1:colcon.colcon_core.package_identification:_identify(src) by extensions ['colcon_meta']
[0.591s] Level 1:colcon.colcon_core.package_identification:_identify(src) by extension 'colcon_meta'
[0.591s] Level 1:colcon.colcon_core.package_identification:_identify(src) by extensions ['ros']
[0.591s] Level 1:colcon.colcon_core.package_identification:_identify(src) by extension 'ros'
[0.591s] Level 1:colcon.colcon_core.package_identification:_identify(src) by extensions ['cmake', 'python']
[0.591s] Level 1:colcon.colcon_core.package_identification:_identify(src) by extension 'cmake'
[0.592s] Level 1:colcon.colcon_core.package_identification:_identify(src) by extension 'python'
[0.592s] Level 1:colcon.colcon_core.package_identification:_identify(src) by extensions ['python_setup_py']
[0.592s] Level 1:colcon.colcon_core.package_identification:_identify(src) by extension 'python_setup_py'
[0.592s] Level 1:colcon.colcon_core.package_identification:_identify(src/unitree_ros) by extensions ['ignore', 'ignore_ament_install']
[0.592s] Level 1:colcon.colcon_core.package_identification:_identify(src/unitree_ros) by extension 'ignore'
[0.592s] Level 1:colcon.colcon_core.package_identification:_identify(src/unitree_ros) by extension 'ignore_ament_install'
[0.592s] Level 1:colcon.colcon_core.package_identification:_identify(src/unitree_ros) by extensions ['colcon_pkg']
[0.592s] Level 1:colcon.colcon_core.package_identification:_identify(src/unitree_ros) by extension 'colcon_pkg'
[0.592s] Level 1:colcon.colcon_core.package_identification:_identify(src/unitree_ros) by extensions ['colcon_meta']
[0.592s] Level 1:colcon.colcon_core.package_identification:_identify(src/unitree_ros) by extension 'colcon_meta'
[0.593s] Level 1:colcon.colcon_core.package_identification:_identify(src/unitree_ros) by extensions ['ros']
[0.593s] Level 1:colcon.colcon_core.package_identification:_identify(src/unitree_ros) by extension 'ros'
[0.598s] DEBUG:colcon.colcon_core.package_identification:Package 'src/unitree_ros' with type 'ros.ament_cmake' and name 'unitree_ros'
[0.599s] Level 1:colcon.colcon_core.package_discovery:discover_packages(recursive) using defaults
[0.599s] Level 1:colcon.colcon_core.package_discovery:discover_packages(ignore) discover
[0.599s] Level 1:colcon.colcon_core.package_discovery:discover_packages(ignore) using defaults
[0.599s] Level 1:colcon.colcon_core.package_discovery:discover_packages(path) discover
[0.599s] Level 1:colcon.colcon_core.package_discovery:discover_packages(path) using defaults
[0.666s] Level 1:colcon.colcon_core.package_discovery:discover_packages(prefix_path) check parameters
[0.667s] Level 1:colcon.colcon_core.package_discovery:discover_packages(prefix_path) discover
[0.671s] DEBUG:colcon.colcon_installed_package_information.package_discovery:Found 285 installed packages in /opt/ros/iron
[0.674s] Level 1:colcon.colcon_core.package_discovery:discover_packages(prefix_path) using defaults
[0.758s] Level 5:colcon.colcon_core.verb:set package 'unitree_ros' build argument 'cmake_args' from command line to 'None'
[0.759s] Level 5:colcon.colcon_core.verb:set package 'unitree_ros' build argument 'cmake_target' from command line to 'None'
[0.759s] Level 5:colcon.colcon_core.verb:set package 'unitree_ros' build argument 'cmake_target_skip_unavailable' from command line to 'False'
[0.759s] Level 5:colcon.colcon_core.verb:set package 'unitree_ros' build argument 'cmake_clean_cache' from command line to 'False'
[0.759s] Level 5:colcon.colcon_core.verb:set package 'unitree_ros' build argument 'cmake_clean_first' from command line to 'False'
[0.759s] Level 5:colcon.colcon_core.verb:set package 'unitree_ros' build argument 'cmake_force_configure' from command line to 'False'
[0.759s] Level 5:colcon.colcon_core.verb:set package 'unitree_ros' build argument 'ament_cmake_args' from command line to 'None'
[0.759s] Level 5:colcon.colcon_core.verb:set package 'unitree_ros' build argument 'catkin_cmake_args' from command line to 'None'
[0.759s] Level 5:colcon.colcon_core.verb:set package 'unitree_ros' build argument 'catkin_skip_building_tests' from command line to 'False'
[0.759s] DEBUG:colcon.colcon_core.verb:Building package 'unitree_ros' with the following arguments: {'ament_cmake_args': None, 'build_base': '/home/trace/ros2_ws/build/unitree_ros', 'catkin_cmake_args': None, 'catkin_skip_building_tests': False, 'cmake_args': None, 'cmake_clean_cache': False, 'cmake_clean_first': False, 'cmake_force_configure': False, 'cmake_target': None, 'cmake_target_skip_unavailable': False, 'install_base': '/home/trace/ros2_ws/install/unitree_ros', 'merge_install': False, 'path': '/home/trace/ros2_ws/src/unitree_ros', 'symlink_install': True, 'test_result_base': None}
[0.759s] INFO:colcon.colcon_core.executor:Executing jobs using 'parallel' executor
[0.761s] DEBUG:colcon.colcon_parallel_executor.executor.parallel:run_until_complete
[0.762s] INFO:colcon.colcon_ros.task.ament_cmake.build:Building ROS package in '/home/trace/ros2_ws/src/unitree_ros' with build type 'ament_cmake'
[0.762s] INFO:colcon.colcon_cmake.task.cmake.build:Building CMake package in '/home/trace/ros2_ws/src/unitree_ros'
[0.766s] INFO:colcon.colcon_core.plugin_system:Skipping extension 'colcon_core.shell.bat': Not used on non-Windows systems
[0.766s] INFO:colcon.colcon_core.shell:Skip shell extension 'powershell' for command environment: Not usable outside of PowerShell
[0.766s] DEBUG:colcon.colcon_core.shell:Skip shell extension 'dsv' for command environment
[0.781s] DEBUG:colcon.colcon_core.event_handler.log_command:Invoking command in '/home/trace/ros2_ws/build/unitree_ros': CMAKE_PREFIX_PATH=/opt/ros/iron PS1=(ros2_venv) \[\e]0;\u@\h: \w\a\]${debian_chroot:+($debian_chroot)}\[\033[01;32m\]\u@\h\[\033[00m\]:\[\033[01;34m\]\w\[\033[00m\]\$ VIRTUAL_ENV_PROMPT=(ros2_venv) /usr/bin/cmake /home/trace/ros2_ws/src/unitree_ros -DAMENT_CMAKE_SYMLINK_INSTALL=1 -DCMAKE_INSTALL_PREFIX=/home/trace/ros2_ws/install/unitree_ros
[7.280s] DEBUG:colcon.colcon_core.event_handler.log_command:Invoked command in '/home/trace/ros2_ws/build/unitree_ros' returned '0': CMAKE_PREFIX_PATH=/opt/ros/iron PS1=(ros2_venv) \[\e]0;\u@\h: \w\a\]${debian_chroot:+($debian_chroot)}\[\033[01;32m\]\u@\h\[\033[00m\]:\[\033[01;34m\]\w\[\033[00m\]\$ VIRTUAL_ENV_PROMPT=(ros2_venv) /usr/bin/cmake /home/trace/ros2_ws/src/unitree_ros -DAMENT_CMAKE_SYMLINK_INSTALL=1 -DCMAKE_INSTALL_PREFIX=/home/trace/ros2_ws/install/unitree_ros
[7.286s] DEBUG:colcon.colcon_core.event_handler.log_command:Invoking command in '/home/trace/ros2_ws/build/unitree_ros': CMAKE_PREFIX_PATH=/opt/ros/iron PS1=(ros2_venv) \[\e]0;\u@\h: \w\a\]${debian_chroot:+($debian_chroot)}\[\033[01;32m\]\u@\h\[\033[00m\]:\[\033[01;34m\]\w\[\033[00m\]\$ VIRTUAL_ENV_PROMPT=(ros2_venv) /usr/bin/cmake --build /home/trace/ros2_ws/build/unitree_ros -- -j6 -l6
[40.307s] DEBUG:colcon.colcon_core.event_handler.log_command:Invoked command in '/home/trace/ros2_ws/build/unitree_ros' returned '0': CMAKE_PREFIX_PATH=/opt/ros/iron PS1=(ros2_venv) \[\e]0;\u@\h: \w\a\]${debian_chroot:+($debian_chroot)}\[\033[01;32m\]\u@\h\[\033[00m\]:\[\033[01;34m\]\w\[\033[00m\]\$ VIRTUAL_ENV_PROMPT=(ros2_venv) /usr/bin/cmake --build /home/trace/ros2_ws/build/unitree_ros -- -j6 -l6
[40.335s] DEBUG:colcon.colcon_core.event_handler.log_command:Invoking command in '/home/trace/ros2_ws/build/unitree_ros': CMAKE_PREFIX_PATH=/opt/ros/iron PS1=(ros2_venv) \[\e]0;\u@\h: \w\a\]${debian_chroot:+($debian_chroot)}\[\033[01;32m\]\u@\h\[\033[00m\]:\[\033[01;34m\]\w\[\033[00m\]\$ VIRTUAL_ENV_PROMPT=(ros2_venv) /usr/bin/cmake --install /home/trace/ros2_ws/build/unitree_ros
[42.631s] Level 1:colcon.colcon_core.environment:create_environment_scripts_only(unitree_ros)
[42.633s] DEBUG:colcon.colcon_core.event_handler.log_command:Invoked command in '/home/trace/ros2_ws/build/unitree_ros' returned '0': CMAKE_PREFIX_PATH=/opt/ros/iron PS1=(ros2_venv) \[\e]0;\u@\h: \w\a\]${debian_chroot:+($debian_chroot)}\[\033[01;32m\]\u@\h\[\033[00m\]:\[\033[01;34m\]\w\[\033[00m\]\$ VIRTUAL_ENV_PROMPT=(ros2_venv) /usr/bin/cmake --install /home/trace/ros2_ws/build/unitree_ros
[42.641s] Level 1:colcon.colcon_core.environment:checking '/home/trace/ros2_ws/install/unitree_ros' for CMake module files
[42.643s] Level 1:colcon.colcon_core.environment:checking '/home/trace/ros2_ws/install/unitree_ros' for CMake config files
[42.647s] Level 1:colcon.colcon_core.shell:create_environment_hook('unitree_ros', 'cmake_prefix_path')
[42.648s] INFO:colcon.colcon_core.shell:Creating environment hook '/home/trace/ros2_ws/install/unitree_ros/share/unitree_ros/hook/cmake_prefix_path.ps1'
[42.651s] INFO:colcon.colcon_core.shell:Creating environment descriptor '/home/trace/ros2_ws/install/unitree_ros/share/unitree_ros/hook/cmake_prefix_path.dsv'
[42.653s] INFO:colcon.colcon_core.shell:Creating environment hook '/home/trace/ros2_ws/install/unitree_ros/share/unitree_ros/hook/cmake_prefix_path.sh'
[42.657s] Level 1:colcon.colcon_core.environment:checking '/home/trace/ros2_ws/install/unitree_ros/lib'
[42.658s] Level 1:colcon.colcon_core.shell:create_environment_hook('unitree_ros', 'ld_library_path_lib')
[42.658s] INFO:colcon.colcon_core.shell:Creating environment hook '/home/trace/ros2_ws/install/unitree_ros/share/unitree_ros/hook/ld_library_path_lib.ps1'
[42.660s] INFO:colcon.colcon_core.shell:Creating environment descriptor '/home/trace/ros2_ws/install/unitree_ros/share/unitree_ros/hook/ld_library_path_lib.dsv'
[42.661s] INFO:colcon.colcon_core.shell:Creating environment hook '/home/trace/ros2_ws/install/unitree_ros/share/unitree_ros/hook/ld_library_path_lib.sh'
[42.662s] Level 1:colcon.colcon_core.environment:checking '/home/trace/ros2_ws/install/unitree_ros/bin'
[42.662s] Level 1:colcon.colcon_core.environment:checking '/home/trace/ros2_ws/install/unitree_ros/lib/pkgconfig/unitree_ros.pc'
[42.663s] Level 1:colcon.colcon_core.environment:checking '/home/trace/ros2_ws/install/unitree_ros/lib/python3.10/site-packages'
[42.664s] Level 1:colcon.colcon_core.shell:create_environment_hook('unitree_ros', 'pythonpath')
[42.664s] INFO:colcon.colcon_core.shell:Creating environment hook '/home/trace/ros2_ws/install/unitree_ros/share/unitree_ros/hook/pythonpath.ps1'
[42.666s] INFO:colcon.colcon_core.shell:Creating environment descriptor '/home/trace/ros2_ws/install/unitree_ros/share/unitree_ros/hook/pythonpath.dsv'
[42.667s] INFO:colcon.colcon_core.shell:Creating environment hook '/home/trace/ros2_ws/install/unitree_ros/share/unitree_ros/hook/pythonpath.sh'
[42.669s] Level 1:colcon.colcon_core.environment:checking '/home/trace/ros2_ws/install/unitree_ros/bin'
[42.670s] INFO:colcon.colcon_core.shell:Creating package script '/home/trace/ros2_ws/install/unitree_ros/share/unitree_ros/package.ps1'
[42.673s] INFO:colcon.colcon_core.shell:Creating package descriptor '/home/trace/ros2_ws/install/unitree_ros/share/unitree_ros/package.dsv'
[42.675s] INFO:colcon.colcon_core.shell:Creating package script '/home/trace/ros2_ws/install/unitree_ros/share/unitree_ros/package.sh'
[42.678s] INFO:colcon.colcon_core.shell:Creating package script '/home/trace/ros2_ws/install/unitree_ros/share/unitree_ros/package.bash'
[42.681s] INFO:colcon.colcon_core.shell:Creating package script '/home/trace/ros2_ws/install/unitree_ros/share/unitree_ros/package.zsh'
[42.683s] Level 1:colcon.colcon_core.environment:create_file_with_runtime_dependencies(/home/trace/ros2_ws/install/unitree_ros/share/colcon-core/packages/unitree_ros)
[42.686s] Level 1:colcon.colcon_core.environment:create_environment_scripts_only(unitree_ros)
[42.686s] Level 1:colcon.colcon_core.environment:checking '/home/trace/ros2_ws/install/unitree_ros' for CMake module files
[42.689s] Level 1:colcon.colcon_core.environment:checking '/home/trace/ros2_ws/install/unitree_ros' for CMake config files
[42.692s] Level 1:colcon.colcon_core.shell:create_environment_hook('unitree_ros', 'cmake_prefix_path')
[42.693s] INFO:colcon.colcon_core.shell:Creating environment hook '/home/trace/ros2_ws/install/unitree_ros/share/unitree_ros/hook/cmake_prefix_path.ps1'
[42.694s] INFO:colcon.colcon_core.shell:Creating environment descriptor '/home/trace/ros2_ws/install/unitree_ros/share/unitree_ros/hook/cmake_prefix_path.dsv'
[42.695s] INFO:colcon.colcon_core.shell:Creating environment hook '/home/trace/ros2_ws/install/unitree_ros/share/unitree_ros/hook/cmake_prefix_path.sh'
[42.697s] Level 1:colcon.colcon_core.environment:checking '/home/trace/ros2_ws/install/unitree_ros/lib'
[42.697s] Level 1:colcon.colcon_core.shell:create_environment_hook('unitree_ros', 'ld_library_path_lib')
[42.698s] INFO:colcon.colcon_core.shell:Creating environment hook '/home/trace/ros2_ws/install/unitree_ros/share/unitree_ros/hook/ld_library_path_lib.ps1'
[42.699s] INFO:colcon.colcon_core.shell:Creating environment descriptor '/home/trace/ros2_ws/install/unitree_ros/share/unitree_ros/hook/ld_library_path_lib.dsv'
[42.700s] INFO:colcon.colcon_core.shell:Creating environment hook '/home/trace/ros2_ws/install/unitree_ros/share/unitree_ros/hook/ld_library_path_lib.sh'
[42.701s] Level 1:colcon.colcon_core.environment:checking '/home/trace/ros2_ws/install/unitree_ros/bin'
[42.702s] Level 1:colcon.colcon_core.environment:checking '/home/trace/ros2_ws/install/unitree_ros/lib/pkgconfig/unitree_ros.pc'
[42.702s] Level 1:colcon.colcon_core.environment:checking '/home/trace/ros2_ws/install/unitree_ros/lib/python3.10/site-packages'
[42.702s] Level 1:colcon.colcon_core.shell:create_environment_hook('unitree_ros', 'pythonpath')
[42.703s] INFO:colcon.colcon_core.shell:Creating environment hook '/home/trace/ros2_ws/install/unitree_ros/share/unitree_ros/hook/pythonpath.ps1'
[42.704s] INFO:colcon.colcon_core.shell:Creating environment descriptor '/home/trace/ros2_ws/install/unitree_ros/share/unitree_ros/hook/pythonpath.dsv'
[42.705s] INFO:colcon.colcon_core.shell:Creating environment hook '/home/trace/ros2_ws/install/unitree_ros/share/unitree_ros/hook/pythonpath.sh'
[42.707s] Level 1:colcon.colcon_core.environment:checking '/home/trace/ros2_ws/install/unitree_ros/bin'
[42.708s] INFO:colcon.colcon_core.shell:Creating package script '/home/trace/ros2_ws/install/unitree_ros/share/unitree_ros/package.ps1'
[42.710s] INFO:colcon.colcon_core.shell:Creating package descriptor '/home/trace/ros2_ws/install/unitree_ros/share/unitree_ros/package.dsv'
[42.712s] INFO:colcon.colcon_core.shell:Creating package script '/home/trace/ros2_ws/install/unitree_ros/share/unitree_ros/package.sh'
[42.714s] INFO:colcon.colcon_core.shell:Creating package script '/home/trace/ros2_ws/install/unitree_ros/share/unitree_ros/package.bash'
[42.715s] INFO:colcon.colcon_core.shell:Creating package script '/home/trace/ros2_ws/install/unitree_ros/share/unitree_ros/package.zsh'
[42.717s] Level 1:colcon.colcon_core.environment:create_file_with_runtime_dependencies(/home/trace/ros2_ws/install/unitree_ros/share/colcon-core/packages/unitree_ros)
[42.717s] DEBUG:colcon.colcon_parallel_executor.executor.parallel:closing loop
[42.718s] DEBUG:colcon.colcon_parallel_executor.executor.parallel:loop closed
[42.719s] DEBUG:colcon.colcon_parallel_executor.executor.parallel:run_until_complete finished with '0'
[42.719s] DEBUG:colcon.colcon_core.event_reactor:joining thread
[42.736s] INFO:colcon.colcon_core.plugin_system:Skipping extension 'colcon_notification.desktop_notification.terminal_notifier': Not used on non-Darwin systems
[42.737s] INFO:colcon.colcon_core.plugin_system:Skipping extension 'colcon_notification.desktop_notification.win32': Not used on non-Windows systems
[42.737s] INFO:colcon.colcon_notification.desktop_notification:Sending desktop notification using 'notify2'
[42.779s] DEBUG:colcon.colcon_core.event_reactor:joined thread
[42.780s] INFO:colcon.colcon_core.shell:Creating prefix script '/home/trace/ros2_ws/install/local_setup.ps1'
[42.784s] INFO:colcon.colcon_core.shell:Creating prefix util module '/home/trace/ros2_ws/install/_local_setup_util_ps1.py'
[42.789s] INFO:colcon.colcon_core.shell:Creating prefix chain script '/home/trace/ros2_ws/install/setup.ps1'
[42.792s] INFO:colcon.colcon_core.shell:Creating prefix script '/home/trace/ros2_ws/install/local_setup.sh'
[42.794s] INFO:colcon.colcon_core.shell:Creating prefix util module '/home/trace/ros2_ws/install/_local_setup_util_sh.py'
[42.796s] INFO:colcon.colcon_core.shell:Creating prefix chain script '/home/trace/ros2_ws/install/setup.sh'
[42.800s] INFO:colcon.colcon_core.shell:Creating prefix script '/home/trace/ros2_ws/install/local_setup.bash'
[42.802s] INFO:colcon.colcon_core.shell:Creating prefix chain script '/home/trace/ros2_ws/install/setup.bash'
[42.804s] INFO:colcon.colcon_core.shell:Creating prefix script '/home/trace/ros2_ws/install/local_setup.zsh'
[42.806s] INFO:colcon.colcon_core.shell:Creating prefix chain script '/home/trace/ros2_ws/install/setup.zsh'
